#
# A fatal error has been detected by the Java Runtime Environment:
#
#  SIGSEGV (0xb) at pc=0x00007fe6250aa9ac, pid=155788, tid=155809
#
# JRE version: Java(TM) SE Runtime Environment (20.0.2+9) (build 20.0.2+9-78)
# Java VM: Java HotSpot(TM) 64-Bit Server VM (20.0.2+9-78, mixed mode, sharing, tiered, compressed oops, compressed class ptrs, g1 gc, linux-amd64)
# Problematic frame:
# V  [libjvm.so+0x9469ac]  jni_GetCharArrayElements+0x9c
#
# No core dump will be written. Core dumps have been disabled. To enable core dumping, try "ulimit -c unlimited" before starting Java again
#
# If you would like to submit a bug report, please visit:
#   https://bugreport.java.com/bugreport/crash.jsp
#

---------------  S U M M A R Y ------------

Command Line: -Dfile.encoding=UTF-8 -Duser.country=US -Duser.language=en -Duser.variant com.serial4j.example.Launcher

Host: Intel(R) Core(TM) i3-7020U CPU @ 2.30GHz, 4 cores, 11G, Debian GNU/Linux 11 (bullseye)
Time: Wed Oct  4 06:31:51 2023 EAT elapsed time: 1.805185 seconds (0d 0h 0m 1s)

---------------  T H R E A D  ---------------

Current thread (0x00007fe620408720):  JavaThread "Thread-0" [_thread_in_vm, id=155809, stack(0x00007fe5f5315000,0x00007fe5f5415000)]

Stack: [0x00007fe5f5315000,0x00007fe5f5415000],  sp=0x00007fe5f5413730,  free space=1017k
Native frames: (J=compiled Java code, j=interpreted, Vv=VM code, C=native code)
V  [libjvm.so+0x9469ac]  jni_GetCharArrayElements+0x9c
C  [libserial4j.so+0x84dd]  JNIEnv_::GetCharArrayElements(_jcharArray*, unsigned char*)+0x37
C  [libserial4j.so+0x78ea]  JniUtils::getCharArrayStartAddress(JNIEnv_*, _jcharArray*)+0x28
C  [libserial4j.so+0x7d08]  Java_com_serial4j_core_terminal_NativeTerminalDevice_readData0+0x7b
j  com.serial4j.core.terminal.NativeTerminalDevice.readData0()J+0
j  com.serial4j.core.terminal.TerminalDevice.readData()J+4
j  com.serial4j.example.serial4j.HelloNativeSerial4J$1.run()V+11
j  java.lang.Thread.runWith(Ljava/lang/Object;Ljava/lang/Runnable;)V+5 java.base@20.0.2
j  java.lang.Thread.run()V+19 java.base@20.0.2
v  ~StubRoutines::call_stub 0x00007fe610402cc6
V  [libjvm.so+0x8a8a85]  JavaCalls::call_helper(JavaValue*, methodHandle const&, JavaCallArguments*, JavaThread*)+0x315
V  [libjvm.so+0x8aa3f2]  JavaCalls::call_virtual(JavaValue*, Handle, Klass*, Symbol*, Symbol*, JavaThread*)+0x1d2
V  [libjvm.so+0x97c29e]  thread_entry(JavaThread*, JavaThread*)+0x8e
V  [libjvm.so+0x8c03d8]  JavaThread::thread_main_inner() [clone .part.0]+0xb8
V  [libjvm.so+0xe5bae6]  Thread::call_run()+0xa6
V  [libjvm.so+0xc8a368]  thread_native_entry(Thread*)+0xd8
Java frames: (J=compiled Java code, j=interpreted, Vv=VM code)
j  com.serial4j.core.terminal.NativeTerminalDevice.readData0()J+0
j  com.serial4j.core.terminal.TerminalDevice.readData()J+4
j  com.serial4j.example.serial4j.HelloNativeSerial4J$1.run()V+11
j  java.lang.Thread.runWith(Ljava/lang/Object;Ljava/lang/Runnable;)V+5 java.base@20.0.2
j  java.lang.Thread.run()V+19 java.base@20.0.2
v  ~StubRoutines::call_stub 0x00007fe610402cc6

siginfo: si_signo: 11 (SIGSEGV), si_code: 1 (SEGV_MAPERR), si_addr: 0x0000000000000014

Registers:
RAX=0x0000000000000000, RBX=0x00007fe620408720, RCX=0x00007fe570004ab0, RDX=0x0000000000000000
RSP=0x00007fe5f5413730, RBP=0x00007fe5f5413760, RSI=0x00007fe570004ab0, RDI=0x00007fe570004ab0
R8 =0x00007fe6250aa910, R9 =0x00007fe620408720, R10=0x00007fe604501228, R11=0x00007fe6045084a6
R12=0x0000000000000008, R13=0x0000000000000000, R14=0x00007fe5f54138b8, R15=0x00007fe620408720
RIP=0x00007fe6250aa9ac, EFLAGS=0x0000000000010246, CSGSFS=0x002b000000000033, ERR=0x0000000000000004
  TRAPNO=0x000000000000000e


Register to memory mapping:

RAX=0x0 is NULL
RBX=0x00007fe620408720 is a thread
RCX=0x00007fe570004ab0 points into unknown readable memory: 0x0000000000000008 | 08 00 00 00 00 00 00 00
RDX=0x0 is NULL
RSP=0x00007fe5f5413730 is pointing into the stack for thread: 0x00007fe620408720
RBP=0x00007fe5f5413760 is pointing into the stack for thread: 0x00007fe620408720
RSI=0x00007fe570004ab0 points into unknown readable memory: 0x0000000000000008 | 08 00 00 00 00 00 00 00
RDI=0x00007fe570004ab0 points into unknown readable memory: 0x0000000000000008 | 08 00 00 00 00 00 00 00
R8 =0x00007fe6250aa910: <offset 0x0000000000946910> in /usr/lib/jvm/jdk-20/lib/server/libjvm.so at 0x00007fe624764000
R9 =0x00007fe620408720 is a thread
R10=0x00007fe604501228: <offset 0x0000000000001228> in /home/twisted/GradleProjects/Serial4j-v1/serial4j-examples/libs/bin/libserial4j.so at 0x00007fe604500000
R11=0x00007fe6045084a6: _ZN7JNIEnv_20GetCharArrayElementsEP11_jcharArrayPh+0x0000000000000000 in /home/twisted/GradleProjects/Serial4j-v1/serial4j-examples/libs/bin/libserial4j.so at 0x00007fe604500000
R12=0x0000000000000008 is an unknown value
R13=0x0 is NULL
R14=0x00007fe5f54138b8 is pointing into the stack for thread: 0x00007fe620408720
R15=0x00007fe620408720 is a thread


Top of Stack: (sp=0x00007fe5f5413730)
0x00007fe5f5413730:   00007fe5ec413528 00007fe5ec413528
0x00007fe5f5413740:   0000000000000000 00007fe5ec413528
0x00007fe5f5413750:   00007fe5f54138b8 00007fe620408720
0x00007fe5f5413760:   00007fe5f5413790 00007fe6045084dd
0x00007fe5f5413770:   00007fe5f54137b0 0000000000000000
0x00007fe5f5413780:   00007fe570004ab0 00007fe620408a00
0x00007fe5f5413790:   00007fe5f54137b0 00007fe6045078ea
0x00007fe5f54137a0:   00007fe570004ab0 00007fe620408a00
0x00007fe5f54137b0:   00007fe5f5413830 00007fe604507d08
0x00007fe5f54137c0:   00007fe5f54138b8 00007fe620408a00
0x00007fe5f54137d0:   0000000000000000 00000000000018b1
0x00007fe5f54137e0:   090004157f1c0300 170f12001a131100
0x00007fe5f54137f0:   0000000000000016 0000000000000000
0x00007fe5f5413800:   00001001f5413800 00007fe500001001
0x00007fe5f5413810:   0000000000000039 00007fe5ec413528
0x00007fe5f5413820:   00007fe570004ab0 00000009104235c4
0x00007fe5f5413830:   00007fe5f5413898 00007fe610423728
0x00007fe5f5413840:   0000000000000000 00007fe6104233d6
0x00007fe5f5413850:   00007fe5f5413850 00007fe5ec413528
0x00007fe5f5413860:   00007fe5f54138b8 00007fe5ec4139f0
0x00007fe5f5413870:   0000000000000000 00000007524856a8
0x00007fe5f5413880:   00007fe5ec413528 0000000000000000
0x00007fe5f5413890:   00007fe5f54138b8 00007fe5f5413908
0x00007fe5f54138a0:   00007fe61041f479 0000000000000000
0x00007fe5f54138b0:   00007fe610421076 00000007525de1e8
0x00007fe5f54138c0:   00007fe5f54138c0 00007fe5ec410ad4
0x00007fe5f54138d0:   00007fe5f5413918 00007fe5ec4117c8
0x00007fe5f54138e0:   0000000000000000 0000000752719330
0x00007fe5f54138f0:   00007fe5ec410af0 00007fe5f54138b8
0x00007fe5f5413900:   00007fe5f5413918 00007fe5f5413968
0x00007fe5f5413910:   00007fe61041f479 0000000752483580
0x00007fe5f5413920:   00007fe5f5413920 00007fe5ec43e14b 

Instructions: (pc=0x00007fe6250aa9ac)
0x00007fe6250aa8ac:   89 e7 e8 ed f8 95 ff 4d 85 ed 0f 84 1f ff ff ff
0x00007fe6250aa8bc:   41 c6 45 00 01 e9 15 ff ff ff 66 2e 0f 1f 84 00
0x00007fe6250aa8cc:   00 00 00 00 48 89 df e8 e8 bd f7 ff e9 ad fe ff
0x00007fe6250aa8dc:   ff 0f 1f 00 31 d2 be 01 00 00 00 48 89 df e8 a1
0x00007fe6250aa8ec:   3a 3f 00 e9 88 fe ff ff 0f 1f 40 00 48 89 df e8
0x00007fe6250aa8fc:   60 af f7 ff e9 4d fe ff ff 66 66 2e 0f 1f 84 00
0x00007fe6250aa90c:   00 00 00 00 55 48 89 e5 41 57 41 56 41 55 49 89
0x00007fe6250aa91c:   d5 41 54 49 89 f4 53 48 8d 9f 20 fd ff ff 48 83
0x00007fe6250aa92c:   ec 08 8b 83 98 03 00 00 2d ad de 00 00 83 f8 01
0x00007fe6250aa93c:   0f 86 a6 01 00 00 48 8d 05 9f d5 9e 00 80 38 00
0x00007fe6250aa94c:   c7 83 74 03 00 00 06 00 00 00 75 05 f0 83 04 24
0x00007fe6250aa95c:   00 48 8b 83 78 03 00 00 a8 01 0f 85 64 01 00 00
0x00007fe6250aa96c:   8b 83 70 03 00 00 a8 0c 0f 85 46 01 00 00 c7 83
0x00007fe6250aa97c:   74 03 00 00 06 00 00 00 41 f6 c4 01 0f 84 b2 00
0x00007fe6250aa98c:   00 00 49 8d 7c 24 ff ff 15 c7 64 9a 00 49 89 c4
0x00007fe6250aa99c:   48 8d 05 8a d7 9e 00 80 38 01 48 19 c0 83 e0 04
0x00007fe6250aa9ac:   41 8b 44 04 0c 85 c0 0f 85 9f 00 00 00 4d 85 ed
0x00007fe6250aa9bc:   74 05 41 c6 45 00 00 e8 68 84 ff ff 49 89 c6 4c
0x00007fe6250aa9cc:   8b a3 d8 00 00 00 49 8b 44 24 10 48 83 38 00 74
0x00007fe6250aa9dc:   0d 4c 89 e7 e8 2b f0 ee ff 49 8b 44 24 10 49 8b
0x00007fe6250aa9ec:   54 24 08 48 8d bb c0 02 00 00 48 89 42 10 49 8b
0x00007fe6250aa9fc:   44 24 08 49 8b 54 24 18 48 89 50 18 49 8b 44 24
0x00007fe6250aaa0c:   08 49 8b 54 24 20 48 89 50 20 e8 c5 c1 de ff c7
0x00007fe6250aaa1c:   83 74 03 00 00 04 00 00 00 48 83 c4 08 4c 89 f0
0x00007fe6250aaa2c:   5b 41 5c 41 5d 41 5e 41 5f 5d c3 66 0f 1f 84 00
0x00007fe6250aaa3c:   00 00 00 00 4c 89 e7 ff 15 c7 15 9a 00 49 89 c4
0x00007fe6250aaa4c:   e9 4b ff ff ff 0f 1f 80 00 00 00 00 4c 63 f8 ba
0x00007fe6250aaa5c:   01 00 00 00 be 09 00 00 00 4b 8d 3c 3f e8 42 1f
0x00007fe6250aaa6c:   aa ff 49 89 c6 48 85 c0 0f 84 51 ff ff ff 48 8d
0x00007fe6250aaa7c:   05 ac d6 9e 00 4c 89 fa 4c 89 f6 80 38 01 48 19
0x00007fe6250aaa8c:   c0 83 e0 08 4d 85 e4 49 8d 44 04 10 4c 0f 45 e0
0x00007fe6250aaa9c:   4c 89 e7 e8 1c f7 95 ff 4d 85 ed 0f 84 1e ff ff 


Stack slot to memory mapping:
stack at sp + 0 slots: {method} {0x00007fe5ec413528} 'readData0' '()J' in 'com/serial4j/core/terminal/NativeTerminalDevice'
stack at sp + 1 slots: {method} {0x00007fe5ec413528} 'readData0' '()J' in 'com/serial4j/core/terminal/NativeTerminalDevice'
stack at sp + 2 slots: 0x0 is NULL
stack at sp + 3 slots: {method} {0x00007fe5ec413528} 'readData0' '()J' in 'com/serial4j/core/terminal/NativeTerminalDevice'
stack at sp + 4 slots: 0x00007fe5f54138b8 is pointing into the stack for thread: 0x00007fe620408720
stack at sp + 5 slots: 0x00007fe620408720 is a thread
stack at sp + 6 slots: 0x00007fe5f5413790 is pointing into the stack for thread: 0x00007fe620408720
stack at sp + 7 slots: 0x00007fe6045084dd: _ZN7JNIEnv_20GetCharArrayElementsEP11_jcharArrayPh+0x0000000000000037 in /home/twisted/GradleProjects/Serial4j-v1/serial4j-examples/libs/bin/libserial4j.so at 0x00007fe604500000


---------------  P R O C E S S  ---------------

Threads class SMR info:
_java_thread_list=0x00007fe62040a490, length=12, elements={
0x00007fe620132270, 0x00007fe6201337a0, 0x00007fe620135280, 0x00007fe620136710,
0x00007fe620137b90, 0x00007fe6201395b0, 0x00007fe62013ab50, 0x00007fe620151a90,
0x00007fe620156140, 0x00007fe620408720, 0x00007fe620409380, 0x00007fe62002b4a0
}

Java Threads: ( => current thread )
  0x00007fe620132270 JavaThread "Reference Handler" daemon [_thread_blocked, id=155798, stack(0x00007fe6040ee000,0x00007fe6041ee000)]
  0x00007fe6201337a0 JavaThread "Finalizer" daemon [_thread_blocked, id=155799, stack(0x00007fe5f5c17000,0x00007fe5f5d17000)]
  0x00007fe620135280 JavaThread "Signal Dispatcher" daemon [_thread_blocked, id=155800, stack(0x00007fe5f5b17000,0x00007fe5f5c17000)]
  0x00007fe620136710 JavaThread "Service Thread" daemon [_thread_blocked, id=155801, stack(0x00007fe5f5a17000,0x00007fe5f5b17000)]
  0x00007fe620137b90 JavaThread "Monitor Deflation Thread" daemon [_thread_blocked, id=155802, stack(0x00007fe5f5917000,0x00007fe5f5a17000)]
  0x00007fe6201395b0 JavaThread "C2 CompilerThread0" daemon [_thread_blocked, id=155803, stack(0x00007fe5f5817000,0x00007fe5f5917000)]
  0x00007fe62013ab50 JavaThread "C1 CompilerThread0" daemon [_thread_blocked, id=155804, stack(0x00007fe5f5717000,0x00007fe5f5817000)]
  0x00007fe620151a90 JavaThread "Notification Thread" daemon [_thread_blocked, id=155805, stack(0x00007fe5f5617000,0x00007fe5f5717000)]
  0x00007fe620156140 JavaThread "Common-Cleaner" daemon [_thread_blocked, id=155807, stack(0x00007fe5f5415000,0x00007fe5f5515000)]
=>0x00007fe620408720 JavaThread "Thread-0" [_thread_in_vm, id=155809, stack(0x00007fe5f5315000,0x00007fe5f5415000)]
  0x00007fe620409380 JavaThread "Thread-1" [_thread_blocked, id=155810, stack(0x00007fe5f4ffb000,0x00007fe5f50fb000)]
  0x00007fe62002b4a0 JavaThread "DestroyJavaVM" [_thread_blocked, id=155790, stack(0x00007fe624580000,0x00007fe624680000)]

Other Threads:
  0x00007fe6201257f0 VMThread "VM Thread" [stack: 0x00007fe6041f0000,0x00007fe6042f0000] [id=155797]
  0x00007fe6201538c0 WatcherThread "VM Periodic Task Thread" [stack: 0x00007fe5f5517000,0x00007fe5f5617000] [id=155806]
  0x00007fe620085f00 WorkerThread "GC Thread#0" [stack: 0x00007fe604d27000,0x00007fe604e27000] [id=155792]
  0x00007fe620092dd0 ConcurrentGCThread "G1 Main Marker" [stack: 0x00007fe604c25000,0x00007fe604d25000] [id=155793]
  0x00007fe620093cf0 WorkerThread "G1 Conc#0" [stack: 0x00007fe604b23000,0x00007fe604c23000] [id=155794]
  0x00007fe6200f3fd0 ConcurrentGCThread "G1 Refine#0" [stack: 0x00007fe60461d000,0x00007fe60471d000] [id=155795]
  0x00007fe6200f4f10 ConcurrentGCThread "G1 Service" [stack: 0x00007fe60451b000,0x00007fe60461b000] [id=155796]

Threads with active compile tasks:

VM state: not at safepoint (normal execution)

VM Mutex/Monitor currently owned by a thread: None

Heap address: 0x0000000746e00000, size: 2962 MB, Compressed Oops mode: Zero based, Oop shift amount: 3

CDS archive(s) mapped at: [0x00007fe5a7000000-0x00007fe5a7c7e000-0x00007fe5a7c7e000), size 13099008, SharedBaseAddress: 0x00007fe5a7000000, ArchiveRelocationMode: 1.
Compressed class space mapped at: 0x00007fe5a8000000-0x00007fe5e8000000, reserved size: 1073741824
Narrow klass base: 0x00007fe5a7000000, Narrow klass shift: 0, Narrow klass range: 0x100000000

GC Precious Log:
 CardTable entry size: 512
 Card Set container configuration: InlinePtr #cards 4 size 8 Array Of Cards #cards 16 size 48 Howl #buckets 8 coarsen threshold 3686 Howl Bitmap #cards 512 size 80 coarsen threshold 460 Card regions per heap region 1 cards per card region 4096
 CPUs: 4 total, 4 available
 Memory: 11843M
 Large Page Support: Disabled
 NUMA Support: Disabled
 Compressed Oops: Enabled (Zero based)
 Heap Region Size: 2M
 Heap Min Capacity: 8M
 Heap Initial Capacity: 186M
 Heap Max Capacity: 2962M
 Pre-touch: Disabled
 Parallel Workers: 4
 Concurrent Workers: 1
 Concurrent Refinement Workers: 4
 Periodic GC: Disabled

Heap:
 garbage-first heap   total 194560K, used 6128K [0x0000000746e00000, 0x0000000800000000)
  region size 2048K, 3 young (6144K), 0 survivors (0K)
 Metaspace       used 1321K, committed 1536K, reserved 1114112K
  class space    used 143K, committed 256K, reserved 1048576K

Heap Regions: E=young(eden), S=young(survivor), O=old, HS=humongous(starts), HC=humongous(continues), CS=collection set, F=free, OA=open archive, CA=closed archive, TAMS=top-at-mark-start, PB=parsable bottom
|   0|0x0000000746e00000, 0x0000000746e00000, 0x0000000747000000|  0%| F|  |TAMS 0x0000000746e00000| PB 0x0000000746e00000| Untracked 
|   1|0x0000000747000000, 0x0000000747000000, 0x0000000747200000|  0%| F|  |TAMS 0x0000000747000000| PB 0x0000000747000000| Untracked 
|   2|0x0000000747200000, 0x0000000747200000, 0x0000000747400000|  0%| F|  |TAMS 0x0000000747200000| PB 0x0000000747200000| Untracked 
|   3|0x0000000747400000, 0x0000000747400000, 0x0000000747600000|  0%| F|  |TAMS 0x0000000747400000| PB 0x0000000747400000| Untracked 
|   4|0x0000000747600000, 0x0000000747600000, 0x0000000747800000|  0%| F|  |TAMS 0x0000000747600000| PB 0x0000000747600000| Untracked 
|   5|0x0000000747800000, 0x0000000747800000, 0x0000000747a00000|  0%| F|  |TAMS 0x0000000747800000| PB 0x0000000747800000| Untracked 
|   6|0x0000000747a00000, 0x0000000747a00000, 0x0000000747c00000|  0%| F|  |TAMS 0x0000000747a00000| PB 0x0000000747a00000| Untracked 
|   7|0x0000000747c00000, 0x0000000747c00000, 0x0000000747e00000|  0%| F|  |TAMS 0x0000000747c00000| PB 0x0000000747c00000| Untracked 
|   8|0x0000000747e00000, 0x0000000747e00000, 0x0000000748000000|  0%| F|  |TAMS 0x0000000747e00000| PB 0x0000000747e00000| Untracked 
|   9|0x0000000748000000, 0x0000000748000000, 0x0000000748200000|  0%| F|  |TAMS 0x0000000748000000| PB 0x0000000748000000| Untracked 
|  10|0x0000000748200000, 0x0000000748200000, 0x0000000748400000|  0%| F|  |TAMS 0x0000000748200000| PB 0x0000000748200000| Untracked 
|  11|0x0000000748400000, 0x0000000748400000, 0x0000000748600000|  0%| F|  |TAMS 0x0000000748400000| PB 0x0000000748400000| Untracked 
|  12|0x0000000748600000, 0x0000000748600000, 0x0000000748800000|  0%| F|  |TAMS 0x0000000748600000| PB 0x0000000748600000| Untracked 
|  13|0x0000000748800000, 0x0000000748800000, 0x0000000748a00000|  0%| F|  |TAMS 0x0000000748800000| PB 0x0000000748800000| Untracked 
|  14|0x0000000748a00000, 0x0000000748a00000, 0x0000000748c00000|  0%| F|  |TAMS 0x0000000748a00000| PB 0x0000000748a00000| Untracked 
|  15|0x0000000748c00000, 0x0000000748c00000, 0x0000000748e00000|  0%| F|  |TAMS 0x0000000748c00000| PB 0x0000000748c00000| Untracked 
|  16|0x0000000748e00000, 0x0000000748e00000, 0x0000000749000000|  0%| F|  |TAMS 0x0000000748e00000| PB 0x0000000748e00000| Untracked 
|  17|0x0000000749000000, 0x0000000749000000, 0x0000000749200000|  0%| F|  |TAMS 0x0000000749000000| PB 0x0000000749000000| Untracked 
|  18|0x0000000749200000, 0x0000000749200000, 0x0000000749400000|  0%| F|  |TAMS 0x0000000749200000| PB 0x0000000749200000| Untracked 
|  19|0x0000000749400000, 0x0000000749400000, 0x0000000749600000|  0%| F|  |TAMS 0x0000000749400000| PB 0x0000000749400000| Untracked 
|  20|0x0000000749600000, 0x0000000749600000, 0x0000000749800000|  0%| F|  |TAMS 0x0000000749600000| PB 0x0000000749600000| Untracked 
|  21|0x0000000749800000, 0x0000000749800000, 0x0000000749a00000|  0%| F|  |TAMS 0x0000000749800000| PB 0x0000000749800000| Untracked 
|  22|0x0000000749a00000, 0x0000000749a00000, 0x0000000749c00000|  0%| F|  |TAMS 0x0000000749a00000| PB 0x0000000749a00000| Untracked 
|  23|0x0000000749c00000, 0x0000000749c00000, 0x0000000749e00000|  0%| F|  |TAMS 0x0000000749c00000| PB 0x0000000749c00000| Untracked 
|  24|0x0000000749e00000, 0x0000000749e00000, 0x000000074a000000|  0%| F|  |TAMS 0x0000000749e00000| PB 0x0000000749e00000| Untracked 
|  25|0x000000074a000000, 0x000000074a000000, 0x000000074a200000|  0%| F|  |TAMS 0x000000074a000000| PB 0x000000074a000000| Untracked 
|  26|0x000000074a200000, 0x000000074a200000, 0x000000074a400000|  0%| F|  |TAMS 0x000000074a200000| PB 0x000000074a200000| Untracked 
|  27|0x000000074a400000, 0x000000074a400000, 0x000000074a600000|  0%| F|  |TAMS 0x000000074a400000| PB 0x000000074a400000| Untracked 
|  28|0x000000074a600000, 0x000000074a600000, 0x000000074a800000|  0%| F|  |TAMS 0x000000074a600000| PB 0x000000074a600000| Untracked 
|  29|0x000000074a800000, 0x000000074a800000, 0x000000074aa00000|  0%| F|  |TAMS 0x000000074a800000| PB 0x000000074a800000| Untracked 
|  30|0x000000074aa00000, 0x000000074aa00000, 0x000000074ac00000|  0%| F|  |TAMS 0x000000074aa00000| PB 0x000000074aa00000| Untracked 
|  31|0x000000074ac00000, 0x000000074ac00000, 0x000000074ae00000|  0%| F|  |TAMS 0x000000074ac00000| PB 0x000000074ac00000| Untracked 
|  32|0x000000074ae00000, 0x000000074ae00000, 0x000000074b000000|  0%| F|  |TAMS 0x000000074ae00000| PB 0x000000074ae00000| Untracked 
|  33|0x000000074b000000, 0x000000074b000000, 0x000000074b200000|  0%| F|  |TAMS 0x000000074b000000| PB 0x000000074b000000| Untracked 
|  34|0x000000074b200000, 0x000000074b200000, 0x000000074b400000|  0%| F|  |TAMS 0x000000074b200000| PB 0x000000074b200000| Untracked 
|  35|0x000000074b400000, 0x000000074b400000, 0x000000074b600000|  0%| F|  |TAMS 0x000000074b400000| PB 0x000000074b400000| Untracked 
|  36|0x000000074b600000, 0x000000074b600000, 0x000000074b800000|  0%| F|  |TAMS 0x000000074b600000| PB 0x000000074b600000| Untracked 
|  37|0x000000074b800000, 0x000000074b800000, 0x000000074ba00000|  0%| F|  |TAMS 0x000000074b800000| PB 0x000000074b800000| Untracked 
|  38|0x000000074ba00000, 0x000000074ba00000, 0x000000074bc00000|  0%| F|  |TAMS 0x000000074ba00000| PB 0x000000074ba00000| Untracked 
|  39|0x000000074bc00000, 0x000000074bc00000, 0x000000074be00000|  0%| F|  |TAMS 0x000000074bc00000| PB 0x000000074bc00000| Untracked 
|  40|0x000000074be00000, 0x000000074be00000, 0x000000074c000000|  0%| F|  |TAMS 0x000000074be00000| PB 0x000000074be00000| Untracked 
|  41|0x000000074c000000, 0x000000074c000000, 0x000000074c200000|  0%| F|  |TAMS 0x000000074c000000| PB 0x000000074c000000| Untracked 
|  42|0x000000074c200000, 0x000000074c200000, 0x000000074c400000|  0%| F|  |TAMS 0x000000074c200000| PB 0x000000074c200000| Untracked 
|  43|0x000000074c400000, 0x000000074c400000, 0x000000074c600000|  0%| F|  |TAMS 0x000000074c400000| PB 0x000000074c400000| Untracked 
|  44|0x000000074c600000, 0x000000074c600000, 0x000000074c800000|  0%| F|  |TAMS 0x000000074c600000| PB 0x000000074c600000| Untracked 
|  45|0x000000074c800000, 0x000000074c800000, 0x000000074ca00000|  0%| F|  |TAMS 0x000000074c800000| PB 0x000000074c800000| Untracked 
|  46|0x000000074ca00000, 0x000000074ca00000, 0x000000074cc00000|  0%| F|  |TAMS 0x000000074ca00000| PB 0x000000074ca00000| Untracked 
|  47|0x000000074cc00000, 0x000000074cc00000, 0x000000074ce00000|  0%| F|  |TAMS 0x000000074cc00000| PB 0x000000074cc00000| Untracked 
|  48|0x000000074ce00000, 0x000000074ce00000, 0x000000074d000000|  0%| F|  |TAMS 0x000000074ce00000| PB 0x000000074ce00000| Untracked 
|  49|0x000000074d000000, 0x000000074d000000, 0x000000074d200000|  0%| F|  |TAMS 0x000000074d000000| PB 0x000000074d000000| Untracked 
|  50|0x000000074d200000, 0x000000074d200000, 0x000000074d400000|  0%| F|  |TAMS 0x000000074d200000| PB 0x000000074d200000| Untracked 
|  51|0x000000074d400000, 0x000000074d400000, 0x000000074d600000|  0%| F|  |TAMS 0x000000074d400000| PB 0x000000074d400000| Untracked 
|  52|0x000000074d600000, 0x000000074d600000, 0x000000074d800000|  0%| F|  |TAMS 0x000000074d600000| PB 0x000000074d600000| Untracked 
|  53|0x000000074d800000, 0x000000074d800000, 0x000000074da00000|  0%| F|  |TAMS 0x000000074d800000| PB 0x000000074d800000| Untracked 
|  54|0x000000074da00000, 0x000000074da00000, 0x000000074dc00000|  0%| F|  |TAMS 0x000000074da00000| PB 0x000000074da00000| Untracked 
|  55|0x000000074dc00000, 0x000000074dc00000, 0x000000074de00000|  0%| F|  |TAMS 0x000000074dc00000| PB 0x000000074dc00000| Untracked 
|  56|0x000000074de00000, 0x000000074de00000, 0x000000074e000000|  0%| F|  |TAMS 0x000000074de00000| PB 0x000000074de00000| Untracked 
|  57|0x000000074e000000, 0x000000074e000000, 0x000000074e200000|  0%| F|  |TAMS 0x000000074e000000| PB 0x000000074e000000| Untracked 
|  58|0x000000074e200000, 0x000000074e200000, 0x000000074e400000|  0%| F|  |TAMS 0x000000074e200000| PB 0x000000074e200000| Untracked 
|  59|0x000000074e400000, 0x000000074e400000, 0x000000074e600000|  0%| F|  |TAMS 0x000000074e400000| PB 0x000000074e400000| Untracked 
|  60|0x000000074e600000, 0x000000074e600000, 0x000000074e800000|  0%| F|  |TAMS 0x000000074e600000| PB 0x000000074e600000| Untracked 
|  61|0x000000074e800000, 0x000000074e800000, 0x000000074ea00000|  0%| F|  |TAMS 0x000000074e800000| PB 0x000000074e800000| Untracked 
|  62|0x000000074ea00000, 0x000000074ea00000, 0x000000074ec00000|  0%| F|  |TAMS 0x000000074ea00000| PB 0x000000074ea00000| Untracked 
|  63|0x000000074ec00000, 0x000000074ec00000, 0x000000074ee00000|  0%| F|  |TAMS 0x000000074ec00000| PB 0x000000074ec00000| Untracked 
|  64|0x000000074ee00000, 0x000000074ee00000, 0x000000074f000000|  0%| F|  |TAMS 0x000000074ee00000| PB 0x000000074ee00000| Untracked 
|  65|0x000000074f000000, 0x000000074f000000, 0x000000074f200000|  0%| F|  |TAMS 0x000000074f000000| PB 0x000000074f000000| Untracked 
|  66|0x000000074f200000, 0x000000074f200000, 0x000000074f400000|  0%| F|  |TAMS 0x000000074f200000| PB 0x000000074f200000| Untracked 
|  67|0x000000074f400000, 0x000000074f400000, 0x000000074f600000|  0%| F|  |TAMS 0x000000074f400000| PB 0x000000074f400000| Untracked 
|  68|0x000000074f600000, 0x000000074f600000, 0x000000074f800000|  0%| F|  |TAMS 0x000000074f600000| PB 0x000000074f600000| Untracked 
|  69|0x000000074f800000, 0x000000074f800000, 0x000000074fa00000|  0%| F|  |TAMS 0x000000074f800000| PB 0x000000074f800000| Untracked 
|  70|0x000000074fa00000, 0x000000074fa00000, 0x000000074fc00000|  0%| F|  |TAMS 0x000000074fa00000| PB 0x000000074fa00000| Untracked 
|  71|0x000000074fc00000, 0x000000074fc00000, 0x000000074fe00000|  0%| F|  |TAMS 0x000000074fc00000| PB 0x000000074fc00000| Untracked 
|  72|0x000000074fe00000, 0x000000074fe00000, 0x0000000750000000|  0%| F|  |TAMS 0x000000074fe00000| PB 0x000000074fe00000| Untracked 
|  73|0x0000000750000000, 0x0000000750000000, 0x0000000750200000|  0%| F|  |TAMS 0x0000000750000000| PB 0x0000000750000000| Untracked 
|  74|0x0000000750200000, 0x0000000750200000, 0x0000000750400000|  0%| F|  |TAMS 0x0000000750200000| PB 0x0000000750200000| Untracked 
|  75|0x0000000750400000, 0x0000000750400000, 0x0000000750600000|  0%| F|  |TAMS 0x0000000750400000| PB 0x0000000750400000| Untracked 
|  76|0x0000000750600000, 0x0000000750600000, 0x0000000750800000|  0%| F|  |TAMS 0x0000000750600000| PB 0x0000000750600000| Untracked 
|  77|0x0000000750800000, 0x0000000750800000, 0x0000000750a00000|  0%| F|  |TAMS 0x0000000750800000| PB 0x0000000750800000| Untracked 
|  78|0x0000000750a00000, 0x0000000750a00000, 0x0000000750c00000|  0%| F|  |TAMS 0x0000000750a00000| PB 0x0000000750a00000| Untracked 
|  79|0x0000000750c00000, 0x0000000750c00000, 0x0000000750e00000|  0%| F|  |TAMS 0x0000000750c00000| PB 0x0000000750c00000| Untracked 
|  80|0x0000000750e00000, 0x0000000750e00000, 0x0000000751000000|  0%| F|  |TAMS 0x0000000750e00000| PB 0x0000000750e00000| Untracked 
|  81|0x0000000751000000, 0x0000000751000000, 0x0000000751200000|  0%| F|  |TAMS 0x0000000751000000| PB 0x0000000751000000| Untracked 
|  82|0x0000000751200000, 0x0000000751200000, 0x0000000751400000|  0%| F|  |TAMS 0x0000000751200000| PB 0x0000000751200000| Untracked 
|  83|0x0000000751400000, 0x0000000751400000, 0x0000000751600000|  0%| F|  |TAMS 0x0000000751400000| PB 0x0000000751400000| Untracked 
|  84|0x0000000751600000, 0x0000000751600000, 0x0000000751800000|  0%| F|  |TAMS 0x0000000751600000| PB 0x0000000751600000| Untracked 
|  85|0x0000000751800000, 0x0000000751800000, 0x0000000751a00000|  0%| F|  |TAMS 0x0000000751800000| PB 0x0000000751800000| Untracked 
|  86|0x0000000751a00000, 0x0000000751a00000, 0x0000000751c00000|  0%| F|  |TAMS 0x0000000751a00000| PB 0x0000000751a00000| Untracked 
|  87|0x0000000751c00000, 0x0000000751c00000, 0x0000000751e00000|  0%| F|  |TAMS 0x0000000751c00000| PB 0x0000000751c00000| Untracked 
|  88|0x0000000751e00000, 0x0000000751e00000, 0x0000000752000000|  0%| F|  |TAMS 0x0000000751e00000| PB 0x0000000751e00000| Untracked 
|  89|0x0000000752000000, 0x0000000752000000, 0x0000000752200000|  0%| F|  |TAMS 0x0000000752000000| PB 0x0000000752000000| Untracked 
|  90|0x0000000752200000, 0x0000000752333c98, 0x0000000752400000| 60%| E|  |TAMS 0x0000000752200000| PB 0x0000000752200000| Complete 
|  91|0x0000000752400000, 0x0000000752600000, 0x0000000752600000|100%| E|CS|TAMS 0x0000000752400000| PB 0x0000000752400000| Complete 
|  92|0x0000000752600000, 0x0000000752800000, 0x0000000752800000|100%| E|CS|TAMS 0x0000000752600000| PB 0x0000000752600000| Complete 
|1479|0x00000007ffc00000, 0x00000007ffd79000, 0x00000007ffe00000| 73%|OA|  |TAMS 0x00000007ffc00000| PB 0x00000007ffc00000| Untracked 
|1480|0x00000007ffe00000, 0x00000007ffe83000, 0x0000000800000000| 25%|CA|  |TAMS 0x00000007ffe00000| PB 0x00000007ffe00000| Untracked 

Card table byte_map: [0x00007fe608238000,0x00007fe608801000] _byte_map_base: 0x00007fe604801000

Marking Bits: (CMBitMap*) 0x00007fe620086990
 Bits: [0x00007fe604e27000, 0x00007fe607c6f000)

Polling page: 0x00007fe625d13000

Metaspace:

Usage:
  Non-class:      1.15 MB used.
      Class:    143.67 KB used.
       Both:      1.29 MB used.

Virtual space:
  Non-class space:       64.00 MB reserved,       1.25 MB (  2%) committed,  1 nodes.
      Class space:        1.00 GB reserved,     256.00 KB ( <1%) committed,  1 nodes.
             Both:        1.06 GB reserved,       1.50 MB ( <1%) committed. 

Chunk freelists:
   Non-Class:  3.71 MB
       Class:  3.65 MB
        Both:  7.36 MB

MaxMetaspaceSize: unlimited
CompressedClassSpaceSize: 1.00 GB
Initial GC threshold: 21.00 MB
Current GC threshold: 21.00 MB
CDS: on
MetaspaceReclaimPolicy: balanced
 - commit_granule_bytes: 65536.
 - commit_granule_words: 8192.
 - virtual_space_node_default_size: 8388608.
 - enlarge_chunks_in_place: 1.
 - new_chunks_are_fully_committed: 0.
 - uncommit_free_chunks: 1.
 - use_allocation_guard: 0.


Internal statistics:

num_allocs_failed_limit: 0.
num_arena_births: 124.
num_arena_deaths: 0.
num_vsnodes_births: 2.
num_vsnodes_deaths: 0.
num_space_committed: 24.
num_space_uncommitted: 0.
num_chunks_returned_to_freelist: 0.
num_chunks_taken_from_freelist: 168.
num_chunk_merges: 0.
num_chunk_splits: 97.
num_chunks_enlarged: 36.
num_inconsistent_stats: 0.

CodeHeap 'non-profiled nmethods': size=120032Kb used=170Kb max_used=170Kb free=119861Kb
 bounds [0x00007fe610993000, 0x00007fe610c03000, 0x00007fe617ecb000]
CodeHeap 'profiled nmethods': size=120028Kb used=722Kb max_used=722Kb free=119305Kb
 bounds [0x00007fe608ecb000, 0x00007fe60913b000, 0x00007fe610402000]
CodeHeap 'non-nmethods': size=5700Kb used=1360Kb max_used=1373Kb free=4339Kb
 bounds [0x00007fe610402000, 0x00007fe610672000, 0x00007fe610993000]
 total_blobs=964 nmethods=541 adapters=335
 compilation: enabled
              stopped_count=0, restarted_count=0
 full_count=0

Compilation events (20 events):
Event: 1.395 Thread 0x00007fe62013ab50  530       3       jdk.internal.org.objectweb.asm.ByteVector::<init> (13 bytes)
Event: 1.396 Thread 0x00007fe62013ab50 nmethod 530 0x00007fe608f7c910 code [0x00007fe608f7caa0, 0x00007fe608f7cd08]
Event: 1.396 Thread 0x00007fe62013ab50  532       3       jdk.internal.org.objectweb.asm.SymbolTable::addConstantNameAndType (137 bytes)
Event: 1.397 Thread 0x00007fe62013ab50 nmethod 532 0x00007fe608f7ce10 code [0x00007fe608f7d040, 0x00007fe608f7d730]
Event: 1.398 Thread 0x00007fe62013ab50  534       3       java.util.ImmutableCollections$ListN::get (7 bytes)
Event: 1.398 Thread 0x00007fe62013ab50 nmethod 534 0x00007fe608f7db90 code [0x00007fe608f7dd20, 0x00007fe608f7de58]
Event: 1.398 Thread 0x00007fe62013ab50  537       3       jdk.internal.org.objectweb.asm.ByteVector::putInt (74 bytes)
Event: 1.398 Thread 0x00007fe62013ab50 nmethod 537 0x00007fe608f7df10 code [0x00007fe608f7e0c0, 0x00007fe608f7e318]
Event: 1.398 Thread 0x00007fe62013ab50  531       3       java.lang.invoke.InvokerBytecodeGenerator::getInternalName (103 bytes)
Event: 1.399 Thread 0x00007fe62013ab50 nmethod 531 0x00007fe608f7e490 code [0x00007fe608f7e680, 0x00007fe608f7ebd8]
Event: 1.399 Thread 0x00007fe62013ab50  533       3       jdk.internal.org.objectweb.asm.SymbolTable$Entry::<init> (20 bytes)
Event: 1.399 Thread 0x00007fe62013ab50 nmethod 533 0x00007fe608f7ed10 code [0x00007fe608f7eea0, 0x00007fe608f7eff0]
Event: 1.399 Thread 0x00007fe62013ab50  527       3       jdk.internal.org.objectweb.asm.AnnotationWriter::putAnnotations (67 bytes)
Event: 1.400 Thread 0x00007fe62013ab50 nmethod 527 0x00007fe608f7f110 code [0x00007fe608f7f300, 0x00007fe608f7f6d0]
Event: 1.400 Thread 0x00007fe62013ab50  528       1       jdk.internal.org.objectweb.asm.MethodWriter::hasAsmInstructions (5 bytes)
Event: 1.400 Thread 0x00007fe62013ab50 nmethod 528 0x00007fe6109bd010 code [0x00007fe6109bd180, 0x00007fe6109bd248]
Event: 1.400 Thread 0x00007fe62013ab50  540       1       jdk.internal.loader.URLClassPath$Loader::getBaseURL (5 bytes)
Event: 1.400 Thread 0x00007fe62013ab50 nmethod 540 0x00007fe6109bd310 code [0x00007fe6109bd480, 0x00007fe6109bd548]
Event: 1.401 Thread 0x00007fe62013ab50  541       1       java.security.CodeSource::getLocation (5 bytes)
Event: 1.401 Thread 0x00007fe62013ab50 nmethod 541 0x00007fe6109bd610 code [0x00007fe6109bd780, 0x00007fe6109bd848]

GC Heap History (0 events):
No events

Dll operation events (6 events):
Event: 0.002 Loaded shared library /usr/lib/jvm/jdk-20/lib/libjava.so
Event: 0.034 Loaded shared library /usr/lib/jvm/jdk-20/lib/libjsvml.so
Event: 0.076 Loaded shared library /usr/lib/jvm/jdk-20/lib/libnio.so
Event: 0.079 Loaded shared library /usr/lib/jvm/jdk-20/lib/libzip.so
Event: 0.144 Loaded shared library /usr/lib/jvm/jdk-20/lib/libjimage.so
Event: 0.296 Loaded shared library /home/twisted/GradleProjects/Serial4j-v1/serial4j-examples/libs/bin/libserial4j.so

Deoptimization events (18 events):
Event: 0.195 Thread 0x00007fe62002b4a0 DEOPT PACKING pc=0x00007fe608ecfdca sp=0x00007fe62467c920
Event: 0.195 Thread 0x00007fe62002b4a0 DEOPT UNPACKING pc=0x00007fe61046b9af sp=0x00007fe62467bd60 mode 0
Event: 0.247 Thread 0x00007fe62002b4a0 DEOPT PACKING pc=0x00007fe608ecd13e sp=0x00007fe62467c770
Event: 0.247 Thread 0x00007fe62002b4a0 DEOPT UNPACKING pc=0x00007fe61046b9af sp=0x00007fe62467bc08 mode 0
Event: 0.297 Thread 0x00007fe62002b4a0 Uncommon trap: trap_request=0xffffff76 fr.pc=0x00007fe6109b2ad8 relative=0x00000000000001b8
Event: 0.297 Thread 0x00007fe62002b4a0 Uncommon trap: reason=predicate action=maybe_recompile pc=0x00007fe6109b2ad8 method=java.util.regex.Pattern$BmpCharPropertyGreedy.match(Ljava/util/regex/Matcher;ILjava/lang/CharSequence;)Z @ 12 c2
Event: 0.297 Thread 0x00007fe62002b4a0 DEOPT PACKING pc=0x00007fe6109b2ad8 sp=0x00007fe62467d650
Event: 0.297 Thread 0x00007fe62002b4a0 DEOPT UNPACKING pc=0x00007fe61046b219 sp=0x00007fe62467d628 mode 2
Event: 0.300 Thread 0x00007fe62002b4a0 Uncommon trap: trap_request=0xffffff45 fr.pc=0x00007fe6109aa2e8 relative=0x0000000000000168
Event: 0.300 Thread 0x00007fe62002b4a0 Uncommon trap: reason=unstable_if action=reinterpret pc=0x00007fe6109aa2e8 method=java.util.concurrent.locks.ReentrantLock$NonfairSync.initialTryLock()Z @ 10 c2
Event: 0.300 Thread 0x00007fe62002b4a0 DEOPT PACKING pc=0x00007fe6109aa2e8 sp=0x00007fe62467e470
Event: 0.300 Thread 0x00007fe62002b4a0 DEOPT UNPACKING pc=0x00007fe61046b219 sp=0x00007fe62467e418 mode 2
Event: 0.309 Thread 0x00007fe62002b4a0 Uncommon trap: trap_request=0xffffff45 fr.pc=0x00007fe6109b3bb4 relative=0x0000000000000574
Event: 0.309 Thread 0x00007fe62002b4a0 Uncommon trap: reason=unstable_if action=reinterpret pc=0x00007fe6109b3bb4 method=java.util.regex.Matcher.search(I)Z @ 30 c2
Event: 0.309 Thread 0x00007fe62002b4a0 DEOPT PACKING pc=0x00007fe6109b3bb4 sp=0x00007fe62467e260
Event: 0.309 Thread 0x00007fe62002b4a0 DEOPT UNPACKING pc=0x00007fe61046b219 sp=0x00007fe62467e260 mode 2
Event: 0.334 Thread 0x00007fe62002b4a0 DEOPT PACKING pc=0x00007fe608eceff6 sp=0x00007fe62467d9d0
Event: 0.334 Thread 0x00007fe62002b4a0 DEOPT UNPACKING pc=0x00007fe61046b9af sp=0x00007fe62467ce40 mode 0

Classes loaded (20 events):
Event: 0.308 Loading class java/lang/StackWalker$ExtendedOption
Event: 0.308 Loading class java/lang/StackWalker$ExtendedOption done
Event: 0.308 Loading class java/lang/StackStreamFactory$StackFrameTraverser
Event: 0.308 Loading class java/lang/StackStreamFactory$StackFrameTraverser done
Event: 0.308 Loading class java/lang/StackStreamFactory$WalkerState
Event: 0.308 Loading class java/lang/StackStreamFactory$WalkerState done
Event: 0.308 Loading class java/lang/StackStreamFactory$1
Event: 0.308 Loading class java/lang/StackStreamFactory$1 done
Event: 0.308 Loading class java/lang/StackStreamFactory$StackFrameTraverser$StackFrameBuffer
Event: 0.308 Loading class java/lang/StackStreamFactory$FrameBuffer
Event: 0.308 Loading class java/lang/StackStreamFactory$FrameBuffer done
Event: 0.308 Loading class java/lang/StackStreamFactory$StackFrameTraverser$StackFrameBuffer done
Event: 1.399 Loading class java/lang/Thread$ThreadNumbering
Event: 1.400 Loading class java/lang/Thread$ThreadNumbering done
Event: 1.400 Loading class jdk/internal/event/ThreadSleepEvent
Event: 1.400 Loading class jdk/internal/event/Event
Event: 1.400 Loading class jdk/internal/event/Event done
Event: 1.401 Loading class jdk/internal/event/ThreadSleepEvent done
Event: 1.401 Loading class java/lang/NoSuchFieldError
Event: 1.401 Loading class java/lang/NoSuchFieldError done

Classes unloaded (0 events):
No events

Classes redefined (0 events):
No events

Internal exceptions (3 events):
Event: 0.206 Thread 0x00007fe62002b4a0 Exception <a 'java/lang/NoSuchMethodError'{0x00000007524c9598}: 'void java.lang.invoke.DirectMethodHandle$Holder.invokeSpecial(java.lang.Object, java.lang.Object, java.lang.Object)'> (0x00000007524c9598) 
thrown [open/src/hotspot/share/interpreter/linkResolver.cpp, line 772]
Event: 0.259 Thread 0x00007fe62002b4a0 Exception <a 'java/lang/ClassNotFoundException'{0x0000000752576ae0}: sun/util/logging/resources/spi/loggingProvider> (0x0000000752576ae0) 
thrown [open/src/hotspot/share/classfile/systemDictionary.cpp, line 305]
Event: 1.401 Thread 0x00007fe620408720 Exception <a 'java/lang/NoSuchFieldError'{0x00000007522b9120}: com.serial4j.core.terminal.NativeTerminalDevice.readData [C> (0x00000007522b9120) 
thrown [open/src/hotspot/share/prims/jni.cpp, line 1769]

VM Operations (2 events):
Event: 1.037 Executing VM operation: Cleanup
Event: 1.037 Executing VM operation: Cleanup done

Events (20 events):
Event: 0.045 Protecting memory [0x00007fe5f5c17000,0x00007fe5f5c1b000] with protection modes 0
Event: 0.045 Thread 0x00007fe620135280 Thread added: 0x00007fe620135280
Event: 0.045 Protecting memory [0x00007fe5f5b17000,0x00007fe5f5b1b000] with protection modes 0
Event: 0.045 Thread 0x00007fe620136710 Thread added: 0x00007fe620136710
Event: 0.045 Protecting memory [0x00007fe5f5a17000,0x00007fe5f5a1b000] with protection modes 0
Event: 0.046 Thread 0x00007fe620137b90 Thread added: 0x00007fe620137b90
Event: 0.046 Protecting memory [0x00007fe5f5917000,0x00007fe5f591b000] with protection modes 0
Event: 0.046 Thread 0x00007fe6201395b0 Thread added: 0x00007fe6201395b0
Event: 0.046 Protecting memory [0x00007fe5f5817000,0x00007fe5f581b000] with protection modes 0
Event: 0.049 Thread 0x00007fe62013ab50 Thread added: 0x00007fe62013ab50
Event: 0.061 Protecting memory [0x00007fe5f5717000,0x00007fe5f571b000] with protection modes 0
Event: 0.069 Thread 0x00007fe620151a90 Thread added: 0x00007fe620151a90
Event: 0.070 Protecting memory [0x00007fe5f5617000,0x00007fe5f561b000] with protection modes 0
Event: 0.072 Thread 0x00007fe620156140 Thread added: 0x00007fe620156140
Event: 0.073 Protecting memory [0x00007fe5f5415000,0x00007fe5f5419000] with protection modes 0
Event: 0.235 Thread 0x00007fe580193840 Thread added: 0x00007fe580193840
Event: 0.235 Protecting memory [0x00007fe5f5315000,0x00007fe5f5319000] with protection modes 0
Event: 0.878 Thread 0x00007fe580193840 Thread exited: 0x00007fe580193840
Event: 1.400 Thread 0x00007fe620408720 Thread added: 0x00007fe620408720
Event: 1.400 Protecting memory [0x00007fe5f5315000,0x00007fe5f5319000] with protection modes 0


Dynamic libraries:
746e00000-752800000 rw-p 00000000 00:00 0 
752800000-7ffc00000 ---p 00000000 00:00 0 
7ffc00000-7ffd00000 rw-p 00000000 00:00 0 
7ffd00000-7ffd79000 rw-p 00d3e000 08:09 2097578                          /usr/lib/jvm/jdk-20/lib/server/classes.jsa
7ffd79000-7ffe00000 rw-p 00000000 00:00 0 
7ffe00000-7ffe83000 rw-p 00cbb000 08:09 2097578                          /usr/lib/jvm/jdk-20/lib/server/classes.jsa
7ffe83000-800000000 rw-p 00000000 00:00 0 
55ef19780000-55ef19781000 r-xp 00000000 08:09 2097494                    /usr/lib/jvm/jdk-20/bin/java
55ef19782000-55ef19783000 r--p 00001000 08:09 2097494                    /usr/lib/jvm/jdk-20/bin/java
55ef19783000-55ef19784000 rw-p 00002000 08:09 2097494                    /usr/lib/jvm/jdk-20/bin/java
55ef19a6f000-55ef19ab6000 rw-p 00000000 00:00 0                          [heap]
7fe570000000-7fe57002d000 rw-p 00000000 00:00 0 
7fe57002d000-7fe574000000 ---p 00000000 00:00 0 
7fe574000000-7fe574021000 rw-p 00000000 00:00 0 
7fe574021000-7fe578000000 ---p 00000000 00:00 0 
7fe578000000-7fe578021000 rw-p 00000000 00:00 0 
7fe578021000-7fe57c000000 ---p 00000000 00:00 0 
7fe57c000000-7fe57c021000 rw-p 00000000 00:00 0 
7fe57c021000-7fe580000000 ---p 00000000 00:00 0 
7fe580000000-7fe5801a7000 rw-p 00000000 00:00 0 
7fe5801a7000-7fe584000000 ---p 00000000 00:00 0 
7fe584000000-7fe584021000 rw-p 00000000 00:00 0 
7fe584021000-7fe588000000 ---p 00000000 00:00 0 
7fe588000000-7fe588021000 rw-p 00000000 00:00 0 
7fe588021000-7fe58c000000 ---p 00000000 00:00 0 
7fe58c000000-7fe58c0ce000 rw-p 00000000 00:00 0 
7fe58c0ce000-7fe590000000 ---p 00000000 00:00 0 
7fe590000000-7fe590021000 rw-p 00000000 00:00 0 
7fe590021000-7fe594000000 ---p 00000000 00:00 0 
7fe594000000-7fe594021000 rw-p 00000000 00:00 0 
7fe594021000-7fe598000000 ---p 00000000 00:00 0 
7fe598000000-7fe598021000 rw-p 00000000 00:00 0 
7fe598021000-7fe59c000000 ---p 00000000 00:00 0 
7fe59c000000-7fe59c021000 rw-p 00000000 00:00 0 
7fe59c021000-7fe5a0000000 ---p 00000000 00:00 0 
7fe5a0000000-7fe5a0021000 rw-p 00000000 00:00 0 
7fe5a0021000-7fe5a4000000 ---p 00000000 00:00 0 
7fe5a7000000-7fe5a7c7e000 rw-p 00001000 08:09 2097578                    /usr/lib/jvm/jdk-20/lib/server/classes.jsa
7fe5a7c7e000-7fe5a8000000 ---p 00000000 00:00 0 
7fe5a8000000-7fe5a8020000 rw-p 00000000 00:00 0 
7fe5a8020000-7fe5a8040000 ---p 00000000 00:00 0 
7fe5a8040000-7fe5a8060000 rw-p 00000000 00:00 0 
7fe5a8060000-7fe5e8000000 ---p 00000000 00:00 0 
7fe5e8000000-7fe5e8021000 rw-p 00000000 00:00 0 
7fe5e8021000-7fe5ec000000 ---p 00000000 00:00 0 
7fe5ec000000-7fe5ec0f0000 rw-p 00000000 00:00 0 
7fe5ec0f0000-7fe5ec400000 ---p 00000000 00:00 0 
7fe5ec400000-7fe5ec450000 rw-p 00000000 00:00 0 
7fe5ec450000-7fe5f0000000 ---p 00000000 00:00 0 
7fe5f0000000-7fe5f0021000 rw-p 00000000 00:00 0 
7fe5f0021000-7fe5f4000000 ---p 00000000 00:00 0 
7fe5f4c0f000-7fe5f4ffb000 rw-p 00000000 00:00 0 
7fe5f4ffb000-7fe5f4fff000 ---p 00000000 00:00 0 
7fe5f4fff000-7fe5f50fb000 rw-p 00000000 00:00 0 
7fe5f50fb000-7fe5f5194000 r--p 00000000 08:09 655390                     /usr/lib/x86_64-linux-gnu/libstdc++.so.6.0.30
7fe5f5194000-7fe5f5295000 r-xp 00099000 08:09 655390                     /usr/lib/x86_64-linux-gnu/libstdc++.so.6.0.30
7fe5f5295000-7fe5f5304000 r--p 0019a000 08:09 655390                     /usr/lib/x86_64-linux-gnu/libstdc++.so.6.0.30
7fe5f5304000-7fe5f530f000 r--p 00209000 08:09 655390                     /usr/lib/x86_64-linux-gnu/libstdc++.so.6.0.30
7fe5f530f000-7fe5f5312000 rw-p 00214000 08:09 655390                     /usr/lib/x86_64-linux-gnu/libstdc++.so.6.0.30
7fe5f5312000-7fe5f5315000 rw-p 00000000 00:00 0 
7fe5f5315000-7fe5f5319000 ---p 00000000 00:00 0 
7fe5f5319000-7fe5f5415000 rw-p 00000000 00:00 0 
7fe5f5415000-7fe5f5419000 ---p 00000000 00:00 0 
7fe5f5419000-7fe5f5515000 rw-p 00000000 00:00 0 
7fe5f5515000-7fe5f5516000 ---p 00000000 00:00 0 
7fe5f5516000-7fe5f5617000 rw-p 00000000 00:00 0 
7fe5f5617000-7fe5f561b000 ---p 00000000 00:00 0 
7fe5f561b000-7fe5f5717000 rw-p 00000000 00:00 0 
7fe5f5717000-7fe5f571b000 ---p 00000000 00:00 0 
7fe5f571b000-7fe5f5817000 rw-p 00000000 00:00 0 
7fe5f5817000-7fe5f581b000 ---p 00000000 00:00 0 
7fe5f581b000-7fe5f5917000 rw-p 00000000 00:00 0 
7fe5f5917000-7fe5f591b000 ---p 00000000 00:00 0 
7fe5f591b000-7fe5f5a17000 rw-p 00000000 00:00 0 
7fe5f5a17000-7fe5f5a1b000 ---p 00000000 00:00 0 
7fe5f5a1b000-7fe5f5b17000 rw-p 00000000 00:00 0 
7fe5f5b17000-7fe5f5b1b000 ---p 00000000 00:00 0 
7fe5f5b1b000-7fe5f5c17000 rw-p 00000000 00:00 0 
7fe5f5c17000-7fe5f5c1b000 ---p 00000000 00:00 0 
7fe5f5c1b000-7fe5f5d17000 rw-p 00000000 00:00 0 
7fe5f5d17000-7fe5f6000000 r--p 00000000 08:09 695504                     /usr/lib/locale/locale-archive
7fe5f6000000-7fe5f8000000 rw-p 00000000 00:00 0 
7fe5f8000000-7fe5f8021000 rw-p 00000000 00:00 0 
7fe5f8021000-7fe5fc000000 ---p 00000000 00:00 0 
7fe5fc000000-7fe5fc021000 rw-p 00000000 00:00 0 
7fe5fc021000-7fe600000000 ---p 00000000 00:00 0 
7fe600000000-7fe600021000 rw-p 00000000 00:00 0 
7fe600021000-7fe604000000 ---p 00000000 00:00 0 
7fe6040ce000-7fe6040d1000 r--p 00000000 08:09 656027                     /usr/lib/x86_64-linux-gnu/libgcc_s.so.1
7fe6040d1000-7fe6040e8000 r-xp 00003000 08:09 656027                     /usr/lib/x86_64-linux-gnu/libgcc_s.so.1
7fe6040e8000-7fe6040ec000 r--p 0001a000 08:09 656027                     /usr/lib/x86_64-linux-gnu/libgcc_s.so.1
7fe6040ec000-7fe6040ed000 r--p 0001d000 08:09 656027                     /usr/lib/x86_64-linux-gnu/libgcc_s.so.1
7fe6040ed000-7fe6040ee000 rw-p 0001e000 08:09 656027                     /usr/lib/x86_64-linux-gnu/libgcc_s.so.1
7fe6040ee000-7fe6040f2000 ---p 00000000 00:00 0 
7fe6040f2000-7fe6041ee000 rw-p 00000000 00:00 0 
7fe6041ee000-7fe6041ef000 ---p 00000000 00:00 0 
7fe6041ef000-7fe6042f0000 rw-p 00000000 00:00 0 
7fe6042f0000-7fe6043be000 r-xp 00000000 08:09 2097587                    /usr/lib/jvm/jdk-20/lib/libjsvml.so
7fe6043be000-7fe6043bf000 r--p 000cd000 08:09 2097587                    /usr/lib/jvm/jdk-20/lib/libjsvml.so
7fe6043bf000-7fe6043c0000 rw-p 000ce000 08:09 2097587                    /usr/lib/jvm/jdk-20/lib/libjsvml.so
7fe6043c0000-7fe6044dd000 rw-p 00000000 00:00 0 
7fe604500000-7fe604507000 r--p 00000000 08:0a 8653166                    /home/twisted/GradleProjects/Serial4j-v1/serial4j-examples/libs/bin/libserial4j.so
7fe604507000-7fe60450a000 r-xp 00007000 08:0a 8653166                    /home/twisted/GradleProjects/Serial4j-v1/serial4j-examples/libs/bin/libserial4j.so
7fe60450a000-7fe60450d000 r--p 0000a000 08:0a 8653166                    /home/twisted/GradleProjects/Serial4j-v1/serial4j-examples/libs/bin/libserial4j.so
7fe60450d000-7fe60450e000 r--p 0000c000 08:0a 8653166                    /home/twisted/GradleProjects/Serial4j-v1/serial4j-examples/libs/bin/libserial4j.so
7fe60450e000-7fe60450f000 rw-p 0000d000 08:0a 8653166                    /home/twisted/GradleProjects/Serial4j-v1/serial4j-examples/libs/bin/libserial4j.so
7fe60450f000-7fe604516000 r-xp 00000000 08:09 2097600                    /usr/lib/jvm/jdk-20/lib/libzip.so
7fe604516000-7fe604517000 ---p 00007000 08:09 2097600                    /usr/lib/jvm/jdk-20/lib/libzip.so
7fe604517000-7fe604518000 r--p 00007000 08:09 2097600                    /usr/lib/jvm/jdk-20/lib/libzip.so
7fe604518000-7fe604519000 rw-p 00008000 08:09 2097600                    /usr/lib/jvm/jdk-20/lib/libzip.so
7fe604519000-7fe60451a000 ---p 00000000 00:00 0 
7fe60451a000-7fe60461b000 rw-p 00000000 00:00 0 
7fe60461b000-7fe60461c000 ---p 00000000 00:00 0 
7fe60461c000-7fe604b21000 rw-p 00000000 00:00 0 
7fe604b21000-7fe604b22000 ---p 00000000 00:00 0 
7fe604b22000-7fe604c23000 rw-p 00000000 00:00 0 
7fe604c23000-7fe604c24000 ---p 00000000 00:00 0 
7fe604c24000-7fe604d25000 rw-p 00000000 00:00 0 
7fe604d25000-7fe604d26000 ---p 00000000 00:00 0 
7fe604d26000-7fe60510f000 rw-p 00000000 00:00 0 
7fe60510f000-7fe607c5f000 ---p 00000000 00:00 0 
7fe607c5f000-7fe607ccc000 rw-p 00000000 00:00 0 
7fe607ccc000-7fe608236000 ---p 00000000 00:00 0 
7fe608236000-7fe608295000 rw-p 00000000 00:00 0 
7fe608295000-7fe6087ff000 ---p 00000000 00:00 0 
7fe6087ff000-7fe60885e000 rw-p 00000000 00:00 0 
7fe60885e000-7fe608dc8000 ---p 00000000 00:00 0 
7fe608dc8000-7fe608ecb000 rw-p 00000000 00:00 0 
7fe608ecb000-7fe60913b000 rwxp 00000000 00:00 0 
7fe60913b000-7fe610402000 ---p 00000000 00:00 0 
7fe610402000-7fe610672000 rwxp 00000000 00:00 0 
7fe610672000-7fe610993000 ---p 00000000 00:00 0 
7fe610993000-7fe610c03000 rwxp 00000000 00:00 0 
7fe610c03000-7fe617ecb000 ---p 00000000 00:00 0 
7fe617ecb000-7fe620000000 r--s 00000000 08:09 2097570                    /usr/lib/jvm/jdk-20/lib/modules
7fe620000000-7fe620415000 rw-p 00000000 00:00 0 
7fe620415000-7fe624000000 ---p 00000000 00:00 0 
7fe624001000-7fe624008000 r--s 00000000 08:09 695612                     /usr/lib/x86_64-linux-gnu/gconv/gconv-modules.cache
7fe624008000-7fe624014000 r-xp 00000000 08:09 2097615                    /usr/lib/jvm/jdk-20/lib/libnet.so
7fe624014000-7fe624015000 r--p 0000b000 08:09 2097615                    /usr/lib/jvm/jdk-20/lib/libnet.so
7fe624015000-7fe624016000 rw-p 0000c000 08:09 2097615                    /usr/lib/jvm/jdk-20/lib/libnet.so
7fe624016000-7fe624029000 r-xp 00000000 08:09 2097623                    /usr/lib/jvm/jdk-20/lib/libnio.so
7fe624029000-7fe62402a000 ---p 00013000 08:09 2097623                    /usr/lib/jvm/jdk-20/lib/libnio.so
7fe62402a000-7fe62402b000 r--p 00013000 08:09 2097623                    /usr/lib/jvm/jdk-20/lib/libnio.so
7fe62402b000-7fe62402c000 rw-p 00014000 08:09 2097623                    /usr/lib/jvm/jdk-20/lib/libnio.so
7fe62402c000-7fe624366000 rw-p 00000000 00:00 0 
7fe624366000-7fe62444c000 ---p 00000000 00:00 0 
7fe62444c000-7fe624451000 rw-p 00000000 00:00 0 
7fe624451000-7fe624537000 ---p 00000000 00:00 0 
7fe624537000-7fe62455d000 r-xp 00000000 08:09 2097594                    /usr/lib/jvm/jdk-20/lib/libjava.so
7fe62455d000-7fe62455e000 ---p 00026000 08:09 2097594                    /usr/lib/jvm/jdk-20/lib/libjava.so
7fe62455e000-7fe62455f000 r--p 00026000 08:09 2097594                    /usr/lib/jvm/jdk-20/lib/libjava.so
7fe62455f000-7fe624560000 rw-p 00027000 08:09 2097594                    /usr/lib/jvm/jdk-20/lib/libjava.so
7fe624560000-7fe624561000 rw-p 00000000 00:00 0 
7fe624561000-7fe62457c000 r-xp 00000000 08:09 2097608                    /usr/lib/jvm/jdk-20/lib/libjimage.so
7fe62457c000-7fe62457d000 ---p 0001b000 08:09 2097608                    /usr/lib/jvm/jdk-20/lib/libjimage.so
7fe62457d000-7fe62457f000 r--p 0001b000 08:09 2097608                    /usr/lib/jvm/jdk-20/lib/libjimage.so
7fe62457f000-7fe624580000 rw-p 0001d000 08:09 2097608                    /usr/lib/jvm/jdk-20/lib/libjimage.so
7fe624580000-7fe624584000 ---p 00000000 00:00 0 
7fe624584000-7fe624680000 rw-p 00000000 00:00 0 
7fe624680000-7fe624690000 r--p 00000000 08:09 685883                     /usr/lib/x86_64-linux-gnu/libm.so.6
7fe624690000-7fe624703000 r-xp 00010000 08:09 685883                     /usr/lib/x86_64-linux-gnu/libm.so.6
7fe624703000-7fe62475d000 r--p 00083000 08:09 685883                     /usr/lib/x86_64-linux-gnu/libm.so.6
7fe62475d000-7fe62475e000 r--p 000dc000 08:09 685883                     /usr/lib/x86_64-linux-gnu/libm.so.6
7fe62475e000-7fe62475f000 rw-p 000dd000 08:09 685883                     /usr/lib/x86_64-linux-gnu/libm.so.6
7fe62475f000-7fe624760000 r--p 00000000 08:09 685894                     /usr/lib/x86_64-linux-gnu/librt.so.1
7fe624760000-7fe624761000 r-xp 00001000 08:09 685894                     /usr/lib/x86_64-linux-gnu/librt.so.1
7fe624761000-7fe624762000 r--p 00002000 08:09 685894                     /usr/lib/x86_64-linux-gnu/librt.so.1
7fe624762000-7fe624763000 r--p 00002000 08:09 685894                     /usr/lib/x86_64-linux-gnu/librt.so.1
7fe624763000-7fe624764000 rw-p 00003000 08:09 685894                     /usr/lib/x86_64-linux-gnu/librt.so.1
7fe624764000-7fe625982000 r-xp 00000000 08:09 2097579                    /usr/lib/jvm/jdk-20/lib/server/libjvm.so
7fe625982000-7fe625a4c000 r--p 0121d000 08:09 2097579                    /usr/lib/jvm/jdk-20/lib/server/libjvm.so
7fe625a4c000-7fe625a81000 rw-p 012e7000 08:09 2097579                    /usr/lib/jvm/jdk-20/lib/server/libjvm.so
7fe625a81000-7fe625ae4000 rw-p 00000000 00:00 0 
7fe625ae4000-7fe625b0a000 r--p 00000000 08:09 685880                     /usr/lib/x86_64-linux-gnu/libc.so.6
7fe625b0a000-7fe625c5f000 r-xp 00026000 08:09 685880                     /usr/lib/x86_64-linux-gnu/libc.so.6
7fe625c5f000-7fe625cb2000 r--p 0017b000 08:09 685880                     /usr/lib/x86_64-linux-gnu/libc.so.6
7fe625cb2000-7fe625cb6000 r--p 001ce000 08:09 685880                     /usr/lib/x86_64-linux-gnu/libc.so.6
7fe625cb6000-7fe625cb8000 rw-p 001d2000 08:09 685880                     /usr/lib/x86_64-linux-gnu/libc.so.6
7fe625cb8000-7fe625cc5000 rw-p 00000000 00:00 0 
7fe625cc5000-7fe625cc6000 r--p 00000000 08:09 685882                     /usr/lib/x86_64-linux-gnu/libdl.so.2
7fe625cc6000-7fe625cc7000 r-xp 00001000 08:09 685882                     /usr/lib/x86_64-linux-gnu/libdl.so.2
7fe625cc7000-7fe625cc8000 r--p 00002000 08:09 685882                     /usr/lib/x86_64-linux-gnu/libdl.so.2
7fe625cc8000-7fe625cc9000 r--p 00002000 08:09 685882                     /usr/lib/x86_64-linux-gnu/libdl.so.2
7fe625cc9000-7fe625cca000 rw-p 00003000 08:09 685882                     /usr/lib/x86_64-linux-gnu/libdl.so.2
7fe625cca000-7fe625ccb000 r--p 00000000 08:09 685892                     /usr/lib/x86_64-linux-gnu/libpthread.so.0
7fe625ccb000-7fe625ccc000 r-xp 00001000 08:09 685892                     /usr/lib/x86_64-linux-gnu/libpthread.so.0
7fe625ccc000-7fe625ccd000 r--p 00002000 08:09 685892                     /usr/lib/x86_64-linux-gnu/libpthread.so.0
7fe625ccd000-7fe625cce000 r--p 00002000 08:09 685892                     /usr/lib/x86_64-linux-gnu/libpthread.so.0
7fe625cce000-7fe625ccf000 rw-p 00003000 08:09 685892                     /usr/lib/x86_64-linux-gnu/libpthread.so.0
7fe625ccf000-7fe625cdd000 r-xp 00000000 08:09 2097584                    /usr/lib/jvm/jdk-20/lib/libjli.so
7fe625cdd000-7fe625cde000 ---p 0000e000 08:09 2097584                    /usr/lib/jvm/jdk-20/lib/libjli.so
7fe625cde000-7fe625cdf000 r--p 0000e000 08:09 2097584                    /usr/lib/jvm/jdk-20/lib/libjli.so
7fe625cdf000-7fe625ce0000 rw-p 0000f000 08:09 2097584                    /usr/lib/jvm/jdk-20/lib/libjli.so
7fe625ce0000-7fe625ce3000 r--p 00000000 08:09 657587                     /usr/lib/x86_64-linux-gnu/libz.so.1.2.11
7fe625ce3000-7fe625cf4000 r-xp 00003000 08:09 657587                     /usr/lib/x86_64-linux-gnu/libz.so.1.2.11
7fe625cf4000-7fe625cfa000 r--p 00014000 08:09 657587                     /usr/lib/x86_64-linux-gnu/libz.so.1.2.11
7fe625cfa000-7fe625cfb000 ---p 0001a000 08:09 657587                     /usr/lib/x86_64-linux-gnu/libz.so.1.2.11
7fe625cfb000-7fe625cfc000 r--p 0001a000 08:09 657587                     /usr/lib/x86_64-linux-gnu/libz.so.1.2.11
7fe625cfc000-7fe625cfd000 rw-p 0001b000 08:09 657587                     /usr/lib/x86_64-linux-gnu/libz.so.1.2.11
7fe625cff000-7fe625d04000 rw-p 00000000 00:00 0 
7fe625d04000-7fe625d0b000 ---p 00000000 00:00 0 
7fe625d0b000-7fe625d13000 rw-s 00000000 08:09 3146941                    /tmp/hsperfdata_pavl-machine/155788
7fe625d13000-7fe625d14000 ---p 00000000 00:00 0 
7fe625d14000-7fe625d15000 r--p 00000000 00:00 0 
7fe625d15000-7fe625d16000 ---p 00000000 00:00 0 
7fe625d16000-7fe625d18000 rw-p 00000000 00:00 0 
7fe625d18000-7fe625d19000 r--p 00000000 08:09 685876                     /usr/lib/x86_64-linux-gnu/ld-linux-x86-64.so.2
7fe625d19000-7fe625d3e000 r-xp 00001000 08:09 685876                     /usr/lib/x86_64-linux-gnu/ld-linux-x86-64.so.2
7fe625d3e000-7fe625d48000 r--p 00026000 08:09 685876                     /usr/lib/x86_64-linux-gnu/ld-linux-x86-64.so.2
7fe625d48000-7fe625d4a000 r--p 00030000 08:09 685876                     /usr/lib/x86_64-linux-gnu/ld-linux-x86-64.so.2
7fe625d4a000-7fe625d4c000 rw-p 00032000 08:09 685876                     /usr/lib/x86_64-linux-gnu/ld-linux-x86-64.so.2
7ffefcbb8000-7ffefcbdb000 rw-p 00000000 00:00 0                          [stack]
7ffefcbe7000-7ffefcbeb000 r--p 00000000 00:00 0                          [vvar]
7ffefcbeb000-7ffefcbed000 r-xp 00000000 00:00 0                          [vdso]


VM Arguments:
jvm_args: -Dfile.encoding=UTF-8 -Duser.country=US -Duser.language=en -Duser.variant 
java_command: com.serial4j.example.Launcher
java_class_path (initial): /home/twisted/GradleProjects/Serial4j-v1/serial4j-examples/build/classes/java/main:/home/twisted/GradleProjects/Serial4j-v1/serial4j-examples/build/resources/main:/home/twisted/GradleProjects/Serial4j-v1/serial4j/build/libs/serial4j.jar:/home/twisted/GradleProjects/Serial4j-v1/serial4j-native/build/libs/serial4j-native-linux.jar:/home/pavl-machine/.gradle/caches/modules-2/files-2.1/io.github.software-hardware-codesign/snaploader/1.0.0-alpha/1aaee58e923a960599a5fe10089d8bc3489984ce/snaploader-1.0.0-alpha.jar:/home/pavl-machine/.gradle/caches/modules-2/files-2.1/org.jmonkeyengine/jme3-desktop/3.6.0-stable/3ba320405e5700db27c6a21a3f77a56e1d05ba7a/jme3-desktop-3.6.0-stable.jar:/home/pavl-machine/.gradle/caches/modules-2/files-2.1/org.jmonkeyengine/jme3-lwjgl3/3.6.0-stable/b1560dc3b74d50ebfdb9afe617b94c3f195cf1b3/jme3-lwjgl3-3.6.0-stable.jar:/home/pavl-machine/.gradle/caches/modules-2/files-2.1/com.github.stephengold/Minie/7.4.0/eaeb7b28b776dd3ef99a09afc98fd59d22ced929/Minie-7.4.0.jar:/home/pavl-machine/.gradle/caches/modules-2/files-2.1/com.github.stephengold/Heart/8.3.2/2a3a4b3f4f39bcf4f43ce687976b66878bd2856d/Heart-8.3.2.jar:/home/pavl-machine/.gradle/caches/modules-2/files-2.1/com.simsilica/sim-math/1.6.0/6a93c1b12f0c990a86f3f60cb401076a53f71b3/sim-math-1.6.0.jar:/home/pavl-machine/.gradle/caches/modules-2/files-2.1/org.jmonkeyengine/jme3-terrain/3.6.0-stable/6ab3c428c4fba53be24658008c54fbf788ef83f3/jme3-terrain-3.6.0-stable.jar:/home/pavl-machine/.gradle/caches/modules-2/files-2.1/org.jmonkeyengine/jme3-core/3.6.0-stable/4ec2e1cd3cc60d0f1facc78c273dbb4ad13ceca4/jme3-core-3.6.0-stable.jar:/home/pavl-machine/.gradle/caches/modules-2/files-2.1/org.lwjgl/lwjgl-glfw/3.3.1/cbac1b8d30cb4795149c1ef540f912671a8616d0/lwjgl-glfw-3.3.1.jar:/home/pavl-machine/.gradle/caches/modules-2/files-2.1/org.lwjgl/lwjgl-glfw/3.3.1/ed892f945cf7e79c8756796f32d00fa4ceaf573b/lwjgl-glfw-3.3.1-natives-windows.jar:/home/pavl-machine/.gradle/caches/modules-2/files-2.1/org.lwjgl/lwjgl-glfw/3.3.1/b997e3391d6ce8f05487e7335d95c606043884a1/lwjgl-glfw-3.3.1-natives-windows-x86.jar:/home/pavl-machine/.gradle/caches/modules-2/files-2.1/org.lwjgl/lwjgl-glfw/3.3.1/81716978214ecbda15050ca394b06ef61501a49e/lwjgl-glfw-3.3.1-natives-linux.jar:/home/pavl-machine/.gradle/caches/modules-2/files-2.1/org.lwjgl/lwjgl-glfw/3.3.1/816d935933f2dd743074c4e717cc25b55720f294/lwjgl-glfw-3.3.1-natives-linux-arm32.jar:/home/pavl-machine/.gradle/caches/modules-2/files-2.1/org.lwjgl/lwjgl-glfw/3.3.1/513eb39b866d0fe131a18d5c517087805433b029/lwjgl-glfw-3.3.1-natives-linux-arm64.jar:/home/pavl-machine/.gradle/caches/modules-2/files-2.1/org.lwjgl/lwjgl-glfw/3.3.1/9ec4ce1fc8c85fdef03ef4ff2aace6f5775fb280/lwjgl-glfw-3.3.1-natives-macos.jar:/home/pavl-machine/.gradle/caches/modules-2/files-2.1/org.lwjgl/lwjgl-glfw/3.3.1/cac0d3f712a3da7641fa174735a5f315de7ffe0a/lwjgl-glfw-3.3.1-natives-macos-arm64.jar:/home/pavl-machine/.gradle/caches/modules-2/files-2.1/org.lwjgl/lwjgl-jemalloc/3.3.1/a817bcf213db49f710603677457567c37d53e103/lwjgl-jemalloc-3.3.1.jar:/home/pavl-machine/.gradle/caches/modules-2/files-2.1/org.lwjgl/lwjgl-jemalloc/3.3.1/948a89b76a16aa324b046ae9308891216ffce5f9/lwjgl-jemalloc-3.3.1-natives-windows.jar:/home/pavl-machine/.gradle/caches/modules-2/files-2.1/org.lwjgl/lwjgl-jemalloc/3.3.1/fb476c8ec110e1c137ad3ce8a7f7bfe6b11c6324/lwjgl-jemalloc-3.3.1-natives-windows-x86.jar:/home/pavl-machine/.gradle/caches/modules-2/files-2.1/org.lwjgl/lwjgl-jemalloc/3.3.1/33dbb017b6ed6b25f993ad9d56741a49e7937718/lwjgl-jemalloc-3.3.1-natives-linux.jar:/home/pavl-machine/.gradle/caches/modules-2/files-2.1/org.lwjgl/lwjgl-jemalloc/3.3.1/a96a6d6cb3876d7813fcee53c3c24f246aeba3b3/lwjgl-jemalloc-3.3.1-natives-linux-arm32.jar:/home/pavl-machine/.gradle/caches/modules-2/files-2.1/org.lwjgl/lwjgl-jemalloc/3.3.1/c6606e57db075ad218a2e78d2416c159a53b6a0c/lwjgl-jemalloc-3.3.1-natives-linux-arm64.jar:/home/pavl-machine/.gradle/caches/modules-2/files-2.1/org.lwjgl/lwjgl-jemalloc/3.3.1/56424dc8db3cfb8e7b594aa6d59a4f4387b7f544/lwjgl-jemalloc-3.3.1-natives-macos.jar:/home/pavl-machine/.gradle/caches/modules-2/files-2.1/org.lwjgl/lwjgl-jemalloc/3.3.1/e577b87d8ad2ade361aaea2fcf226c660b15dee8/lwjgl-jemalloc-3.3.1-natives-macos-arm64.jar:/home/pavl-machine/.gradle/caches/modules-2/files-2.1/org.lwjgl/lwjgl-openal/3.3.1/2623a6b8ae1dfcd880738656a9f0243d2e6840bd/lwjgl-openal-3.3.1.jar:/home/pavl-machine/.gradle/caches/modules-2/files-2.1/org.lwjgl/lwjgl-openal/3.3.1/30a474d0e57193d7bc128849a3ab66bc9316fdb1/lwjgl-openal-3.3.1-natives-windows.jar:/home/pavl-machine/.gradle/caches/modules-2/files-2.1/org.lwjgl/lwjgl-openal/3.3.1/888349f7b1be6fbae58bf8edfb9ef12def04c4e3/lwjgl-openal-3.3.1-natives-windows-x86.jar:/home/pavl-machine/.gradle/caches/modules-2/files-2.1/org.lwjgl/lwjgl-openal/3.3.1/f906b6439f6daa66001182ea7727e3467a93681b/lwjgl-openal-3.3.1-natives-linux.jar:/home/pavl-machine/.gradle/caches/modules-2/files-2.1/org.lwjgl/lwjgl-openal/3.3.1/ffbe35d7fa5ec9b7eca136a7c71f24d4025a510b/lwjgl-openal-3.3.1-natives-linux-arm32.jar:/home/pavl-machine/.gradle/caches/modules-2/files-2.1/org.lwjgl/lwjgl-openal/3.3.1/cf4e303257e82981b8b2e31bba3d7f8f7b8f42b2/lwjgl-openal-3.3.1-natives-linux-arm64.jar:/home/pavl-machine/.gradle/caches/modules-2/files-2.1/org.lwjgl/lwjgl-openal/3.3.1/3a57b8911835fb58b5e558d0ca0d28157e263d45/lwjgl-openal-3.3.1-natives-macos.jar:/home/pavl-machine/.gradle/caches/modules-2/files-2.1/org.lwjgl/lwjgl-openal/3.3.1/23d55e7490b57495320f6c9e1936d78fd72c4ef8/lwjgl-openal-3.3.1-natives-macos-arm64.jar:/home/pavl-machine/.gradle/caches/modules-2/files-2.1/org.lwjgl/lwjgl-opencl/3.3.1/8e9b00d310ef80ec4343ed709efb2ae77386014d/lwjgl-opencl-3.3.1.jar:/home/pavl-machine/.gradle/caches/modules-2/files-2.1/org.lwjgl/lwjgl-opengl/3.3.1/831a5533a21a5f4f81bbc51bb13e9899319b5411/lwjgl-opengl-3.3.1.jar:/home/pavl-machine/.gradle/caches/modules-2/files-2.1/org.lwjgl/lwjgl-opengl/3.3.1/c1807e9bd571402787d7e37e3029776ae2513bb8/lwjgl-opengl-3.3.1-natives-windows.jar:/home/pavl-machine/.gradle/caches/modules-2/files-2.1/org.lwjgl/lwjgl-opengl/3.3.1/deef3eb9b178ff2ff3ce893cc72ae741c3a17974/lwjgl-opengl-3.3.1-natives-windows-x86.jar:/home/pavl-machine/.gradle/caches/modules-2/files-2.1/org.lwjgl/lwjgl-opengl/3.3.1/ab9ab6fde3743e3550fa5d46d785ecb45b047d99/lwjgl-opengl-3.3.1-natives-linux.jar:/home/pavl-machine/.gradle/caches/modules-2/files-2.1/org.lwjgl/lwjgl-opengl/3.3.1/e3550fa91097fd56e361b4370fa822220fef3595/lwjgl-opengl-3.3.1-natives-linux-arm32.jar:/home/pavl-machine/.gradle/caches/modules-2/files-2.1/org.lwjgl/lwjgl-opengl/3.3.1/1c528fb258a6e63e8fceb4482d8db0f3af10a634/lwjgl-opengl-3.3.1-natives-linux-arm64.jar:/home/pavl-machine/.gradle/caches/modules-2/files-2.1/org.lwjgl/lwjgl-opengl/3.3.1/a0d12697ea019a7362eff26475b0531340e876a6/lwjgl-opengl-3.3.1-natives-macos.jar:/home/pavl-machine/.gradle/caches/modules-2/files-2.1/org.lwjgl/lwjgl-opengl/3.3.1/eafe34b871d966292e8db0f1f3d6b8b110d4e91d/lwjgl-opengl-3.3.1-natives-macos-arm64.jar:/home/pavl-machine/.gradle/caches/modules-2/files-2.1/org.lwjgl/lwjgl/3.3.1/ae58664f88e18a9bb2c77b063833ca7aaec484cb/lwjgl-3.3.1.jar:/home/pavl-machine/.gradle/caches/modules-2/files-2.1/org.lwjgl/lwjgl/3.3.1/36c37f16ab611b3aa11f3bcf80b1d509b4ce6b/lwjgl-3.3.1-natives-windows.jar:/home/pavl-machine/.gradle/caches/modules-2/files-2.1/org.lwjgl/lwjgl/3.3.1/3b14f4beae9dd39791ec9e12190a9380cd8a3ce6/lwjgl-3.3.1-natives-windows-x86.jar:/home/pavl-machine/.gradle/caches/modules-2/files-2.1/org.lwjgl/lwjgl/3.3.1/1de885aba434f934201b99f2f1afb142036ac189/lwjgl-3.3.1-natives-linux.jar:/home/pavl-machine/.gradle/caches/modules-2/files-2.1/org.lwjgl/lwjgl/3.3.1/41a3c1dd15d6b964eb8196dde69720a3e3e5e969/lwjgl-3.3.1-natives-linux-arm32.jar:/home/pavl-machine/.gradle/caches/modules-2/files-2.1/org.lwjgl/lwjgl/3.3.1/b597401014acb7196c76d97e15a6288f54f1f692/lwjgl-3.3.1-natives-linux-arm64.jar:/home/pavl-machine/.gradle/caches/modules-2/files-2.1/org.lwjgl/lwjgl/3.3.1/fc6bb723dec2cd031557dccb2a95f0ab80acb9db/lwjgl-3.3.1-natives-macos.jar:/home/pavl-machine/.gradle/caches/modules-2/files-2.1/org.lwjgl/lwjgl/3.3.1/71d0d5e469c9c95351eb949064497e3391616ac9/lwjgl-3.3.1-natives-macos-arm64.jar:/home/pavl-machine/.gradle/caches/modules-2/files-2.1/org.slf4j/slf4j-api/1.7.32/cdcff33940d9f2de763bc41ea05a0be5941176c3/slf4j-api-1.7.32.jar
Launcher Type: SUN_STANDARD

[Global flags]
     intx CICompilerCount                          = 3                                         {product} {ergonomic}
     uint ConcGCThreads                            = 1                                         {product} {ergonomic}
     uint G1ConcRefinementThreads                  = 4                                         {product} {ergonomic}
   size_t G1HeapRegionSize                         = 2097152                                   {product} {ergonomic}
    uintx GCDrainStackTargetSize                   = 64                                        {product} {ergonomic}
   size_t InitialHeapSize                          = 195035136                                 {product} {ergonomic}
   size_t MarkStackSize                            = 4194304                                   {product} {ergonomic}
   size_t MaxHeapSize                              = 3105882112                                {product} {ergonomic}
   size_t MaxNewSize                               = 1862270976                                {product} {ergonomic}
   size_t MinHeapDeltaBytes                        = 2097152                                   {product} {ergonomic}
   size_t MinHeapSize                              = 8388608                                   {product} {ergonomic}
    uintx NonNMethodCodeHeapSize                   = 5832780                                {pd product} {ergonomic}
    uintx NonProfiledCodeHeapSize                  = 122912730                              {pd product} {ergonomic}
    uintx ProfiledCodeHeapSize                     = 122912730                              {pd product} {ergonomic}
    uintx ReservedCodeCacheSize                    = 251658240                              {pd product} {ergonomic}
     bool SegmentedCodeCache                       = true                                      {product} {ergonomic}
   size_t SoftMaxHeapSize                          = 3105882112                             {manageable} {ergonomic}
     bool UseCompressedClassPointers               = true                           {product lp64_product} {ergonomic}
     bool UseCompressedOops                        = true                           {product lp64_product} {ergonomic}
     bool UseG1GC                                  = true                                      {product} {ergonomic}

Logging:
Log output configuration:
 #0: stdout all=warning uptime,level,tags foldmultilines=false
 #1: stderr all=off uptime,level,tags foldmultilines=false

Environment Variables:
PATH=/home/pavl-machine/.sdkman/candidates/gradle/current/bin:/home/pavl-machine/.local/bin:/snap/bin:/usr/sandbox/:/usr/local/bin:/usr/bin:/bin:/usr/local/games:/usr/games:/usr/share/games:/usr/local/sbin:/usr/sbin:/sbin:/usr/local/bin:/usr/bin:/bin:/usr/local/games:/usr/games
SHELL=/bin/bash
DISPLAY=:0
LANG=en_US.UTF-8
TERM=xterm-256color

Active Locale:
LC_ALL=en_US.UTF-8
LC_COLLATE=en_US.UTF-8
LC_CTYPE=en_US.UTF-8
LC_MESSAGES=en_US.UTF-8
LC_MONETARY=en_US.UTF-8
LC_NUMERIC=en_US.UTF-8
LC_TIME=en_US.UTF-8

Signal Handlers:
   SIGSEGV: crash_handler in libjvm.so, mask=11100100010111111101111111111110, flags=SA_RESTART|SA_SIGINFO, unblocked
    SIGBUS: crash_handler in libjvm.so, mask=11100100010111111101111111111110, flags=SA_RESTART|SA_SIGINFO, unblocked
    SIGFPE: crash_handler in libjvm.so, mask=11100100010111111101111111111110, flags=SA_RESTART|SA_SIGINFO, unblocked
   SIGPIPE: javaSignalHandler in libjvm.so, mask=11100100010111111101111111111110, flags=SA_RESTART|SA_SIGINFO, blocked
   SIGXFSZ: javaSignalHandler in libjvm.so, mask=11100100010111111101111111111110, flags=SA_RESTART|SA_SIGINFO, blocked
    SIGILL: crash_handler in libjvm.so, mask=11100100010111111101111111111110, flags=SA_RESTART|SA_SIGINFO, unblocked
   SIGUSR2: SR_handler in libjvm.so, mask=00000000000000000000000000000000, flags=SA_RESTART|SA_SIGINFO, blocked
    SIGHUP: UserHandler in libjvm.so, mask=11100100010111111101111111111110, flags=SA_RESTART|SA_SIGINFO, blocked
    SIGINT: UserHandler in libjvm.so, mask=11100100010111111101111111111110, flags=SA_RESTART|SA_SIGINFO, blocked
   SIGTERM: UserHandler in libjvm.so, mask=11100100010111111101111111111110, flags=SA_RESTART|SA_SIGINFO, blocked
   SIGQUIT: UserHandler in libjvm.so, mask=11100100010111111101111111111110, flags=SA_RESTART|SA_SIGINFO, blocked
   SIGTRAP: crash_handler in libjvm.so, mask=11100100010111111101111111111110, flags=SA_RESTART|SA_SIGINFO, unblocked


---------------  S Y S T E M  ---------------

OS:
PRETTY_NAME="Debian GNU/Linux 11 (bullseye)"
NAME="Debian GNU/Linux"
VERSION_ID="11"
VERSION="11 (bullseye)"
VERSION_CODENAME=bullseye
ID=debian
HOME_URL="https://www.debian.org/"
SUPPORT_URL="https://www.debian.org/support"
BUG_REPORT_URL="https://bugs.debian.org/"
uname: Linux 5.10.0-18-amd64 #1 SMP Debian 5.10.140-1 (2022-09-02) x86_64
OS uptime: 6 days 9:39 hours
libc: glibc 2.36 NPTL 2.36 
rlimit (soft/hard): STACK 8192k/infinity , CORE 0k/infinity , NPROC 47189/47189 , NOFILE 1048576/1048576 , AS infinity/infinity , CPU infinity/infinity , DATA infinity/infinity , FSIZE infinity/infinity , MEMLOCK 1515922k/1515922k
load average: 2.87 2.88 2.67

/proc/meminfo:
MemTotal:       12127380 kB
MemFree:         1071824 kB
MemAvailable:    5376272 kB
Buffers:          707088 kB
Cached:          5109072 kB
SwapCached:         5516 kB
Active:          3019208 kB
Inactive:        7188280 kB
Active(anon):      91924 kB
Inactive(anon):  5658248 kB
Active(file):    2927284 kB
Inactive(file):  1530032 kB
Unevictable:      378724 kB
Mlocked:              32 kB
SwapTotal:       6836220 kB
SwapFree:        6801348 kB
Dirty:             11984 kB
Writeback:             0 kB
AnonPages:       4537964 kB
Mapped:          1524560 kB
Shmem:           1358800 kB
KReclaimable:     182308 kB
Slab:             301276 kB
SReclaimable:     182308 kB
SUnreclaim:       118968 kB
KernelStack:       16848 kB
PageTables:        54616 kB
NFS_Unstable:          0 kB
Bounce:                0 kB
WritebackTmp:          0 kB
CommitLimit:    12899908 kB
Committed_AS:   13441772 kB
VmallocTotal:   34359738367 kB
VmallocUsed:       51932 kB
VmallocChunk:          0 kB
Percpu:             4576 kB
HardwareCorrupted:     0 kB
AnonHugePages:   2142208 kB
ShmemHugePages:        0 kB
ShmemPmdMapped:        0 kB
FileHugePages:         0 kB
FilePmdMapped:         0 kB
HugePages_Total:       0
HugePages_Free:        0
HugePages_Rsvd:        0
HugePages_Surp:        0
Hugepagesize:       2048 kB
Hugetlb:               0 kB
DirectMap4k:      440596 kB
DirectMap2M:    12005376 kB
DirectMap1G:     1048576 kB

/sys/kernel/mm/transparent_hugepage/enabled: [always] madvise never
/sys/kernel/mm/transparent_hugepage/defrag (defrag/compaction efforts parameter): always defer defer+madvise [madvise] never

Process Memory:
Virtual Size: 5950192K (peak: 5950192K)
Resident Set Size: 52380K (peak: 52380K) (anon: 30644K, file: 21736K, shmem: 0K)
Swapped out: 0K
C-Heap outstanding allocations: 19937K, retained: 2302K
glibc malloc tunables: (default)

/proc/sys/kernel/threads-max (system-wide limit on the number of threads): 94378
/proc/sys/vm/max_map_count (maximum number of memory map areas a process may have): 65530
/proc/sys/kernel/pid_max (system-wide limit on number of process identifiers): 4194304

container (cgroup) information:
container_type: cgroupv2
cpu_cpuset_cpus: not supported
cpu_memory_nodes: not supported
active_processor_count: 4
cpu_quota: not supported
cpu_period: not supported
cpu_shares: not supported
memory_limit_in_bytes: unlimited
memory_and_swap_limit_in_bytes: unlimited
memory_soft_limit_in_bytes: unlimited
memory_usage_in_bytes: 6473740 k
memory_max_usage_in_bytes: not supported
memory_swap_current_in_bytes: 32044 k
memory_swap_max_limit_in_bytes: unlimited
maximum number of tasks: unlimited
current number of tasks: 467

Steal ticks since vm start: 0
Steal ticks percentage since vm start:  0.000

CPU: total 4 (initial active 4) (2 cores per cpu, 2 threads per core) family 6 model 142 stepping 9 microcode 0x8e, cx8, cmov, fxsr, ht, mmx, 3dnowpref, sse, sse2, sse3, ssse3, sse4.1, sse4.2, popcnt, lzcnt, tsc, tscinvbit, avx, avx2, aes, erms, clmul, bmi1, bmi2, adx, fma, vzeroupper, clflush, clflushopt, rdtscp, f16c
CPU Model and flags from /proc/cpuinfo:
model name	: Intel(R) Core(TM) i3-7020U CPU @ 2.30GHz
flags		: fpu vme de pse tsc msr pae mce cx8 apic sep mtrr pge mca cmov pat pse36 clflush dts acpi mmx fxsr sse sse2 ss ht tm pbe syscall nx pdpe1gb rdtscp lm constant_tsc art arch_perfmon pebs bts rep_good nopl xtopology nonstop_tsc cpuid aperfmperf pni pclmulqdq dtes64 monitor ds_cpl vmx est tm2 ssse3 sdbg fma cx16 xtpr pdcm pcid sse4_1 sse4_2 x2apic movbe popcnt tsc_deadline_timer aes xsave avx f16c rdrand lahf_lm abm 3dnowprefetch cpuid_fault epb invpcid_single pti ssbd ibrs ibpb stibp tpr_shadow vnmi flexpriority ept vpid ept_ad fsgsbase tsc_adjust bmi1 avx2 smep bmi2 erms invpcid mpx rdseed adx smap clflushopt intel_pt xsaveopt xsavec xgetbv1 xsaves dtherm arat pln pts hwp hwp_notify hwp_act_window hwp_epp flush_l1d

Online cpus: 0-3
Offline cpus: 
BIOS frequency limitation: <Not Available>
Frequency switch latency (ns): 0
Available cpu frequencies: <Not Available>
Current governor: powersave
Core performance/turbo boost: <Not Available>

Memory: 4k page, physical 12127380k(1071824k free), swap 6836220k(6801348k free)
Page Sizes: 4k

vm_info: Java HotSpot(TM) 64-Bit Server VM (20.0.2+9-78) for linux-amd64 JRE (20.0.2+9-78), built on 2023-06-14T10:08:48Z by "mach5one" with gcc 11.2.0

END.
