#
# A fatal error has been detected by the Java Runtime Environment:
#
#  SIGSEGV (0xb) at pc=0x00007f758ddd4036, pid=25519, tid=25540
#
# JRE version: Java(TM) SE Runtime Environment (20.0.2+9) (build 20.0.2+9-78)
# Java VM: Java HotSpot(TM) 64-Bit Server VM (20.0.2+9-78, mixed mode, sharing, tiered, compressed oops, compressed class ptrs, g1 gc, linux-amd64)
# Problematic frame:
# V  [libjvm.so+0xe92036]  UTF8::unicode_length(char const*, bool&, bool&)+0x6
#
# No core dump will be written. Core dumps have been disabled. To enable core dumping, try "ulimit -c unlimited" before starting Java again
#
# If you would like to submit a bug report, please visit:
#   https://bugreport.java.com/bugreport/crash.jsp
#

---------------  S U M M A R Y ------------

Command Line: -Dfile.encoding=UTF-8 -Duser.country=US -Duser.language=en -Duser.variant com.serial4j.example.Launcher

Host: Intel(R) Core(TM) i3-7020U CPU @ 2.30GHz, 4 cores, 11G, Debian GNU/Linux 11 (bullseye)
Time: Thu Sep 28 22:24:00 2023 EAT elapsed time: 1.059430 seconds (0d 0h 0m 1s)

---------------  T H R E A D  ---------------

Current thread (0x00007f758841bf00):  JavaThread "Thread-0" [_thread_in_vm, id=25540, stack(0x00007f755dbfe000,0x00007f755dcfe000)]

Stack: [0x00007f755dbfe000,0x00007f755dcfe000],  sp=0x00007f755dcfc6c8,  free space=1017k
Native frames: (J=compiled Java code, j=interpreted, Vv=VM code, C=native code)
V  [libjvm.so+0xe92036]  UTF8::unicode_length(char const*, bool&, bool&)+0x6
V  [libjvm.so+0x8abc26]  java_lang_String::create_oop_from_str(char const*, JavaThread*)+0x16
V  [libjvm.so+0x9406b7]  jni_NewStringUTF+0x97
C  [libserial4j.so+0x83a4]  JNIEnv_::NewStringUTF(char const*)+0x2e
C  [libserial4j.so+0x7ed6]  Java_com_serial4j_core_terminal_NativeTerminalDevice_readBuffer0+0x85
j  com.serial4j.core.terminal.NativeTerminalDevice.readBuffer0()J+0
j  com.serial4j.core.terminal.TerminalDevice.readBuffer()J+4
j  com.serial4j.example.serial4j.HelloNativeSerial4J$1.run()V+11
j  java.lang.Thread.runWith(Ljava/lang/Object;Ljava/lang/Runnable;)V+5 java.base@20.0.2
j  java.lang.Thread.run()V+19 java.base@20.0.2
v  ~StubRoutines::call_stub 0x00007f7578402cc6
V  [libjvm.so+0x8a8a85]  JavaCalls::call_helper(JavaValue*, methodHandle const&, JavaCallArguments*, JavaThread*)+0x315
V  [libjvm.so+0x8aa3f2]  JavaCalls::call_virtual(JavaValue*, Handle, Klass*, Symbol*, Symbol*, JavaThread*)+0x1d2
V  [libjvm.so+0x97c29e]  thread_entry(JavaThread*, JavaThread*)+0x8e
V  [libjvm.so+0x8c03d8]  JavaThread::thread_main_inner() [clone .part.0]+0xb8
V  [libjvm.so+0xe5bae6]  Thread::call_run()+0xa6
V  [libjvm.so+0xc8a368]  thread_native_entry(Thread*)+0xd8
Java frames: (J=compiled Java code, j=interpreted, Vv=VM code)
j  com.serial4j.core.terminal.NativeTerminalDevice.readBuffer0()J+0
j  com.serial4j.core.terminal.TerminalDevice.readBuffer()J+4
j  com.serial4j.example.serial4j.HelloNativeSerial4J$1.run()V+11
j  java.lang.Thread.runWith(Ljava/lang/Object;Ljava/lang/Runnable;)V+5 java.base@20.0.2
j  java.lang.Thread.run()V+19 java.base@20.0.2
v  ~StubRoutines::call_stub 0x00007f7578402cc6

siginfo: si_signo: 11 (SIGSEGV), si_code: 128 (SI_KERNEL), si_addr: 0x0000000000000000

Registers:
RAX=0x0000000000000000, RBX=0x00007f758841bf00, RCX=0x00007f758d882620, RDX=0x00007f755dcfc6ee
RSP=0x00007f755dcfc6c8, RBP=0x00007f755dcfc720, RSI=0x00007f755dcfc6ef, RDI=0x2079202c3338203d
R8 =0x0000000000000000, R9 =0x00000007525f9cb0, R10=0x00007f758e2d1b40, R11=0x0000000000000246
R12=0x2079202c3338203d, R13=0x2079202c3338203d, R14=0x00007f755dcfc8b8, R15=0x00007f758841bf00
RIP=0x00007f758ddd4036, EFLAGS=0x0000000000010202, CSGSFS=0x002b000000000033, ERR=0x0000000000000000
  TRAPNO=0x000000000000000d


Register to memory mapping:

RAX=0x0 is NULL
RBX=0x00007f758841bf00 is a thread
RCX=0x00007f758d882620: <offset 0x0000000000940620> in /usr/lib/jvm/jdk-20/lib/server/libjvm.so at 0x00007f758cf42000
RDX=0x00007f755dcfc6ee is pointing into the stack for thread: 0x00007f758841bf00
RSP=0x00007f755dcfc6c8 is pointing into the stack for thread: 0x00007f758841bf00
RBP=0x00007f755dcfc720 is pointing into the stack for thread: 0x00007f758841bf00
RSI=0x00007f755dcfc6ef is pointing into the stack for thread: 0x00007f758841bf00
RDI=0x2079202c3338203d is an unknown value
R8 =0x0 is NULL
R9 =0x00000007525f9cb0 is an oop: com.serial4j.core.serial.SerialPort 
{0x00000007525f9cb0} - klass: 'com/serial4j/core/serial/SerialPort'
 - ---- fields (total size 4 words):
 - private 'portOpened' 'I' @12  1 (0x00000001)
 - private 'fd' 'I' @16  57 (0x00000039)
 - private 'ioFlag' 'I' @20  2306 (0x00000902)
 - private 'path' 'Ljava/lang/String;' @24  "/dev/ttyUSB0"{0x00000007525f9cd0} (0xea4bf39a)
R10=0x00007f758e2d1b40: <offset 0x000000000000fb40> in /lib/x86_64-linux-gnu/libc.so.6 at 0x00007f758e2c2000
R11=0x0000000000000246 is an unknown value
R12=0x2079202c3338203d is an unknown value
R13=0x2079202c3338203d is an unknown value
R14=0x00007f755dcfc8b8 is pointing into the stack for thread: 0x00007f758841bf00
R15=0x00007f758841bf00 is a thread


Top of Stack: (sp=0x00007f755dcfc6c8)
0x00007f755dcfc6c8:   00007f758d7ed054 00007f755dcfc700
0x00007f755dcfc6d8:   00007f758c009282 00007f758c00b039
0x00007f755dcfc6e8:   01007f758c00b03b 00007f74d8004d00
0x00007f755dcfc6f8:   00007f758841bf00 2079202c3338203d
0x00007f755dcfc708:   0000000000000000 00007f755dcfc8b8
0x00007f755dcfc718:   00007f758841bf00 00007f755dcfc740
0x00007f755dcfc728:   00007f758d7edc26 000000000000000f
0x00007f755dcfc738:   00007f758841bf00 00007f755dcfc790
0x00007f755dcfc748:   00007f758d8826b7 00007f758841bf00
0x00007f755dcfc758:   0000000000000000 00007f74d8000030
0x00007f755dcfc768:   000000000000000e 00007f755dcfc7d8
0x00007f755dcfc778:   00007f75544123c0 0000000000000000
0x00007f755dcfc788:   00007f75544123c0 00007f755dcfc7b0
0x00007f755dcfc798:   00007f758c0093a4 2079202c3338203d
0x00007f755dcfc7a8:   00007f758841c1e0 00007f755dcfc830
0x00007f755dcfc7b8:   00007f758c008ed6 00007f755dcfc8b8
0x00007f755dcfc7c8:   00007f758841c1e0 00007f755dcfc8b8
0x00007f755dcfc7d8:   2079202c3338203d 00000a5d3238203d
0x00007f755dcfc7e8:   00000000000018b1 ffff04157f1c0300
0x00007f755dcfc7f8:   170f12001a131100 0000000000000016
0x00007f755dcfc808:   0000000000000000 0000100100000000
0x00007f755dcfc818:   0000003900001001 000000000000000e
0x00007f755dcfc828:   000000ff784235c4 00007f755dcfc898
0x00007f755dcfc838:   00007f7578423728 0000000000000000
0x00007f755dcfc848:   00007f75784233d6 00007f755dcfc850
0x00007f755dcfc858:   00007f75544123c0 00007f755dcfc8b8
0x00007f755dcfc868:   00007f7554412748 0000000000000000
0x00007f755dcfc878:   0000000752485f68 00007f75544123c0
0x00007f755dcfc888:   0000000000000000 00007f755dcfc8b8
0x00007f755dcfc898:   00007f755dcfc908 00007f757841f479
0x00007f755dcfc8a8:   0000000000000000 00007f7578421076
0x00007f755dcfc8b8:   00000007525df398 00007f755dcfc8c0 

Instructions: (pc=0x00007f758ddd4036)
0x00007f758ddd3f36:   15 75 16 47 00 4c 89 e7 ff 90 b8 06 00 00 85 c0
0x00007f758ddd3f46:   75 0f 49 8b 04 24 4c 89 e7 ff 50 78 48 85 c0 74
0x00007f758ddd3f56:   39 48 8d 05 52 b1 45 00 48 8d 0d 33 54 16 00 48
0x00007f758ddd3f66:   8d 15 64 39 15 00 be 35 00 00 00 48 8d 3d 58 54
0x00007f758ddd3f76:   16 00 48 8b 00 c6 00 58 31 c0 e8 6b c7 7b ff 4c
0x00007f758ddd3f86:   8b 65 f8 c9 e9 01 34 df ff 90 4c 8b 65 f8 c9 c3
0x00007f758ddd3f96:   66 2e 0f 1f 84 00 00 00 00 00 48 89 75 e8 e8 77
0x00007f758ddd3fa6:   43 05 00 48 8b 75 e8 e9 79 ff ff ff 66 66 66 66
0x00007f758ddd3fb6:   66 2e 0f 1f 84 00 00 00 00 00 66 66 66 66 66 66
0x00007f758ddd3fc6:   2e 0f 1f 84 00 00 00 00 00 00 c6 01 00 89 f0 c6
0x00007f758ddd3fd6:   02 01 85 f6 7e 49 8d 76 ff 45 31 c0 4c 8d 54 37
0x00007f758ddd3fe6:   01 eb 10 0f 1f 80 00 00 00 00 48 83 c7 01 4c 39
0x00007f758ddd3ff6:   d7 74 2c 44 89 c6 44 0f b6 07 45 89 c1 41 83 e1
0x00007f758ddd4006:   c0 41 80 f9 80 75 e3 c6 01 01 40 80 fe c3 76 03
0x00007f758ddd4016:   c6 02 00 48 83 c7 01 83 e8 01 4c 39 d7 75 d4 c3
0x00007f758ddd4026:   66 2e 0f 1f 84 00 00 00 00 00 c6 02 00 c6 06 01
0x00007f758ddd4036:   0f b6 07 84 c0 74 43 31 c9 45 31 c0 eb 14 0f 1f
0x00007f758ddd4046:   40 00 41 83 c0 01 0f b6 47 01 48 83 c7 01 84 c0
0x00007f758ddd4056:   74 23 41 89 c9 89 c1 83 e0 c0 3c 80 75 e4 c6 02
0x00007f758ddd4066:   01 41 80 f9 c3 76 df 48 83 c7 01 c6 06 00 0f b6
0x00007f758ddd4076:   07 84 c0 75 dd 44 89 c0 c3 90 45 31 c0 44 89 c0
0x00007f758ddd4086:   c3 90 0f 1f 84 00 00 00 00 00 55 48 89 e5 53 48
0x00007f758ddd4096:   89 f3 48 83 ec 18 80 3f ed 74 1f 48 8d 75 ee e8
0x00007f758ddd40a6:   46 06 00 00 0f b7 55 ee 89 13 48 8b 5d f8 c9 c3
0x00007f758ddd40b6:   66 2e 0f 1f 84 00 00 00 00 00 0f b6 47 01 89 c2
0x00007f758ddd40c6:   83 e2 f0 80 fa a0 75 d3 0f b6 57 02 89 d1 83 e1
0x00007f758ddd40d6:   c0 80 f9 80 75 c5 80 7f 03 ed 75 bf 0f b6 4f 04
0x00007f758ddd40e6:   89 ce 83 e6 f0 40 80 fe b0 75 b0 0f b6 77 05 41
0x00007f758ddd40f6:   89 f0 41 83 e0 c0 41 80 f8 80 75 9f c1 e0 10 c1
0x00007f758ddd4106:   e2 0a 25 00 00 0f 00 81 e2 00 fc 00 00 8d 94 10
0x00007f758ddd4116:   00 00 01 00 89 c8 c1 e0 06 25 c0 03 00 00 01 c2
0x00007f758ddd4126:   89 f0 83 e0 3f 01 c2 48 8d 47 06 89 13 48 8b 5d 


Stack slot to memory mapping:
stack at sp + 0 slots: 0x00007f758d7ed054: <offset 0x00000000008ab054> in /usr/lib/jvm/jdk-20/lib/server/libjvm.so at 0x00007f758cf42000
stack at sp + 1 slots: 0x00007f755dcfc700 is pointing into the stack for thread: 0x00007f758841bf00
stack at sp + 2 slots: 0x00007f758c009282: _ZN7JNIEnv_10GetFieldIDEP7_jclassPKcS3_+0x000000000000003c in /home/twisted/GradleProjects/Serial4j-v1/serial4j-examples/libs/bin/libserial4j.so at 0x00007f758c001000
stack at sp + 3 slots: 0x00007f758c00b039: <offset 0x000000000000a039> in /home/twisted/GradleProjects/Serial4j-v1/serial4j-examples/libs/bin/libserial4j.so at 0x00007f758c001000
stack at sp + 4 slots: 0x01007f758c00b03b is an unknown value
stack at sp + 5 slots: 0x00007f74d8004d00 points into unknown readable memory: 0x00000007525f9bb0 | b0 9b 5f 52 07 00 00 00
stack at sp + 6 slots: 0x00007f758841bf00 is a thread
stack at sp + 7 slots: 0x2079202c3338203d is an unknown value


---------------  P R O C E S S  ---------------

Threads class SMR info:
_java_thread_list=0x00007f74dc000b70, length=11, elements={
0x00007f7588132270, 0x00007f75881337a0, 0x00007f7588135280, 0x00007f7588136710,
0x00007f7588137b90, 0x00007f75881395b0, 0x00007f758813ab50, 0x00007f7588159660,
0x00007f758815dd10, 0x00007f758841bf00, 0x00007f758802b4a0
}

Java Threads: ( => current thread )
  0x00007f7588132270 JavaThread "Reference Handler" daemon [_thread_blocked, id=25529, stack(0x00007f756c60d000,0x00007f756c70d000)]
  0x00007f75881337a0 JavaThread "Finalizer" daemon [_thread_blocked, id=25530, stack(0x00007f756c50d000,0x00007f756c60d000)]
  0x00007f7588135280 JavaThread "Signal Dispatcher" daemon [_thread_blocked, id=25531, stack(0x00007f756c40d000,0x00007f756c50d000)]
  0x00007f7588136710 JavaThread "Service Thread" daemon [_thread_blocked, id=25532, stack(0x00007f756c30d000,0x00007f756c40d000)]
  0x00007f7588137b90 JavaThread "Monitor Deflation Thread" daemon [_thread_blocked, id=25533, stack(0x00007f756c20d000,0x00007f756c30d000)]
  0x00007f75881395b0 JavaThread "C2 CompilerThread0" daemon [_thread_blocked, id=25534, stack(0x00007f756c10d000,0x00007f756c20d000)]
  0x00007f758813ab50 JavaThread "C1 CompilerThread0" daemon [_thread_blocked, id=25535, stack(0x00007f756c00d000,0x00007f756c10d000)]
  0x00007f7588159660 JavaThread "Notification Thread" daemon [_thread_blocked, id=25536, stack(0x00007f755df00000,0x00007f755e000000)]
  0x00007f758815dd10 JavaThread "Common-Cleaner" daemon [_thread_blocked, id=25538, stack(0x00007f755dcfe000,0x00007f755ddfe000)]
=>0x00007f758841bf00 JavaThread "Thread-0" [_thread_in_vm, id=25540, stack(0x00007f755dbfe000,0x00007f755dcfe000)]
  0x00007f758802b4a0 JavaThread "DestroyJavaVM" [_thread_blocked, id=25521, stack(0x00007f758cd5e000,0x00007f758ce5e000)]

Other Threads:
  0x00007f75881257f0 VMThread "VM Thread" [stack: 0x00007f756c9f8000,0x00007f756caf8000] [id=25528] _threads_hazard_ptr=0x00007f74dc000b70
  0x00007f758815b490 WatcherThread "VM Periodic Task Thread" [stack: 0x00007f755de00000,0x00007f755df00000] [id=25537]
  0x00007f7588085f00 WorkerThread "GC Thread#0" [stack: 0x00007f758c040000,0x00007f758c140000] [id=25523]
  0x00007f7588092dd0 ConcurrentGCThread "G1 Main Marker" [stack: 0x00007f756d3f1000,0x00007f756d4f1000] [id=25524]
  0x00007f7588093cf0 WorkerThread "G1 Conc#0" [stack: 0x00007f756d2ef000,0x00007f756d3ef000] [id=25525]
  0x00007f75880f3fd0 ConcurrentGCThread "G1 Refine#0" [stack: 0x00007f756cde9000,0x00007f756cee9000] [id=25526]
  0x00007f75880f4f10 ConcurrentGCThread "G1 Service" [stack: 0x00007f756cce7000,0x00007f756cde7000] [id=25527]

Threads with active compile tasks:

VM state: synchronizing (normal execution)

VM Mutex/Monitor currently owned by a thread:  ([mutex/lock_event])
[0x00007f758802a080] Threads_lock - owner thread: 0x00007f75881257f0

Heap address: 0x0000000746e00000, size: 2962 MB, Compressed Oops mode: Zero based, Oop shift amount: 3

CDS archive(s) mapped at: [0x00007f750f000000-0x00007f750fc7e000-0x00007f750fc7e000), size 13099008, SharedBaseAddress: 0x00007f750f000000, ArchiveRelocationMode: 1.
Compressed class space mapped at: 0x00007f7510000000-0x00007f7550000000, reserved size: 1073741824
Narrow klass base: 0x00007f750f000000, Narrow klass shift: 0, Narrow klass range: 0x100000000

GC Precious Log:
 CardTable entry size: 512
 Card Set container configuration: InlinePtr #cards 4 size 8 Array Of Cards #cards 16 size 48 Howl #buckets 8 coarsen threshold 3686 Howl Bitmap #cards 512 size 80 coarsen threshold 460 Card regions per heap region 1 cards per card region 4096
 CPUs: 4 total, 4 available
 Memory: 11843M
 Large Page Support: Disabled
 NUMA Support: Disabled
 Compressed Oops: Enabled (Zero based)
 Heap Region Size: 2M
 Heap Min Capacity: 8M
 Heap Initial Capacity: 186M
 Heap Max Capacity: 2962M
 Pre-touch: Disabled
 Parallel Workers: 4
 Concurrent Workers: 1
 Concurrent Refinement Workers: 4
 Periodic GC: Disabled

Heap:
 garbage-first heap   total 194560K, used 6128K [0x0000000746e00000, 0x0000000800000000)
  region size 2048K, 3 young (6144K), 0 survivors (0K)
 Metaspace       used 1230K, committed 1408K, reserved 1114112K
  class space    used 130K, committed 192K, reserved 1048576K

Heap Regions: E=young(eden), S=young(survivor), O=old, HS=humongous(starts), HC=humongous(continues), CS=collection set, F=free, OA=open archive, CA=closed archive, TAMS=top-at-mark-start, PB=parsable bottom
|   0|0x0000000746e00000, 0x0000000746e00000, 0x0000000747000000|  0%| F|  |TAMS 0x0000000746e00000| PB 0x0000000746e00000| Untracked 
|   1|0x0000000747000000, 0x0000000747000000, 0x0000000747200000|  0%| F|  |TAMS 0x0000000747000000| PB 0x0000000747000000| Untracked 
|   2|0x0000000747200000, 0x0000000747200000, 0x0000000747400000|  0%| F|  |TAMS 0x0000000747200000| PB 0x0000000747200000| Untracked 
|   3|0x0000000747400000, 0x0000000747400000, 0x0000000747600000|  0%| F|  |TAMS 0x0000000747400000| PB 0x0000000747400000| Untracked 
|   4|0x0000000747600000, 0x0000000747600000, 0x0000000747800000|  0%| F|  |TAMS 0x0000000747600000| PB 0x0000000747600000| Untracked 
|   5|0x0000000747800000, 0x0000000747800000, 0x0000000747a00000|  0%| F|  |TAMS 0x0000000747800000| PB 0x0000000747800000| Untracked 
|   6|0x0000000747a00000, 0x0000000747a00000, 0x0000000747c00000|  0%| F|  |TAMS 0x0000000747a00000| PB 0x0000000747a00000| Untracked 
|   7|0x0000000747c00000, 0x0000000747c00000, 0x0000000747e00000|  0%| F|  |TAMS 0x0000000747c00000| PB 0x0000000747c00000| Untracked 
|   8|0x0000000747e00000, 0x0000000747e00000, 0x0000000748000000|  0%| F|  |TAMS 0x0000000747e00000| PB 0x0000000747e00000| Untracked 
|   9|0x0000000748000000, 0x0000000748000000, 0x0000000748200000|  0%| F|  |TAMS 0x0000000748000000| PB 0x0000000748000000| Untracked 
|  10|0x0000000748200000, 0x0000000748200000, 0x0000000748400000|  0%| F|  |TAMS 0x0000000748200000| PB 0x0000000748200000| Untracked 
|  11|0x0000000748400000, 0x0000000748400000, 0x0000000748600000|  0%| F|  |TAMS 0x0000000748400000| PB 0x0000000748400000| Untracked 
|  12|0x0000000748600000, 0x0000000748600000, 0x0000000748800000|  0%| F|  |TAMS 0x0000000748600000| PB 0x0000000748600000| Untracked 
|  13|0x0000000748800000, 0x0000000748800000, 0x0000000748a00000|  0%| F|  |TAMS 0x0000000748800000| PB 0x0000000748800000| Untracked 
|  14|0x0000000748a00000, 0x0000000748a00000, 0x0000000748c00000|  0%| F|  |TAMS 0x0000000748a00000| PB 0x0000000748a00000| Untracked 
|  15|0x0000000748c00000, 0x0000000748c00000, 0x0000000748e00000|  0%| F|  |TAMS 0x0000000748c00000| PB 0x0000000748c00000| Untracked 
|  16|0x0000000748e00000, 0x0000000748e00000, 0x0000000749000000|  0%| F|  |TAMS 0x0000000748e00000| PB 0x0000000748e00000| Untracked 
|  17|0x0000000749000000, 0x0000000749000000, 0x0000000749200000|  0%| F|  |TAMS 0x0000000749000000| PB 0x0000000749000000| Untracked 
|  18|0x0000000749200000, 0x0000000749200000, 0x0000000749400000|  0%| F|  |TAMS 0x0000000749200000| PB 0x0000000749200000| Untracked 
|  19|0x0000000749400000, 0x0000000749400000, 0x0000000749600000|  0%| F|  |TAMS 0x0000000749400000| PB 0x0000000749400000| Untracked 
|  20|0x0000000749600000, 0x0000000749600000, 0x0000000749800000|  0%| F|  |TAMS 0x0000000749600000| PB 0x0000000749600000| Untracked 
|  21|0x0000000749800000, 0x0000000749800000, 0x0000000749a00000|  0%| F|  |TAMS 0x0000000749800000| PB 0x0000000749800000| Untracked 
|  22|0x0000000749a00000, 0x0000000749a00000, 0x0000000749c00000|  0%| F|  |TAMS 0x0000000749a00000| PB 0x0000000749a00000| Untracked 
|  23|0x0000000749c00000, 0x0000000749c00000, 0x0000000749e00000|  0%| F|  |TAMS 0x0000000749c00000| PB 0x0000000749c00000| Untracked 
|  24|0x0000000749e00000, 0x0000000749e00000, 0x000000074a000000|  0%| F|  |TAMS 0x0000000749e00000| PB 0x0000000749e00000| Untracked 
|  25|0x000000074a000000, 0x000000074a000000, 0x000000074a200000|  0%| F|  |TAMS 0x000000074a000000| PB 0x000000074a000000| Untracked 
|  26|0x000000074a200000, 0x000000074a200000, 0x000000074a400000|  0%| F|  |TAMS 0x000000074a200000| PB 0x000000074a200000| Untracked 
|  27|0x000000074a400000, 0x000000074a400000, 0x000000074a600000|  0%| F|  |TAMS 0x000000074a400000| PB 0x000000074a400000| Untracked 
|  28|0x000000074a600000, 0x000000074a600000, 0x000000074a800000|  0%| F|  |TAMS 0x000000074a600000| PB 0x000000074a600000| Untracked 
|  29|0x000000074a800000, 0x000000074a800000, 0x000000074aa00000|  0%| F|  |TAMS 0x000000074a800000| PB 0x000000074a800000| Untracked 
|  30|0x000000074aa00000, 0x000000074aa00000, 0x000000074ac00000|  0%| F|  |TAMS 0x000000074aa00000| PB 0x000000074aa00000| Untracked 
|  31|0x000000074ac00000, 0x000000074ac00000, 0x000000074ae00000|  0%| F|  |TAMS 0x000000074ac00000| PB 0x000000074ac00000| Untracked 
|  32|0x000000074ae00000, 0x000000074ae00000, 0x000000074b000000|  0%| F|  |TAMS 0x000000074ae00000| PB 0x000000074ae00000| Untracked 
|  33|0x000000074b000000, 0x000000074b000000, 0x000000074b200000|  0%| F|  |TAMS 0x000000074b000000| PB 0x000000074b000000| Untracked 
|  34|0x000000074b200000, 0x000000074b200000, 0x000000074b400000|  0%| F|  |TAMS 0x000000074b200000| PB 0x000000074b200000| Untracked 
|  35|0x000000074b400000, 0x000000074b400000, 0x000000074b600000|  0%| F|  |TAMS 0x000000074b400000| PB 0x000000074b400000| Untracked 
|  36|0x000000074b600000, 0x000000074b600000, 0x000000074b800000|  0%| F|  |TAMS 0x000000074b600000| PB 0x000000074b600000| Untracked 
|  37|0x000000074b800000, 0x000000074b800000, 0x000000074ba00000|  0%| F|  |TAMS 0x000000074b800000| PB 0x000000074b800000| Untracked 
|  38|0x000000074ba00000, 0x000000074ba00000, 0x000000074bc00000|  0%| F|  |TAMS 0x000000074ba00000| PB 0x000000074ba00000| Untracked 
|  39|0x000000074bc00000, 0x000000074bc00000, 0x000000074be00000|  0%| F|  |TAMS 0x000000074bc00000| PB 0x000000074bc00000| Untracked 
|  40|0x000000074be00000, 0x000000074be00000, 0x000000074c000000|  0%| F|  |TAMS 0x000000074be00000| PB 0x000000074be00000| Untracked 
|  41|0x000000074c000000, 0x000000074c000000, 0x000000074c200000|  0%| F|  |TAMS 0x000000074c000000| PB 0x000000074c000000| Untracked 
|  42|0x000000074c200000, 0x000000074c200000, 0x000000074c400000|  0%| F|  |TAMS 0x000000074c200000| PB 0x000000074c200000| Untracked 
|  43|0x000000074c400000, 0x000000074c400000, 0x000000074c600000|  0%| F|  |TAMS 0x000000074c400000| PB 0x000000074c400000| Untracked 
|  44|0x000000074c600000, 0x000000074c600000, 0x000000074c800000|  0%| F|  |TAMS 0x000000074c600000| PB 0x000000074c600000| Untracked 
|  45|0x000000074c800000, 0x000000074c800000, 0x000000074ca00000|  0%| F|  |TAMS 0x000000074c800000| PB 0x000000074c800000| Untracked 
|  46|0x000000074ca00000, 0x000000074ca00000, 0x000000074cc00000|  0%| F|  |TAMS 0x000000074ca00000| PB 0x000000074ca00000| Untracked 
|  47|0x000000074cc00000, 0x000000074cc00000, 0x000000074ce00000|  0%| F|  |TAMS 0x000000074cc00000| PB 0x000000074cc00000| Untracked 
|  48|0x000000074ce00000, 0x000000074ce00000, 0x000000074d000000|  0%| F|  |TAMS 0x000000074ce00000| PB 0x000000074ce00000| Untracked 
|  49|0x000000074d000000, 0x000000074d000000, 0x000000074d200000|  0%| F|  |TAMS 0x000000074d000000| PB 0x000000074d000000| Untracked 
|  50|0x000000074d200000, 0x000000074d200000, 0x000000074d400000|  0%| F|  |TAMS 0x000000074d200000| PB 0x000000074d200000| Untracked 
|  51|0x000000074d400000, 0x000000074d400000, 0x000000074d600000|  0%| F|  |TAMS 0x000000074d400000| PB 0x000000074d400000| Untracked 
|  52|0x000000074d600000, 0x000000074d600000, 0x000000074d800000|  0%| F|  |TAMS 0x000000074d600000| PB 0x000000074d600000| Untracked 
|  53|0x000000074d800000, 0x000000074d800000, 0x000000074da00000|  0%| F|  |TAMS 0x000000074d800000| PB 0x000000074d800000| Untracked 
|  54|0x000000074da00000, 0x000000074da00000, 0x000000074dc00000|  0%| F|  |TAMS 0x000000074da00000| PB 0x000000074da00000| Untracked 
|  55|0x000000074dc00000, 0x000000074dc00000, 0x000000074de00000|  0%| F|  |TAMS 0x000000074dc00000| PB 0x000000074dc00000| Untracked 
|  56|0x000000074de00000, 0x000000074de00000, 0x000000074e000000|  0%| F|  |TAMS 0x000000074de00000| PB 0x000000074de00000| Untracked 
|  57|0x000000074e000000, 0x000000074e000000, 0x000000074e200000|  0%| F|  |TAMS 0x000000074e000000| PB 0x000000074e000000| Untracked 
|  58|0x000000074e200000, 0x000000074e200000, 0x000000074e400000|  0%| F|  |TAMS 0x000000074e200000| PB 0x000000074e200000| Untracked 
|  59|0x000000074e400000, 0x000000074e400000, 0x000000074e600000|  0%| F|  |TAMS 0x000000074e400000| PB 0x000000074e400000| Untracked 
|  60|0x000000074e600000, 0x000000074e600000, 0x000000074e800000|  0%| F|  |TAMS 0x000000074e600000| PB 0x000000074e600000| Untracked 
|  61|0x000000074e800000, 0x000000074e800000, 0x000000074ea00000|  0%| F|  |TAMS 0x000000074e800000| PB 0x000000074e800000| Untracked 
|  62|0x000000074ea00000, 0x000000074ea00000, 0x000000074ec00000|  0%| F|  |TAMS 0x000000074ea00000| PB 0x000000074ea00000| Untracked 
|  63|0x000000074ec00000, 0x000000074ec00000, 0x000000074ee00000|  0%| F|  |TAMS 0x000000074ec00000| PB 0x000000074ec00000| Untracked 
|  64|0x000000074ee00000, 0x000000074ee00000, 0x000000074f000000|  0%| F|  |TAMS 0x000000074ee00000| PB 0x000000074ee00000| Untracked 
|  65|0x000000074f000000, 0x000000074f000000, 0x000000074f200000|  0%| F|  |TAMS 0x000000074f000000| PB 0x000000074f000000| Untracked 
|  66|0x000000074f200000, 0x000000074f200000, 0x000000074f400000|  0%| F|  |TAMS 0x000000074f200000| PB 0x000000074f200000| Untracked 
|  67|0x000000074f400000, 0x000000074f400000, 0x000000074f600000|  0%| F|  |TAMS 0x000000074f400000| PB 0x000000074f400000| Untracked 
|  68|0x000000074f600000, 0x000000074f600000, 0x000000074f800000|  0%| F|  |TAMS 0x000000074f600000| PB 0x000000074f600000| Untracked 
|  69|0x000000074f800000, 0x000000074f800000, 0x000000074fa00000|  0%| F|  |TAMS 0x000000074f800000| PB 0x000000074f800000| Untracked 
|  70|0x000000074fa00000, 0x000000074fa00000, 0x000000074fc00000|  0%| F|  |TAMS 0x000000074fa00000| PB 0x000000074fa00000| Untracked 
|  71|0x000000074fc00000, 0x000000074fc00000, 0x000000074fe00000|  0%| F|  |TAMS 0x000000074fc00000| PB 0x000000074fc00000| Untracked 
|  72|0x000000074fe00000, 0x000000074fe00000, 0x0000000750000000|  0%| F|  |TAMS 0x000000074fe00000| PB 0x000000074fe00000| Untracked 
|  73|0x0000000750000000, 0x0000000750000000, 0x0000000750200000|  0%| F|  |TAMS 0x0000000750000000| PB 0x0000000750000000| Untracked 
|  74|0x0000000750200000, 0x0000000750200000, 0x0000000750400000|  0%| F|  |TAMS 0x0000000750200000| PB 0x0000000750200000| Untracked 
|  75|0x0000000750400000, 0x0000000750400000, 0x0000000750600000|  0%| F|  |TAMS 0x0000000750400000| PB 0x0000000750400000| Untracked 
|  76|0x0000000750600000, 0x0000000750600000, 0x0000000750800000|  0%| F|  |TAMS 0x0000000750600000| PB 0x0000000750600000| Untracked 
|  77|0x0000000750800000, 0x0000000750800000, 0x0000000750a00000|  0%| F|  |TAMS 0x0000000750800000| PB 0x0000000750800000| Untracked 
|  78|0x0000000750a00000, 0x0000000750a00000, 0x0000000750c00000|  0%| F|  |TAMS 0x0000000750a00000| PB 0x0000000750a00000| Untracked 
|  79|0x0000000750c00000, 0x0000000750c00000, 0x0000000750e00000|  0%| F|  |TAMS 0x0000000750c00000| PB 0x0000000750c00000| Untracked 
|  80|0x0000000750e00000, 0x0000000750e00000, 0x0000000751000000|  0%| F|  |TAMS 0x0000000750e00000| PB 0x0000000750e00000| Untracked 
|  81|0x0000000751000000, 0x0000000751000000, 0x0000000751200000|  0%| F|  |TAMS 0x0000000751000000| PB 0x0000000751000000| Untracked 
|  82|0x0000000751200000, 0x0000000751200000, 0x0000000751400000|  0%| F|  |TAMS 0x0000000751200000| PB 0x0000000751200000| Untracked 
|  83|0x0000000751400000, 0x0000000751400000, 0x0000000751600000|  0%| F|  |TAMS 0x0000000751400000| PB 0x0000000751400000| Untracked 
|  84|0x0000000751600000, 0x0000000751600000, 0x0000000751800000|  0%| F|  |TAMS 0x0000000751600000| PB 0x0000000751600000| Untracked 
|  85|0x0000000751800000, 0x0000000751800000, 0x0000000751a00000|  0%| F|  |TAMS 0x0000000751800000| PB 0x0000000751800000| Untracked 
|  86|0x0000000751a00000, 0x0000000751a00000, 0x0000000751c00000|  0%| F|  |TAMS 0x0000000751a00000| PB 0x0000000751a00000| Untracked 
|  87|0x0000000751c00000, 0x0000000751c00000, 0x0000000751e00000|  0%| F|  |TAMS 0x0000000751c00000| PB 0x0000000751c00000| Untracked 
|  88|0x0000000751e00000, 0x0000000751e00000, 0x0000000752000000|  0%| F|  |TAMS 0x0000000751e00000| PB 0x0000000751e00000| Untracked 
|  89|0x0000000752000000, 0x0000000752000000, 0x0000000752200000|  0%| F|  |TAMS 0x0000000752000000| PB 0x0000000752000000| Untracked 
|  90|0x0000000752200000, 0x0000000752333cb0, 0x0000000752400000| 60%| E|  |TAMS 0x0000000752200000| PB 0x0000000752200000| Complete 
|  91|0x0000000752400000, 0x0000000752600000, 0x0000000752600000|100%| E|CS|TAMS 0x0000000752400000| PB 0x0000000752400000| Complete 
|  92|0x0000000752600000, 0x0000000752800000, 0x0000000752800000|100%| E|CS|TAMS 0x0000000752600000| PB 0x0000000752600000| Complete 
|1479|0x00000007ffc00000, 0x00000007ffd79000, 0x00000007ffe00000| 73%|OA|  |TAMS 0x00000007ffc00000| PB 0x00000007ffc00000| Untracked 
|1480|0x00000007ffe00000, 0x00000007ffe83000, 0x0000000800000000| 25%|CA|  |TAMS 0x00000007ffe00000| PB 0x00000007ffe00000| Untracked 

Card table byte_map: [0x00007f7570902000,0x00007f7570ecb000] _byte_map_base: 0x00007f756cecb000

Marking Bits: (CMBitMap*) 0x00007f7588086990
 Bits: [0x00007f756d4f1000, 0x00007f7570339000)

Polling page: 0x00007f758e4f1000

Metaspace:

Usage:
  Non-class:      1.07 MB used.
      Class:    130.79 KB used.
       Both:      1.20 MB used.

Virtual space:
  Non-class space:       64.00 MB reserved,       1.19 MB (  2%) committed,  1 nodes.
      Class space:        1.00 GB reserved,     192.00 KB ( <1%) committed,  1 nodes.
             Both:        1.06 GB reserved,       1.38 MB ( <1%) committed. 

Chunk freelists:
   Non-Class:  3.72 MB
       Class:  3.66 MB
        Both:  7.37 MB

MaxMetaspaceSize: unlimited
CompressedClassSpaceSize: 1.00 GB
Initial GC threshold: 21.00 MB
Current GC threshold: 21.00 MB
CDS: on
MetaspaceReclaimPolicy: balanced
 - commit_granule_bytes: 65536.
 - commit_granule_words: 8192.
 - virtual_space_node_default_size: 8388608.
 - enlarge_chunks_in_place: 1.
 - new_chunks_are_fully_committed: 0.
 - uncommit_free_chunks: 1.
 - use_allocation_guard: 0.


Internal statistics:

num_allocs_failed_limit: 0.
num_arena_births: 112.
num_arena_deaths: 0.
num_vsnodes_births: 2.
num_vsnodes_deaths: 0.
num_space_committed: 22.
num_space_uncommitted: 0.
num_chunks_returned_to_freelist: 0.
num_chunks_taken_from_freelist: 166.
num_chunk_merges: 0.
num_chunk_splits: 87.
num_chunks_enlarged: 20.
num_inconsistent_stats: 0.

CodeHeap 'non-profiled nmethods': size=120032Kb used=151Kb max_used=151Kb free=119880Kb
 bounds [0x00007f7578993000, 0x00007f7578c03000, 0x00007f757fecb000]
CodeHeap 'profiled nmethods': size=120028Kb used=658Kb max_used=658Kb free=119369Kb
 bounds [0x00007f7570ecb000, 0x00007f757113b000, 0x00007f7578402000]
CodeHeap 'non-nmethods': size=5700Kb used=1357Kb max_used=1375Kb free=4343Kb
 bounds [0x00007f7578402000, 0x00007f7578672000, 0x00007f7578993000]
 total_blobs=920 nmethods=500 adapters=332
 compilation: enabled
              stopped_count=0, restarted_count=0
 full_count=0

Compilation events (20 events):
Event: 0.939 Thread 0x00007f758813ab50  485       3       jdk.internal.org.objectweb.asm.ByteVector::putInt (74 bytes)
Event: 0.939 Thread 0x00007f758813ab50 nmethod 485 0x00007f7570f6a790 code [0x00007f7570f6a940, 0x00007f7570f6ab98]
Event: 0.939 Thread 0x00007f758813ab50  486       3       java.lang.invoke.InvokerBytecodeGenerator::emitLoadInsn (21 bytes)
Event: 0.939 Thread 0x00007f758813ab50 nmethod 486 0x00007f7570f6ad10 code [0x00007f7570f6aec0, 0x00007f7570f6b108]
Event: 0.940 Thread 0x00007f758813ab50  491       3       java.lang.invoke.LambdaForm$NamedFunction::methodType (28 bytes)
Event: 0.940 Thread 0x00007f758813ab50 nmethod 491 0x00007f7570f6b290 code [0x00007f7570f6b440, 0x00007f7570f6b780]
Event: 0.940 Thread 0x00007f758813ab50  487       3       java.lang.invoke.InvokerBytecodeGenerator::loadInsnOpcode (98 bytes)
Event: 0.941 Thread 0x00007f758813ab50 nmethod 487 0x00007f7570f6b890 code [0x00007f7570f6bae0, 0x00007f7570f6c428]
Event: 0.941 Thread 0x00007f758813ab50  488       3       java.lang.invoke.InvokerBytecodeGenerator::emitPushArgument (150 bytes)
Event: 0.942 Thread 0x00007f758813ab50 nmethod 488 0x00007f7570f6c710 code [0x00007f7570f6c9c0, 0x00007f7570f6d750]
Event: 0.942 Thread 0x00007f758813ab50  492       3       java.lang.invoke.LambdaForm$BasicType::basicTypeSlots (8 bytes)
Event: 0.942 Thread 0x00007f758813ab50 nmethod 492 0x00007f7570f6da90 code [0x00007f7570f6dc20, 0x00007f7570f6dd98]
Event: 0.942 Thread 0x00007f758813ab50  493       3       jdk.internal.org.objectweb.asm.Frame::pop (46 bytes)
Event: 0.943 Thread 0x00007f758813ab50 nmethod 493 0x00007f7570f6de90 code [0x00007f7570f6e020, 0x00007f7570f6e1c0]
Event: 0.943 Thread 0x00007f758813ab50  496       3       java.util.ImmutableCollections$ListN::get (7 bytes)
Event: 0.943 Thread 0x00007f758813ab50 nmethod 496 0x00007f7570f6e290 code [0x00007f7570f6e420, 0x00007f7570f6e558]
Event: 0.943 Thread 0x00007f758813ab50  497       3       java.lang.invoke.LambdaFormBuffer::ownedCount (7 bytes)
Event: 0.943 Thread 0x00007f758813ab50 nmethod 497 0x00007f7570f6e610 code [0x00007f7570f6e7a0, 0x00007f7570f6e8a8]
Event: 0.943 Thread 0x00007f758813ab50  500       3       java.lang.StringConcatHelper::newString (67 bytes)
Event: 0.944 Thread 0x00007f758813ab50 nmethod 500 0x00007f7570f6e910 code [0x00007f7570f6eb60, 0x00007f7570f6f500]

GC Heap History (0 events):
No events

Dll operation events (6 events):
Event: 0.002 Loaded shared library /usr/lib/jvm/jdk-20/lib/libjava.so
Event: 0.023 Loaded shared library /usr/lib/jvm/jdk-20/lib/libjsvml.so
Event: 0.056 Loaded shared library /usr/lib/jvm/jdk-20/lib/libnio.so
Event: 0.059 Loaded shared library /usr/lib/jvm/jdk-20/lib/libzip.so
Event: 0.108 Loaded shared library /usr/lib/jvm/jdk-20/lib/libjimage.so
Event: 0.226 Loaded shared library /home/twisted/GradleProjects/Serial4j-v1/serial4j-examples/libs/bin/libserial4j.so

Deoptimization events (10 events):
Event: 0.147 Thread 0x00007f758802b4a0 DEOPT PACKING pc=0x00007f7570ed04ca sp=0x00007f758ce5abf0
Event: 0.147 Thread 0x00007f758802b4a0 DEOPT UNPACKING pc=0x00007f757846b9af sp=0x00007f758ce5a030 mode 0
Event: 0.226 Thread 0x00007f758802b4a0 Uncommon trap: trap_request=0xffffff76 fr.pc=0x00007f75789b12d8 relative=0x00000000000001b8
Event: 0.226 Thread 0x00007f758802b4a0 Uncommon trap: reason=predicate action=maybe_recompile pc=0x00007f75789b12d8 method=java.util.regex.Pattern$BmpCharPropertyGreedy.match(Ljava/util/regex/Matcher;ILjava/lang/CharSequence;)Z @ 12 c2
Event: 0.226 Thread 0x00007f758802b4a0 DEOPT PACKING pc=0x00007f75789b12d8 sp=0x00007f758ce5b650
Event: 0.227 Thread 0x00007f758802b4a0 DEOPT UNPACKING pc=0x00007f757846b219 sp=0x00007f758ce5b628 mode 2
Event: 0.229 Thread 0x00007f758802b4a0 Uncommon trap: trap_request=0xffffff45 fr.pc=0x00007f75789aa568 relative=0x0000000000000168
Event: 0.229 Thread 0x00007f758802b4a0 Uncommon trap: reason=unstable_if action=reinterpret pc=0x00007f75789aa568 method=java.util.concurrent.locks.ReentrantLock$NonfairSync.initialTryLock()Z @ 10 c2
Event: 0.229 Thread 0x00007f758802b4a0 DEOPT PACKING pc=0x00007f75789aa568 sp=0x00007f758ce5c470
Event: 0.229 Thread 0x00007f758802b4a0 DEOPT UNPACKING pc=0x00007f757846b219 sp=0x00007f758ce5c418 mode 2

Classes loaded (20 events):
Event: 0.208 Loading class java/util/Formatter$DateTime
Event: 0.208 Loading class java/util/Formatter$DateTime done
Event: 0.208 Loading class java/util/Formatter$FixedString
Event: 0.208 Loading class java/util/Formatter$FixedString done
Event: 0.209 Loading class java/time/ZonedDateTime$1
Event: 0.209 Loading class java/time/ZonedDateTime$1 done
Event: 0.211 Loading class jdk/internal/module/ModulePatcher$PatchedModuleReader
Event: 0.211 Loading class jdk/internal/module/ModulePatcher$PatchedModuleReader done
Event: 0.211 Loading class sun/net/www/protocol/jrt/Handler
Event: 0.211 Loading class sun/net/www/protocol/jrt/Handler done
Event: 0.218 Loading class sun/text/resources/cldr/FormatData_en
Event: 0.218 Loading class sun/text/resources/cldr/FormatData_en done
Event: 0.218 Loading class sun/text/resources/cldr/FormatData_en_US
Event: 0.218 Loading class sun/text/resources/cldr/FormatData_en_US done
Event: 0.944 Loading class java/lang/Thread$ThreadNumbering
Event: 0.944 Loading class java/lang/Thread$ThreadNumbering done
Event: 0.944 Loading class jdk/internal/event/ThreadSleepEvent
Event: 0.944 Loading class jdk/internal/event/Event
Event: 0.944 Loading class jdk/internal/event/Event done
Event: 0.944 Loading class jdk/internal/event/ThreadSleepEvent done

Classes unloaded (0 events):
No events

Classes redefined (0 events):
No events

Internal exceptions (2 events):
Event: 0.162 Thread 0x00007f758802b4a0 Exception <a 'java/lang/NoSuchMethodError'{0x00000007524c9ec0}: 'void java.lang.invoke.DirectMethodHandle$Holder.invokeSpecial(java.lang.Object, java.lang.Object, java.lang.Object)'> (0x00000007524c9ec0) 
thrown [open/src/hotspot/share/interpreter/linkResolver.cpp, line 772]
Event: 0.200 Thread 0x00007f758802b4a0 Exception <a 'java/lang/ClassNotFoundException'{0x0000000752577300}: sun/util/logging/resources/spi/loggingProvider> (0x0000000752577300) 
thrown [open/src/hotspot/share/classfile/systemDictionary.cpp, line 305]

VM Operations (0 events):
No events

Events (20 events):
Event: 0.039 Protecting memory [0x00007f756c50d000,0x00007f756c511000] with protection modes 0
Event: 0.040 Thread 0x00007f7588135280 Thread added: 0x00007f7588135280
Event: 0.040 Protecting memory [0x00007f756c40d000,0x00007f756c411000] with protection modes 0
Event: 0.040 Thread 0x00007f7588136710 Thread added: 0x00007f7588136710
Event: 0.040 Protecting memory [0x00007f756c30d000,0x00007f756c311000] with protection modes 0
Event: 0.040 Thread 0x00007f7588137b90 Thread added: 0x00007f7588137b90
Event: 0.040 Protecting memory [0x00007f756c20d000,0x00007f756c211000] with protection modes 0
Event: 0.040 Thread 0x00007f75881395b0 Thread added: 0x00007f75881395b0
Event: 0.040 Protecting memory [0x00007f756c10d000,0x00007f756c111000] with protection modes 0
Event: 0.041 Thread 0x00007f758813ab50 Thread added: 0x00007f758813ab50
Event: 0.042 Protecting memory [0x00007f756c00d000,0x00007f756c011000] with protection modes 0
Event: 0.050 Thread 0x00007f7588159660 Thread added: 0x00007f7588159660
Event: 0.050 Protecting memory [0x00007f755df00000,0x00007f755df04000] with protection modes 0
Event: 0.052 Thread 0x00007f758815dd10 Thread added: 0x00007f758815dd10
Event: 0.052 Protecting memory [0x00007f755dcfe000,0x00007f755dd02000] with protection modes 0
Event: 0.185 Thread 0x00007f74e8164730 Thread added: 0x00007f74e8164730
Event: 0.185 Protecting memory [0x00007f755dbfe000,0x00007f755dc02000] with protection modes 0
Event: 0.937 Thread 0x00007f74e8164730 Thread exited: 0x00007f74e8164730
Event: 0.944 Thread 0x00007f758841bf00 Thread added: 0x00007f758841bf00
Event: 0.944 Protecting memory [0x00007f755dbfe000,0x00007f755dc02000] with protection modes 0


Dynamic libraries:
746e00000-752800000 rw-p 00000000 00:00 0 
752800000-7ffc00000 ---p 00000000 00:00 0 
7ffc00000-7ffd00000 rw-p 00000000 00:00 0 
7ffd00000-7ffd79000 rw-p 00d3e000 08:09 2097578                          /usr/lib/jvm/jdk-20/lib/server/classes.jsa
7ffd79000-7ffe00000 rw-p 00000000 00:00 0 
7ffe00000-7ffe83000 rw-p 00cbb000 08:09 2097578                          /usr/lib/jvm/jdk-20/lib/server/classes.jsa
7ffe83000-800000000 rw-p 00000000 00:00 0 
56429b12d000-56429b12e000 r-xp 00000000 08:09 2097494                    /usr/lib/jvm/jdk-20/bin/java
56429b12f000-56429b130000 r--p 00001000 08:09 2097494                    /usr/lib/jvm/jdk-20/bin/java
56429b130000-56429b131000 rw-p 00002000 08:09 2097494                    /usr/lib/jvm/jdk-20/bin/java
56429c890000-56429c8d7000 rw-p 00000000 00:00 0                          [heap]
7f74d8000000-7f74d8025000 rw-p 00000000 00:00 0 
7f74d8025000-7f74dc000000 ---p 00000000 00:00 0 
7f74dc000000-7f74dc021000 rw-p 00000000 00:00 0 
7f74dc021000-7f74e0000000 ---p 00000000 00:00 0 
7f74e0000000-7f74e0021000 rw-p 00000000 00:00 0 
7f74e0021000-7f74e4000000 ---p 00000000 00:00 0 
7f74e4000000-7f74e4021000 rw-p 00000000 00:00 0 
7f74e4021000-7f74e8000000 ---p 00000000 00:00 0 
7f74e8000000-7f74e816b000 rw-p 00000000 00:00 0 
7f74e816b000-7f74ec000000 ---p 00000000 00:00 0 
7f74ec000000-7f74ec021000 rw-p 00000000 00:00 0 
7f74ec021000-7f74f0000000 ---p 00000000 00:00 0 
7f74f0000000-7f74f0021000 rw-p 00000000 00:00 0 
7f74f0021000-7f74f4000000 ---p 00000000 00:00 0 
7f74f4000000-7f74f411c000 rw-p 00000000 00:00 0 
7f74f411c000-7f74f8000000 ---p 00000000 00:00 0 
7f74f8000000-7f74f8021000 rw-p 00000000 00:00 0 
7f74f8021000-7f74fc000000 ---p 00000000 00:00 0 
7f74fc000000-7f74fc021000 rw-p 00000000 00:00 0 
7f74fc021000-7f7500000000 ---p 00000000 00:00 0 
7f7500000000-7f7500021000 rw-p 00000000 00:00 0 
7f7500021000-7f7504000000 ---p 00000000 00:00 0 
7f7504000000-7f7504021000 rw-p 00000000 00:00 0 
7f7504021000-7f7508000000 ---p 00000000 00:00 0 
7f7508000000-7f7508021000 rw-p 00000000 00:00 0 
7f7508021000-7f750c000000 ---p 00000000 00:00 0 
7f750f000000-7f750fc7e000 rw-p 00001000 08:09 2097578                    /usr/lib/jvm/jdk-20/lib/server/classes.jsa
7f750fc7e000-7f7510000000 ---p 00000000 00:00 0 
7f7510000000-7f7510020000 rw-p 00000000 00:00 0 
7f7510020000-7f7510040000 ---p 00000000 00:00 0 
7f7510040000-7f7510050000 rw-p 00000000 00:00 0 
7f7510050000-7f7550000000 ---p 00000000 00:00 0 
7f7550000000-7f7550021000 rw-p 00000000 00:00 0 
7f7550021000-7f7554000000 ---p 00000000 00:00 0 
7f7554000000-7f75540e0000 rw-p 00000000 00:00 0 
7f75540e0000-7f7554400000 ---p 00000000 00:00 0 
7f7554400000-7f7554450000 rw-p 00000000 00:00 0 
7f7554450000-7f7558000000 ---p 00000000 00:00 0 
7f7558000000-7f7558021000 rw-p 00000000 00:00 0 
7f7558021000-7f755c000000 ---p 00000000 00:00 0 
7f755d4bf000-7f755d8ab000 rw-p 00000000 00:00 0 
7f755d8ab000-7f755d8af000 ---p 00000000 00:00 0 
7f755d8af000-7f755d9ab000 rw-p 00000000 00:00 0 
7f755d9ab000-7f755d9ae000 r--p 00000000 08:09 656027                     /usr/lib/x86_64-linux-gnu/libgcc_s.so.1
7f755d9ae000-7f755d9c5000 r-xp 00003000 08:09 656027                     /usr/lib/x86_64-linux-gnu/libgcc_s.so.1
7f755d9c5000-7f755d9c9000 r--p 0001a000 08:09 656027                     /usr/lib/x86_64-linux-gnu/libgcc_s.so.1
7f755d9c9000-7f755d9ca000 r--p 0001d000 08:09 656027                     /usr/lib/x86_64-linux-gnu/libgcc_s.so.1
7f755d9ca000-7f755d9cb000 rw-p 0001e000 08:09 656027                     /usr/lib/x86_64-linux-gnu/libgcc_s.so.1
7f755d9cb000-7f755da64000 r--p 00000000 08:09 655390                     /usr/lib/x86_64-linux-gnu/libstdc++.so.6.0.30
7f755da64000-7f755db65000 r-xp 00099000 08:09 655390                     /usr/lib/x86_64-linux-gnu/libstdc++.so.6.0.30
7f755db65000-7f755dbd4000 r--p 0019a000 08:09 655390                     /usr/lib/x86_64-linux-gnu/libstdc++.so.6.0.30
7f755dbd4000-7f755dbdf000 r--p 00209000 08:09 655390                     /usr/lib/x86_64-linux-gnu/libstdc++.so.6.0.30
7f755dbdf000-7f755dbe2000 rw-p 00214000 08:09 655390                     /usr/lib/x86_64-linux-gnu/libstdc++.so.6.0.30
7f755dbe2000-7f755dbe5000 rw-p 00000000 00:00 0 
7f755dbfe000-7f755dc02000 ---p 00000000 00:00 0 
7f755dc02000-7f755dcfe000 rw-p 00000000 00:00 0 
7f755dcfe000-7f755dd02000 ---p 00000000 00:00 0 
7f755dd02000-7f755ddfe000 rw-p 00000000 00:00 0 
7f755ddfe000-7f755ddff000 ---p 00000000 00:00 0 
7f755ddff000-7f755df00000 rw-p 00000000 00:00 0 
7f755df00000-7f755df04000 ---p 00000000 00:00 0 
7f755df04000-7f7560000000 rw-p 00000000 00:00 0 
7f7560000000-7f7560021000 rw-p 00000000 00:00 0 
7f7560021000-7f7564000000 ---p 00000000 00:00 0 
7f7564000000-7f7564021000 rw-p 00000000 00:00 0 
7f7564021000-7f7568000000 ---p 00000000 00:00 0 
7f7568000000-7f7568021000 rw-p 00000000 00:00 0 
7f7568021000-7f756c000000 ---p 00000000 00:00 0 
7f756c006000-7f756c00d000 r--s 00000000 08:09 695612                     /usr/lib/x86_64-linux-gnu/gconv/gconv-modules.cache
7f756c00d000-7f756c011000 ---p 00000000 00:00 0 
7f756c011000-7f756c10d000 rw-p 00000000 00:00 0 
7f756c10d000-7f756c111000 ---p 00000000 00:00 0 
7f756c111000-7f756c20d000 rw-p 00000000 00:00 0 
7f756c20d000-7f756c211000 ---p 00000000 00:00 0 
7f756c211000-7f756c30d000 rw-p 00000000 00:00 0 
7f756c30d000-7f756c311000 ---p 00000000 00:00 0 
7f756c311000-7f756c40d000 rw-p 00000000 00:00 0 
7f756c40d000-7f756c411000 ---p 00000000 00:00 0 
7f756c411000-7f756c50d000 rw-p 00000000 00:00 0 
7f756c50d000-7f756c511000 ---p 00000000 00:00 0 
7f756c511000-7f756c60d000 rw-p 00000000 00:00 0 
7f756c60d000-7f756c611000 ---p 00000000 00:00 0 
7f756c611000-7f756c70d000 rw-p 00000000 00:00 0 
7f756c70d000-7f756c9f6000 r--p 00000000 08:09 695504                     /usr/lib/locale/locale-archive
7f756c9f6000-7f756c9f7000 ---p 00000000 00:00 0 
7f756c9f7000-7f756caf8000 rw-p 00000000 00:00 0 
7f756caf8000-7f756cbc6000 r-xp 00000000 08:09 2097587                    /usr/lib/jvm/jdk-20/lib/libjsvml.so
7f756cbc6000-7f756cbc7000 r--p 000cd000 08:09 2097587                    /usr/lib/jvm/jdk-20/lib/libjsvml.so
7f756cbc7000-7f756cbc8000 rw-p 000ce000 08:09 2097587                    /usr/lib/jvm/jdk-20/lib/libjsvml.so
7f756cbc8000-7f756cce5000 rw-p 00000000 00:00 0 
7f756cce5000-7f756cce6000 ---p 00000000 00:00 0 
7f756cce6000-7f756cde7000 rw-p 00000000 00:00 0 
7f756cde7000-7f756cde8000 ---p 00000000 00:00 0 
7f756cde8000-7f756d2ed000 rw-p 00000000 00:00 0 
7f756d2ed000-7f756d2ee000 ---p 00000000 00:00 0 
7f756d2ee000-7f756d3ef000 rw-p 00000000 00:00 0 
7f756d3ef000-7f756d3f0000 ---p 00000000 00:00 0 
7f756d3f0000-7f756d7d9000 rw-p 00000000 00:00 0 
7f756d7d9000-7f7570329000 ---p 00000000 00:00 0 
7f7570329000-7f7570396000 rw-p 00000000 00:00 0 
7f7570396000-7f7570900000 ---p 00000000 00:00 0 
7f7570900000-7f757095f000 rw-p 00000000 00:00 0 
7f757095f000-7f7570ec9000 ---p 00000000 00:00 0 
7f7570ec9000-7f7570ecb000 rw-p 00000000 00:00 0 
7f7570ecb000-7f757113b000 rwxp 00000000 00:00 0 
7f757113b000-7f7578402000 ---p 00000000 00:00 0 
7f7578402000-7f7578672000 rwxp 00000000 00:00 0 
7f7578672000-7f7578993000 ---p 00000000 00:00 0 
7f7578993000-7f7578c03000 rwxp 00000000 00:00 0 
7f7578c03000-7f757fecb000 ---p 00000000 00:00 0 
7f757fecb000-7f7588000000 r--s 00000000 08:09 2097570                    /usr/lib/jvm/jdk-20/lib/modules
7f7588000000-7f7588422000 rw-p 00000000 00:00 0 
7f7588422000-7f758c000000 ---p 00000000 00:00 0 
7f758c001000-7f758c008000 r--p 00000000 08:0a 8653166                    /home/twisted/GradleProjects/Serial4j-v1/serial4j-examples/libs/bin/libserial4j.so
7f758c008000-7f758c00b000 r-xp 00007000 08:0a 8653166                    /home/twisted/GradleProjects/Serial4j-v1/serial4j-examples/libs/bin/libserial4j.so
7f758c00b000-7f758c00e000 r--p 0000a000 08:0a 8653166                    /home/twisted/GradleProjects/Serial4j-v1/serial4j-examples/libs/bin/libserial4j.so
7f758c00e000-7f758c00f000 r--p 0000c000 08:0a 8653166                    /home/twisted/GradleProjects/Serial4j-v1/serial4j-examples/libs/bin/libserial4j.so
7f758c00f000-7f758c010000 rw-p 0000d000 08:0a 8653166                    /home/twisted/GradleProjects/Serial4j-v1/serial4j-examples/libs/bin/libserial4j.so
7f758c010000-7f758c017000 r-xp 00000000 08:09 2097600                    /usr/lib/jvm/jdk-20/lib/libzip.so
7f758c017000-7f758c018000 ---p 00007000 08:09 2097600                    /usr/lib/jvm/jdk-20/lib/libzip.so
7f758c018000-7f758c019000 r--p 00007000 08:09 2097600                    /usr/lib/jvm/jdk-20/lib/libzip.so
7f758c019000-7f758c01a000 rw-p 00008000 08:09 2097600                    /usr/lib/jvm/jdk-20/lib/libzip.so
7f758c01a000-7f758c026000 r-xp 00000000 08:09 2097615                    /usr/lib/jvm/jdk-20/lib/libnet.so
7f758c026000-7f758c027000 r--p 0000b000 08:09 2097615                    /usr/lib/jvm/jdk-20/lib/libnet.so
7f758c027000-7f758c028000 rw-p 0000c000 08:09 2097615                    /usr/lib/jvm/jdk-20/lib/libnet.so
7f758c028000-7f758c03b000 r-xp 00000000 08:09 2097623                    /usr/lib/jvm/jdk-20/lib/libnio.so
7f758c03b000-7f758c03c000 ---p 00013000 08:09 2097623                    /usr/lib/jvm/jdk-20/lib/libnio.so
7f758c03c000-7f758c03d000 r--p 00013000 08:09 2097623                    /usr/lib/jvm/jdk-20/lib/libnio.so
7f758c03d000-7f758c03e000 rw-p 00014000 08:09 2097623                    /usr/lib/jvm/jdk-20/lib/libnio.so
7f758c03e000-7f758c03f000 ---p 00000000 00:00 0 
7f758c03f000-7f758c1cf000 rw-p 00000000 00:00 0 
7f758c1cf000-7f758c739000 ---p 00000000 00:00 0 
7f758c739000-7f758cb44000 rw-p 00000000 00:00 0 
7f758cb44000-7f758cc2a000 ---p 00000000 00:00 0 
7f758cc2a000-7f758cc2f000 rw-p 00000000 00:00 0 
7f758cc2f000-7f758cd15000 ---p 00000000 00:00 0 
7f758cd15000-7f758cd3b000 r-xp 00000000 08:09 2097594                    /usr/lib/jvm/jdk-20/lib/libjava.so
7f758cd3b000-7f758cd3c000 ---p 00026000 08:09 2097594                    /usr/lib/jvm/jdk-20/lib/libjava.so
7f758cd3c000-7f758cd3d000 r--p 00026000 08:09 2097594                    /usr/lib/jvm/jdk-20/lib/libjava.so
7f758cd3d000-7f758cd3e000 rw-p 00027000 08:09 2097594                    /usr/lib/jvm/jdk-20/lib/libjava.so
7f758cd3e000-7f758cd3f000 rw-p 00000000 00:00 0 
7f758cd3f000-7f758cd5a000 r-xp 00000000 08:09 2097608                    /usr/lib/jvm/jdk-20/lib/libjimage.so
7f758cd5a000-7f758cd5b000 ---p 0001b000 08:09 2097608                    /usr/lib/jvm/jdk-20/lib/libjimage.so
7f758cd5b000-7f758cd5d000 r--p 0001b000 08:09 2097608                    /usr/lib/jvm/jdk-20/lib/libjimage.so
7f758cd5d000-7f758cd5e000 rw-p 0001d000 08:09 2097608                    /usr/lib/jvm/jdk-20/lib/libjimage.so
7f758cd5e000-7f758cd62000 ---p 00000000 00:00 0 
7f758cd62000-7f758ce5e000 rw-p 00000000 00:00 0 
7f758ce5e000-7f758ce6e000 r--p 00000000 08:09 685883                     /usr/lib/x86_64-linux-gnu/libm.so.6
7f758ce6e000-7f758cee1000 r-xp 00010000 08:09 685883                     /usr/lib/x86_64-linux-gnu/libm.so.6
7f758cee1000-7f758cf3b000 r--p 00083000 08:09 685883                     /usr/lib/x86_64-linux-gnu/libm.so.6
7f758cf3b000-7f758cf3c000 r--p 000dc000 08:09 685883                     /usr/lib/x86_64-linux-gnu/libm.so.6
7f758cf3c000-7f758cf3d000 rw-p 000dd000 08:09 685883                     /usr/lib/x86_64-linux-gnu/libm.so.6
7f758cf3d000-7f758cf3e000 r--p 00000000 08:09 685894                     /usr/lib/x86_64-linux-gnu/librt.so.1
7f758cf3e000-7f758cf3f000 r-xp 00001000 08:09 685894                     /usr/lib/x86_64-linux-gnu/librt.so.1
7f758cf3f000-7f758cf40000 r--p 00002000 08:09 685894                     /usr/lib/x86_64-linux-gnu/librt.so.1
7f758cf40000-7f758cf41000 r--p 00002000 08:09 685894                     /usr/lib/x86_64-linux-gnu/librt.so.1
7f758cf41000-7f758cf42000 rw-p 00003000 08:09 685894                     /usr/lib/x86_64-linux-gnu/librt.so.1
7f758cf42000-7f758e160000 r-xp 00000000 08:09 2097579                    /usr/lib/jvm/jdk-20/lib/server/libjvm.so
7f758e160000-7f758e22a000 r--p 0121d000 08:09 2097579                    /usr/lib/jvm/jdk-20/lib/server/libjvm.so
7f758e22a000-7f758e25f000 rw-p 012e7000 08:09 2097579                    /usr/lib/jvm/jdk-20/lib/server/libjvm.so
7f758e25f000-7f758e2c2000 rw-p 00000000 00:00 0 
7f758e2c2000-7f758e2e8000 r--p 00000000 08:09 685880                     /usr/lib/x86_64-linux-gnu/libc.so.6
7f758e2e8000-7f758e43d000 r-xp 00026000 08:09 685880                     /usr/lib/x86_64-linux-gnu/libc.so.6
7f758e43d000-7f758e490000 r--p 0017b000 08:09 685880                     /usr/lib/x86_64-linux-gnu/libc.so.6
7f758e490000-7f758e494000 r--p 001ce000 08:09 685880                     /usr/lib/x86_64-linux-gnu/libc.so.6
7f758e494000-7f758e496000 rw-p 001d2000 08:09 685880                     /usr/lib/x86_64-linux-gnu/libc.so.6
7f758e496000-7f758e4a3000 rw-p 00000000 00:00 0 
7f758e4a3000-7f758e4a4000 r--p 00000000 08:09 685882                     /usr/lib/x86_64-linux-gnu/libdl.so.2
7f758e4a4000-7f758e4a5000 r-xp 00001000 08:09 685882                     /usr/lib/x86_64-linux-gnu/libdl.so.2
7f758e4a5000-7f758e4a6000 r--p 00002000 08:09 685882                     /usr/lib/x86_64-linux-gnu/libdl.so.2
7f758e4a6000-7f758e4a7000 r--p 00002000 08:09 685882                     /usr/lib/x86_64-linux-gnu/libdl.so.2
7f758e4a7000-7f758e4a8000 rw-p 00003000 08:09 685882                     /usr/lib/x86_64-linux-gnu/libdl.so.2
7f758e4a8000-7f758e4a9000 r--p 00000000 08:09 685892                     /usr/lib/x86_64-linux-gnu/libpthread.so.0
7f758e4a9000-7f758e4aa000 r-xp 00001000 08:09 685892                     /usr/lib/x86_64-linux-gnu/libpthread.so.0
7f758e4aa000-7f758e4ab000 r--p 00002000 08:09 685892                     /usr/lib/x86_64-linux-gnu/libpthread.so.0
7f758e4ab000-7f758e4ac000 r--p 00002000 08:09 685892                     /usr/lib/x86_64-linux-gnu/libpthread.so.0
7f758e4ac000-7f758e4ad000 rw-p 00003000 08:09 685892                     /usr/lib/x86_64-linux-gnu/libpthread.so.0
7f758e4ad000-7f758e4bb000 r-xp 00000000 08:09 2097584                    /usr/lib/jvm/jdk-20/lib/libjli.so
7f758e4bb000-7f758e4bc000 ---p 0000e000 08:09 2097584                    /usr/lib/jvm/jdk-20/lib/libjli.so
7f758e4bc000-7f758e4bd000 r--p 0000e000 08:09 2097584                    /usr/lib/jvm/jdk-20/lib/libjli.so
7f758e4bd000-7f758e4be000 rw-p 0000f000 08:09 2097584                    /usr/lib/jvm/jdk-20/lib/libjli.so
7f758e4be000-7f758e4c1000 r--p 00000000 08:09 657587                     /usr/lib/x86_64-linux-gnu/libz.so.1.2.11
7f758e4c1000-7f758e4d2000 r-xp 00003000 08:09 657587                     /usr/lib/x86_64-linux-gnu/libz.so.1.2.11
7f758e4d2000-7f758e4d8000 r--p 00014000 08:09 657587                     /usr/lib/x86_64-linux-gnu/libz.so.1.2.11
7f758e4d8000-7f758e4d9000 ---p 0001a000 08:09 657587                     /usr/lib/x86_64-linux-gnu/libz.so.1.2.11
7f758e4d9000-7f758e4da000 r--p 0001a000 08:09 657587                     /usr/lib/x86_64-linux-gnu/libz.so.1.2.11
7f758e4da000-7f758e4db000 rw-p 0001b000 08:09 657587                     /usr/lib/x86_64-linux-gnu/libz.so.1.2.11
7f758e4dd000-7f758e4e2000 rw-p 00000000 00:00 0 
7f758e4e2000-7f758e4e9000 ---p 00000000 00:00 0 
7f758e4e9000-7f758e4f1000 rw-s 00000000 08:09 3146908                    /tmp/hsperfdata_pavl-machine/25519
7f758e4f1000-7f758e4f2000 ---p 00000000 00:00 0 
7f758e4f2000-7f758e4f3000 r--p 00000000 00:00 0 
7f758e4f3000-7f758e4f4000 ---p 00000000 00:00 0 
7f758e4f4000-7f758e4f6000 rw-p 00000000 00:00 0 
7f758e4f6000-7f758e4f7000 r--p 00000000 08:09 685876                     /usr/lib/x86_64-linux-gnu/ld-linux-x86-64.so.2
7f758e4f7000-7f758e51c000 r-xp 00001000 08:09 685876                     /usr/lib/x86_64-linux-gnu/ld-linux-x86-64.so.2
7f758e51c000-7f758e526000 r--p 00026000 08:09 685876                     /usr/lib/x86_64-linux-gnu/ld-linux-x86-64.so.2
7f758e526000-7f758e528000 r--p 00030000 08:09 685876                     /usr/lib/x86_64-linux-gnu/ld-linux-x86-64.so.2
7f758e528000-7f758e52a000 rw-p 00032000 08:09 685876                     /usr/lib/x86_64-linux-gnu/ld-linux-x86-64.so.2
7fff689f6000-7fff68a19000 rw-p 00000000 00:00 0                          [stack]
7fff68a8e000-7fff68a92000 r--p 00000000 00:00 0                          [vvar]
7fff68a92000-7fff68a94000 r-xp 00000000 00:00 0                          [vdso]


VM Arguments:
jvm_args: -Dfile.encoding=UTF-8 -Duser.country=US -Duser.language=en -Duser.variant 
java_command: com.serial4j.example.Launcher
java_class_path (initial): /home/twisted/GradleProjects/Serial4j-v1/serial4j-examples/build/classes/java/main:/home/twisted/GradleProjects/Serial4j-v1/serial4j-examples/build/resources/main:/home/twisted/GradleProjects/Serial4j-v1/serial4j/build/libs/serial4j.jar:/home/twisted/GradleProjects/Serial4j-v1/serial4j-native/build/libs/serial4j-native-linux.jar:/home/pavl-machine/.gradle/caches/modules-2/files-2.1/io.github.software-hardware-codesign/snaploader/1.0.0-alpha/1aaee58e923a960599a5fe10089d8bc3489984ce/snaploader-1.0.0-alpha.jar:/home/pavl-machine/.gradle/caches/modules-2/files-2.1/org.jmonkeyengine/jme3-desktop/3.6.0-stable/3ba320405e5700db27c6a21a3f77a56e1d05ba7a/jme3-desktop-3.6.0-stable.jar:/home/pavl-machine/.gradle/caches/modules-2/files-2.1/org.jmonkeyengine/jme3-lwjgl3/3.6.0-stable/b1560dc3b74d50ebfdb9afe617b94c3f195cf1b3/jme3-lwjgl3-3.6.0-stable.jar:/home/pavl-machine/.gradle/caches/modules-2/files-2.1/com.github.stephengold/Minie/7.4.0/eaeb7b28b776dd3ef99a09afc98fd59d22ced929/Minie-7.4.0.jar:/home/pavl-machine/.gradle/caches/modules-2/files-2.1/com.github.stephengold/Heart/8.3.2/2a3a4b3f4f39bcf4f43ce687976b66878bd2856d/Heart-8.3.2.jar:/home/pavl-machine/.gradle/caches/modules-2/files-2.1/com.simsilica/sim-math/1.6.0/6a93c1b12f0c990a86f3f60cb401076a53f71b3/sim-math-1.6.0.jar:/home/pavl-machine/.gradle/caches/modules-2/files-2.1/org.jmonkeyengine/jme3-terrain/3.6.0-stable/6ab3c428c4fba53be24658008c54fbf788ef83f3/jme3-terrain-3.6.0-stable.jar:/home/pavl-machine/.gradle/caches/modules-2/files-2.1/org.jmonkeyengine/jme3-core/3.6.0-stable/4ec2e1cd3cc60d0f1facc78c273dbb4ad13ceca4/jme3-core-3.6.0-stable.jar:/home/pavl-machine/.gradle/caches/modules-2/files-2.1/org.lwjgl/lwjgl-glfw/3.3.1/cbac1b8d30cb4795149c1ef540f912671a8616d0/lwjgl-glfw-3.3.1.jar:/home/pavl-machine/.gradle/caches/modules-2/files-2.1/org.lwjgl/lwjgl-glfw/3.3.1/ed892f945cf7e79c8756796f32d00fa4ceaf573b/lwjgl-glfw-3.3.1-natives-windows.jar:/home/pavl-machine/.gradle/caches/modules-2/files-2.1/org.lwjgl/lwjgl-glfw/3.3.1/b997e3391d6ce8f05487e7335d95c606043884a1/lwjgl-glfw-3.3.1-natives-windows-x86.jar:/home/pavl-machine/.gradle/caches/modules-2/files-2.1/org.lwjgl/lwjgl-glfw/3.3.1/81716978214ecbda15050ca394b06ef61501a49e/lwjgl-glfw-3.3.1-natives-linux.jar:/home/pavl-machine/.gradle/caches/modules-2/files-2.1/org.lwjgl/lwjgl-glfw/3.3.1/816d935933f2dd743074c4e717cc25b55720f294/lwjgl-glfw-3.3.1-natives-linux-arm32.jar:/home/pavl-machine/.gradle/caches/modules-2/files-2.1/org.lwjgl/lwjgl-glfw/3.3.1/513eb39b866d0fe131a18d5c517087805433b029/lwjgl-glfw-3.3.1-natives-linux-arm64.jar:/home/pavl-machine/.gradle/caches/modules-2/files-2.1/org.lwjgl/lwjgl-glfw/3.3.1/9ec4ce1fc8c85fdef03ef4ff2aace6f5775fb280/lwjgl-glfw-3.3.1-natives-macos.jar:/home/pavl-machine/.gradle/caches/modules-2/files-2.1/org.lwjgl/lwjgl-glfw/3.3.1/cac0d3f712a3da7641fa174735a5f315de7ffe0a/lwjgl-glfw-3.3.1-natives-macos-arm64.jar:/home/pavl-machine/.gradle/caches/modules-2/files-2.1/org.lwjgl/lwjgl-jemalloc/3.3.1/a817bcf213db49f710603677457567c37d53e103/lwjgl-jemalloc-3.3.1.jar:/home/pavl-machine/.gradle/caches/modules-2/files-2.1/org.lwjgl/lwjgl-jemalloc/3.3.1/948a89b76a16aa324b046ae9308891216ffce5f9/lwjgl-jemalloc-3.3.1-natives-windows.jar:/home/pavl-machine/.gradle/caches/modules-2/files-2.1/org.lwjgl/lwjgl-jemalloc/3.3.1/fb476c8ec110e1c137ad3ce8a7f7bfe6b11c6324/lwjgl-jemalloc-3.3.1-natives-windows-x86.jar:/home/pavl-machine/.gradle/caches/modules-2/files-2.1/org.lwjgl/lwjgl-jemalloc/3.3.1/33dbb017b6ed6b25f993ad9d56741a49e7937718/lwjgl-jemalloc-3.3.1-natives-linux.jar:/home/pavl-machine/.gradle/caches/modules-2/files-2.1/org.lwjgl/lwjgl-jemalloc/3.3.1/a96a6d6cb3876d7813fcee53c3c24f246aeba3b3/lwjgl-jemalloc-3.3.1-natives-linux-arm32.jar:/home/pavl-machine/.gradle/caches/modules-2/files-2.1/org.lwjgl/lwjgl-jemalloc/3.3.1/c6606e57db075ad218a2e78d2416c159a53b6a0c/lwjgl-jemalloc-3.3.1-natives-linux-arm64.jar:/home/pavl-machine/.gradle/caches/modules-2/files-2.1/org.lwjgl/lwjgl-jemalloc/3.3.1/56424dc8db3cfb8e7b594aa6d59a4f4387b7f544/lwjgl-jemalloc-3.3.1-natives-macos.jar:/home/pavl-machine/.gradle/caches/modules-2/files-2.1/org.lwjgl/lwjgl-jemalloc/3.3.1/e577b87d8ad2ade361aaea2fcf226c660b15dee8/lwjgl-jemalloc-3.3.1-natives-macos-arm64.jar:/home/pavl-machine/.gradle/caches/modules-2/files-2.1/org.lwjgl/lwjgl-openal/3.3.1/2623a6b8ae1dfcd880738656a9f0243d2e6840bd/lwjgl-openal-3.3.1.jar:/home/pavl-machine/.gradle/caches/modules-2/files-2.1/org.lwjgl/lwjgl-openal/3.3.1/30a474d0e57193d7bc128849a3ab66bc9316fdb1/lwjgl-openal-3.3.1-natives-windows.jar:/home/pavl-machine/.gradle/caches/modules-2/files-2.1/org.lwjgl/lwjgl-openal/3.3.1/888349f7b1be6fbae58bf8edfb9ef12def04c4e3/lwjgl-openal-3.3.1-natives-windows-x86.jar:/home/pavl-machine/.gradle/caches/modules-2/files-2.1/org.lwjgl/lwjgl-openal/3.3.1/f906b6439f6daa66001182ea7727e3467a93681b/lwjgl-openal-3.3.1-natives-linux.jar:/home/pavl-machine/.gradle/caches/modules-2/files-2.1/org.lwjgl/lwjgl-openal/3.3.1/ffbe35d7fa5ec9b7eca136a7c71f24d4025a510b/lwjgl-openal-3.3.1-natives-linux-arm32.jar:/home/pavl-machine/.gradle/caches/modules-2/files-2.1/org.lwjgl/lwjgl-openal/3.3.1/cf4e303257e82981b8b2e31bba3d7f8f7b8f42b2/lwjgl-openal-3.3.1-natives-linux-arm64.jar:/home/pavl-machine/.gradle/caches/modules-2/files-2.1/org.lwjgl/lwjgl-openal/3.3.1/3a57b8911835fb58b5e558d0ca0d28157e263d45/lwjgl-openal-3.3.1-natives-macos.jar:/home/pavl-machine/.gradle/caches/modules-2/files-2.1/org.lwjgl/lwjgl-openal/3.3.1/23d55e7490b57495320f6c9e1936d78fd72c4ef8/lwjgl-openal-3.3.1-natives-macos-arm64.jar:/home/pavl-machine/.gradle/caches/modules-2/files-2.1/org.lwjgl/lwjgl-opencl/3.3.1/8e9b00d310ef80ec4343ed709efb2ae77386014d/lwjgl-opencl-3.3.1.jar:/home/pavl-machine/.gradle/caches/modules-2/files-2.1/org.lwjgl/lwjgl-opengl/3.3.1/831a5533a21a5f4f81bbc51bb13e9899319b5411/lwjgl-opengl-3.3.1.jar:/home/pavl-machine/.gradle/caches/modules-2/files-2.1/org.lwjgl/lwjgl-opengl/3.3.1/c1807e9bd571402787d7e37e3029776ae2513bb8/lwjgl-opengl-3.3.1-natives-windows.jar:/home/pavl-machine/.gradle/caches/modules-2/files-2.1/org.lwjgl/lwjgl-opengl/3.3.1/deef3eb9b178ff2ff3ce893cc72ae741c3a17974/lwjgl-opengl-3.3.1-natives-windows-x86.jar:/home/pavl-machine/.gradle/caches/modules-2/files-2.1/org.lwjgl/lwjgl-opengl/3.3.1/ab9ab6fde3743e3550fa5d46d785ecb45b047d99/lwjgl-opengl-3.3.1-natives-linux.jar:/home/pavl-machine/.gradle/caches/modules-2/files-2.1/org.lwjgl/lwjgl-opengl/3.3.1/e3550fa91097fd56e361b4370fa822220fef3595/lwjgl-opengl-3.3.1-natives-linux-arm32.jar:/home/pavl-machine/.gradle/caches/modules-2/files-2.1/org.lwjgl/lwjgl-opengl/3.3.1/1c528fb258a6e63e8fceb4482d8db0f3af10a634/lwjgl-opengl-3.3.1-natives-linux-arm64.jar:/home/pavl-machine/.gradle/caches/modules-2/files-2.1/org.lwjgl/lwjgl-opengl/3.3.1/a0d12697ea019a7362eff26475b0531340e876a6/lwjgl-opengl-3.3.1-natives-macos.jar:/home/pavl-machine/.gradle/caches/modules-2/files-2.1/org.lwjgl/lwjgl-opengl/3.3.1/eafe34b871d966292e8db0f1f3d6b8b110d4e91d/lwjgl-opengl-3.3.1-natives-macos-arm64.jar:/home/pavl-machine/.gradle/caches/modules-2/files-2.1/org.lwjgl/lwjgl/3.3.1/ae58664f88e18a9bb2c77b063833ca7aaec484cb/lwjgl-3.3.1.jar:/home/pavl-machine/.gradle/caches/modules-2/files-2.1/org.lwjgl/lwjgl/3.3.1/36c37f16ab611b3aa11f3bcf80b1d509b4ce6b/lwjgl-3.3.1-natives-windows.jar:/home/pavl-machine/.gradle/caches/modules-2/files-2.1/org.lwjgl/lwjgl/3.3.1/3b14f4beae9dd39791ec9e12190a9380cd8a3ce6/lwjgl-3.3.1-natives-windows-x86.jar:/home/pavl-machine/.gradle/caches/modules-2/files-2.1/org.lwjgl/lwjgl/3.3.1/1de885aba434f934201b99f2f1afb142036ac189/lwjgl-3.3.1-natives-linux.jar:/home/pavl-machine/.gradle/caches/modules-2/files-2.1/org.lwjgl/lwjgl/3.3.1/41a3c1dd15d6b964eb8196dde69720a3e3e5e969/lwjgl-3.3.1-natives-linux-arm32.jar:/home/pavl-machine/.gradle/caches/modules-2/files-2.1/org.lwjgl/lwjgl/3.3.1/b597401014acb7196c76d97e15a6288f54f1f692/lwjgl-3.3.1-natives-linux-arm64.jar:/home/pavl-machine/.gradle/caches/modules-2/files-2.1/org.lwjgl/lwjgl/3.3.1/fc6bb723dec2cd031557dccb2a95f0ab80acb9db/lwjgl-3.3.1-natives-macos.jar:/home/pavl-machine/.gradle/caches/modules-2/files-2.1/org.lwjgl/lwjgl/3.3.1/71d0d5e469c9c95351eb949064497e3391616ac9/lwjgl-3.3.1-natives-macos-arm64.jar:/home/pavl-machine/.gradle/caches/modules-2/files-2.1/org.slf4j/slf4j-api/1.7.32/cdcff33940d9f2de763bc41ea05a0be5941176c3/slf4j-api-1.7.32.jar
Launcher Type: SUN_STANDARD

[Global flags]
     intx CICompilerCount                          = 3                                         {product} {ergonomic}
     uint ConcGCThreads                            = 1                                         {product} {ergonomic}
     uint G1ConcRefinementThreads                  = 4                                         {product} {ergonomic}
   size_t G1HeapRegionSize                         = 2097152                                   {product} {ergonomic}
    uintx GCDrainStackTargetSize                   = 64                                        {product} {ergonomic}
   size_t InitialHeapSize                          = 195035136                                 {product} {ergonomic}
   size_t MarkStackSize                            = 4194304                                   {product} {ergonomic}
   size_t MaxHeapSize                              = 3105882112                                {product} {ergonomic}
   size_t MaxNewSize                               = 1862270976                                {product} {ergonomic}
   size_t MinHeapDeltaBytes                        = 2097152                                   {product} {ergonomic}
   size_t MinHeapSize                              = 8388608                                   {product} {ergonomic}
    uintx NonNMethodCodeHeapSize                   = 5832780                                {pd product} {ergonomic}
    uintx NonProfiledCodeHeapSize                  = 122912730                              {pd product} {ergonomic}
    uintx ProfiledCodeHeapSize                     = 122912730                              {pd product} {ergonomic}
    uintx ReservedCodeCacheSize                    = 251658240                              {pd product} {ergonomic}
     bool SegmentedCodeCache                       = true                                      {product} {ergonomic}
   size_t SoftMaxHeapSize                          = 3105882112                             {manageable} {ergonomic}
     bool UseCompressedClassPointers               = true                           {product lp64_product} {ergonomic}
     bool UseCompressedOops                        = true                           {product lp64_product} {ergonomic}
     bool UseG1GC                                  = true                                      {product} {ergonomic}

Logging:
Log output configuration:
 #0: stdout all=warning uptime,level,tags foldmultilines=false
 #1: stderr all=off uptime,level,tags foldmultilines=false

Environment Variables:
PATH=/home/pavl-machine/.sdkman/candidates/gradle/current/bin:/home/pavl-machine/.local/bin:/snap/bin:/usr/sandbox/:/usr/local/bin:/usr/bin:/bin:/usr/local/games:/usr/games:/usr/share/games:/usr/local/sbin:/usr/sbin:/sbin:/usr/local/bin:/usr/bin:/bin:/usr/local/games:/usr/games
SHELL=/bin/bash
DISPLAY=:0
LANG=en_US.UTF-8
TERM=xterm-256color

Active Locale:
LC_ALL=en_US.UTF-8
LC_COLLATE=en_US.UTF-8
LC_CTYPE=en_US.UTF-8
LC_MESSAGES=en_US.UTF-8
LC_MONETARY=en_US.UTF-8
LC_NUMERIC=en_US.UTF-8
LC_TIME=en_US.UTF-8

Signal Handlers:
   SIGSEGV: crash_handler in libjvm.so, mask=11100100010111111101111111111110, flags=SA_RESTART|SA_SIGINFO, unblocked
    SIGBUS: crash_handler in libjvm.so, mask=11100100010111111101111111111110, flags=SA_RESTART|SA_SIGINFO, unblocked
    SIGFPE: crash_handler in libjvm.so, mask=11100100010111111101111111111110, flags=SA_RESTART|SA_SIGINFO, unblocked
   SIGPIPE: javaSignalHandler in libjvm.so, mask=11100100010111111101111111111110, flags=SA_RESTART|SA_SIGINFO, blocked
   SIGXFSZ: javaSignalHandler in libjvm.so, mask=11100100010111111101111111111110, flags=SA_RESTART|SA_SIGINFO, blocked
    SIGILL: crash_handler in libjvm.so, mask=11100100010111111101111111111110, flags=SA_RESTART|SA_SIGINFO, unblocked
   SIGUSR2: SR_handler in libjvm.so, mask=00000000000000000000000000000000, flags=SA_RESTART|SA_SIGINFO, blocked
    SIGHUP: UserHandler in libjvm.so, mask=11100100010111111101111111111110, flags=SA_RESTART|SA_SIGINFO, blocked
    SIGINT: UserHandler in libjvm.so, mask=11100100010111111101111111111110, flags=SA_RESTART|SA_SIGINFO, blocked
   SIGTERM: UserHandler in libjvm.so, mask=11100100010111111101111111111110, flags=SA_RESTART|SA_SIGINFO, blocked
   SIGQUIT: UserHandler in libjvm.so, mask=11100100010111111101111111111110, flags=SA_RESTART|SA_SIGINFO, blocked
   SIGTRAP: crash_handler in libjvm.so, mask=11100100010111111101111111111110, flags=SA_RESTART|SA_SIGINFO, unblocked


---------------  S Y S T E M  ---------------

OS:
PRETTY_NAME="Debian GNU/Linux 11 (bullseye)"
NAME="Debian GNU/Linux"
VERSION_ID="11"
VERSION="11 (bullseye)"
VERSION_CODENAME=bullseye
ID=debian
HOME_URL="https://www.debian.org/"
SUPPORT_URL="https://www.debian.org/support"
BUG_REPORT_URL="https://bugs.debian.org/"
uname: Linux 5.10.0-18-amd64 #1 SMP Debian 5.10.140-1 (2022-09-02) x86_64
OS uptime: 1 days 1:31 hours
libc: glibc 2.36 NPTL 2.36 
rlimit (soft/hard): STACK 8192k/infinity , CORE 0k/infinity , NPROC 47189/47189 , NOFILE 1048576/1048576 , AS infinity/infinity , CPU infinity/infinity , DATA infinity/infinity , FSIZE infinity/infinity , MEMLOCK 1515922k/1515922k
load average: 2.24 3.01 2.70

/proc/meminfo:
MemTotal:       12127380 kB
MemFree:         1043768 kB
MemAvailable:    4717508 kB
Buffers:          294936 kB
Cached:          4217496 kB
SwapCached:           44 kB
Active:          1973232 kB
Inactive:        8658040 kB
Active(anon):      64208 kB
Inactive(anon):  6719636 kB
Active(file):    1909024 kB
Inactive(file):  1938404 kB
Unevictable:       46204 kB
Mlocked:              32 kB
SwapTotal:       6836220 kB
SwapFree:        6835440 kB
Dirty:             10976 kB
Writeback:             0 kB
AnonPages:       6108428 kB
Mapped:          1544780 kB
Shmem:            664808 kB
KReclaimable:     129468 kB
Slab:             236196 kB
SReclaimable:     129468 kB
SUnreclaim:       106728 kB
KernelStack:       16128 kB
PageTables:        54868 kB
NFS_Unstable:          0 kB
Bounce:                0 kB
WritebackTmp:          0 kB
CommitLimit:    12899908 kB
Committed_AS:   13764444 kB
VmallocTotal:   34359738367 kB
VmallocUsed:       50984 kB
VmallocChunk:          0 kB
Percpu:             4320 kB
HardwareCorrupted:     0 kB
AnonHugePages:   3450880 kB
ShmemHugePages:        0 kB
ShmemPmdMapped:        0 kB
FileHugePages:         0 kB
FilePmdMapped:         0 kB
HugePages_Total:       0
HugePages_Free:        0
HugePages_Rsvd:        0
HugePages_Surp:        0
Hugepagesize:       2048 kB
Hugetlb:               0 kB
DirectMap4k:      360724 kB
DirectMap2M:    12085248 kB
DirectMap1G:     1048576 kB

/sys/kernel/mm/transparent_hugepage/enabled: [always] madvise never
/sys/kernel/mm/transparent_hugepage/defrag (defrag/compaction efforts parameter): always defer defer+madvise [madvise] never

Process Memory:
Virtual Size: 5950192K (peak: 5950192K)
Resident Set Size: 55136K (peak: 55136K) (anon: 33188K, file: 21948K, shmem: 0K)
Swapped out: 0K
C-Heap outstanding allocations: 20088K, retained: 2523K
glibc malloc tunables: (default)

/proc/sys/kernel/threads-max (system-wide limit on the number of threads): 94378
/proc/sys/vm/max_map_count (maximum number of memory map areas a process may have): 65530
/proc/sys/kernel/pid_max (system-wide limit on number of process identifiers): 4194304

container (cgroup) information:
container_type: cgroupv2
cpu_cpuset_cpus: not supported
cpu_memory_nodes: not supported
active_processor_count: 4
cpu_quota: not supported
cpu_period: not supported
cpu_shares: not supported
memory_limit_in_bytes: unlimited
memory_and_swap_limit_in_bytes: unlimited
memory_soft_limit_in_bytes: unlimited
memory_usage_in_bytes: 6173828 k
memory_max_usage_in_bytes: not supported
memory_swap_current_in_bytes: 384 k
memory_swap_max_limit_in_bytes: unlimited
maximum number of tasks: unlimited
current number of tasks: 430

Steal ticks since vm start: 0
Steal ticks percentage since vm start:  0.000

CPU: total 4 (initial active 4) (2 cores per cpu, 2 threads per core) family 6 model 142 stepping 9 microcode 0x8e, cx8, cmov, fxsr, ht, mmx, 3dnowpref, sse, sse2, sse3, ssse3, sse4.1, sse4.2, popcnt, lzcnt, tsc, tscinvbit, avx, avx2, aes, erms, clmul, bmi1, bmi2, adx, fma, vzeroupper, clflush, clflushopt, rdtscp, f16c
CPU Model and flags from /proc/cpuinfo:
model name	: Intel(R) Core(TM) i3-7020U CPU @ 2.30GHz
flags		: fpu vme de pse tsc msr pae mce cx8 apic sep mtrr pge mca cmov pat pse36 clflush dts acpi mmx fxsr sse sse2 ss ht tm pbe syscall nx pdpe1gb rdtscp lm constant_tsc art arch_perfmon pebs bts rep_good nopl xtopology nonstop_tsc cpuid aperfmperf pni pclmulqdq dtes64 monitor ds_cpl vmx est tm2 ssse3 sdbg fma cx16 xtpr pdcm pcid sse4_1 sse4_2 x2apic movbe popcnt tsc_deadline_timer aes xsave avx f16c rdrand lahf_lm abm 3dnowprefetch cpuid_fault epb invpcid_single pti ssbd ibrs ibpb stibp tpr_shadow vnmi flexpriority ept vpid ept_ad fsgsbase tsc_adjust bmi1 avx2 smep bmi2 erms invpcid mpx rdseed adx smap clflushopt intel_pt xsaveopt xsavec xgetbv1 xsaves dtherm arat pln pts hwp hwp_notify hwp_act_window hwp_epp flush_l1d

Online cpus: 0-3
Offline cpus: 
BIOS frequency limitation: <Not Available>
Frequency switch latency (ns): 0
Available cpu frequencies: <Not Available>
Current governor: powersave
Core performance/turbo boost: <Not Available>

Memory: 4k page, physical 12127380k(1043768k free), swap 6836220k(6835440k free)
Page Sizes: 4k

vm_info: Java HotSpot(TM) 64-Bit Server VM (20.0.2+9-78) for linux-amd64 JRE (20.0.2+9-78), built on 2023-06-14T10:08:48Z by "mach5one" with gcc 11.2.0

END.
