#
# A fatal error has been detected by the Java Runtime Environment:
#
#  SIGSEGV (0xb) at pc=0x00007ff730bd80f8, pid=32085, tid=32088
#
# JRE version: Java(TM) SE Runtime Environment (20.0.2+9) (build 20.0.2+9-78)
# Java VM: Java HotSpot(TM) 64-Bit Server VM (20.0.2+9-78, mixed mode, sharing, tiered, compressed oops, compressed class ptrs, g1 gc, linux-amd64)
# Problematic frame:
# V  [libjvm.so+0xc7c0f8]  OopStorage::Block::release_entries(unsigned long, OopStorage*)+0x38
#
# No core dump will be written. Core dumps have been disabled. To enable core dumping, try "ulimit -c unlimited" before starting Java again
#
# If you would like to submit a bug report, please visit:
#   https://bugreport.java.com/bugreport/crash.jsp
#

---------------  S U M M A R Y ------------

Command Line: -Dfile.encoding=UTF-8 -Duser.country=US -Duser.language=en -Duser.variant com.serial4j.example.serial4j.HelloNativeSerial4J

Host: Intel(R) Core(TM) i3-7020U CPU @ 2.30GHz, 4 cores, 11G, Debian GNU/Linux 11 (bullseye)
Time: Wed Sep 27 03:11:20 2023 EAT elapsed time: 0.579047 seconds (0d 0h 0m 0s)

---------------  T H R E A D  ---------------

Current thread (0x00007ff72802b4c0):  JavaThread "main" [_thread_in_vm, id=32088, stack(0x00007ff72fd78000,0x00007ff72fe78000)]

Stack: [0x00007ff72fd78000,0x00007ff72fe78000],  sp=0x00007ff72fe76630,  free space=1017k
Native frames: (J=compiled Java code, j=interpreted, Vv=VM code, C=native code)
V  [libjvm.so+0xc7c0f8]  OopStorage::Block::release_entries(unsigned long, OopStorage*)+0x38
V  [libjvm.so+0xc7c367]  OopStorage::release(oopDesc* const*)+0x87
V  [libjvm.so+0x93f39f]  jni_DeleteGlobalRef+0x6f
C  [libserial4j.so+0x82f2]  JNIEnv_::DeleteGlobalRef(_jobject*)+0x2e
C  [libserial4j.so+0x7ca6]  Java_com_serial4j_core_serial_NativeTerminalDevice_fetchSerialPorts0+0x99
j  com.serial4j.core.terminal.NativeTerminalDevice.fetchSerialPorts0()I+0
j  com.serial4j.core.terminal.TerminalDevice.fetchSerialPorts()V+23
j  com.serial4j.core.terminal.TerminalDevice.getSerialPorts()[Ljava/lang/String;+1
j  com.serial4j.example.serial4j.HelloNativeSerial4J.run()V+367
j  com.serial4j.example.serial4j.HelloNativeSerial4J.main([Ljava/lang/String;)V+7
v  ~StubRoutines::call_stub 0x00007ff718402cc6
V  [libjvm.so+0x8a8a85]  JavaCalls::call_helper(JavaValue*, methodHandle const&, JavaCallArguments*, JavaThread*)+0x315
V  [libjvm.so+0x950cea]  jni_invoke_static(JNIEnv_*, JavaValue*, _jobject*, JNICallType, _jmethodID*, JNI_ArgumentPusher*, JavaThread*) [clone .constprop.1]+0x3ba
V  [libjvm.so+0x953a6e]  jni_CallStaticVoidMethod+0x15e
C  [libjli.so+0x467b]  JavaMain+0xd1b
C  [libjli.so+0x7c59]  ThreadJavaMain+0x9
Java frames: (J=compiled Java code, j=interpreted, Vv=VM code)
j  com.serial4j.core.terminal.NativeTerminalDevice.fetchSerialPorts0()I+0
j  com.serial4j.core.terminal.TerminalDevice.fetchSerialPorts()V+23
j  com.serial4j.core.terminal.TerminalDevice.getSerialPorts()[Ljava/lang/String;+1
j  com.serial4j.example.serial4j.HelloNativeSerial4J.run()V+367
j  com.serial4j.example.serial4j.HelloNativeSerial4J.main([Ljava/lang/String;)V+7
v  ~StubRoutines::call_stub 0x00007ff718402cc6

siginfo: si_signo: 11 (SIGSEGV), si_code: 1 (SEGV_MAPERR), si_addr: 0x0000000000000238

Registers:
RAX=0x0000000000000001, RBX=0x00007ff72811e0a0, RCX=0x00000ffee5024d88, RDX=0x00007ff72811e060
RSP=0x00007ff72fe76630, RBP=0x00007ff72fe76710, RSI=0x0000000000000100, RDI=0x0000000000000000
R8 =0x00007ff7308a48c0, R9 =0x0000000000000002, R10=0x00007ff72c035140, R11=0x00007ff72c03c2c4
R12=0x0000000000000100, R13=0x0000000000000000, R14=0x00007ff72811e060, R15=0x0000000000000238
RIP=0x00007ff730bd80f8, EFLAGS=0x0000000000010246, CSGSFS=0x002b000000000033, ERR=0x0000000000000006
  TRAPNO=0x000000000000000e


Register to memory mapping:

RAX=0x0000000000000001 is an unknown value
RBX=0x00007ff72811e0a0 points into unknown readable memory: 0x0000000000000008 | 08 00 00 00 00 00 00 00
RCX=0x00000ffee5024d88 is an unknown value
RDX=0x00007ff72811e060 points into unknown readable memory: 0x00007ff72811e0f0 | f0 e0 11 28 f7 7f 00 00
RSP=0x00007ff72fe76630 is pointing into the stack for thread: 0x00007ff72802b4c0
RBP=0x00007ff72fe76710 is pointing into the stack for thread: 0x00007ff72802b4c0
RSI=0x0000000000000100 is an unknown value
RDI=0x0 is NULL
R8 =0x00007ff7308a48c0: <offset 0x00000000009488c0> in /usr/lib/jvm/jdk-20/lib/server/libjvm.so at 0x00007ff72ff5c000
R9 =0x0000000000000002 is an unknown value
R10=0x00007ff72c035140: <offset 0x0000000000001140> in /home/twisted/GradleProjects/Serial4j-v1/serial4j-examples/libs/bin/libserial4j.so at 0x00007ff72c034000
R11=0x00007ff72c03c2c4: _ZN7JNIEnv_15DeleteGlobalRefEP8_jobject+0x0000000000000000 in /home/twisted/GradleProjects/Serial4j-v1/serial4j-examples/libs/bin/libserial4j.so at 0x00007ff72c034000
R12=0x0000000000000100 is an unknown value
R13=0x0 is NULL
R14=0x00007ff72811e060 points into unknown readable memory: 0x00007ff72811e0f0 | f0 e0 11 28 f7 7f 00 00
R15=0x0000000000000238 is an unknown value


Top of Stack: (sp=0x00007ff72fe76630)
0x00007ff72fe76630:   0000000000000008 00007ff72802b4c0
0x00007ff72fe76640:   00007ff72fe76838 00007ff6b34148a0
0x00007ff72fe76650:   00007ff72fe76838 00007ff72802b4c0
0x00007ff72fe76660:   00007ff72fe766b0 00007ff7308a24b3
0x00007ff72fe76670:   00007ff72802b4c0 0000000000000000
0x00007ff72fe76680:   00007ff72802b4c0 000000075221d010
0x00007ff72fe76690:   00007ff72fe76838 0000000000000042
0x00007ff72fe766a0:   00007ff72fe76700 00007ff7308a4a0d
0x00007ff72fe766b0:   00007ff72fe76838 0000000000000010
0x00007ff72fe766c0:   00007ff72fe766f0 00007ff72c03c362
0x00007ff72fe766d0:   00007ff72c03e050 f90664c727d1a900
0x00007ff72fe766e0:   0000000000000000 00007ff72811e0a0
0x00007ff72fe766f0:   0000000000000000 00007ff728126c40
0x00007ff72fe76700:   00007ff728126c80 00007ff72802b4c0
0x00007ff72fe76710:   00007ff72fe76740 00007ff730bd8367
0x00007ff72fe76720:   00007ff72802b4c0 00007ff728126c40
0x00007ff72fe76730:   00007ff6b34148a0 00007ff72fe76838
0x00007ff72fe76740:   00007ff72fe76760 00007ff73089b39f
0x00007ff72fe76750:   00007ff6b34148a0 0000000000000000
0x00007ff72fe76760:   00007ff72fe76780 00007ff72c03c2f2
0x00007ff72fe76770:   00007ff728126c40 00007ff72802b7a0
0x00007ff72fe76780:   00007ff72fe767b0 00007ff72c03bca6
0x00007ff72fe76790:   00007ff72fe76838 00007ff72802b7a0
0x00007ff72fe767a0:   00007ff728126c40 0000000000000002
0x00007ff72fe767b0:   00007ff72fe76818 00007ff718423728
0x00007ff72fe767c0:   0000000000000000 00007ff7184233d6
0x00007ff72fe767d0:   00007ff72fe767d0 00007ff6b34148a0
0x00007ff72fe767e0:   00007ff72fe76838 00007ff6b3405a18
0x00007ff72fe767f0:   0000000000000000 0000000752483f98
0x00007ff72fe76800:   00007ff6b34148a0 0000000000000000
0x00007ff72fe76810:   00007ff72fe76838 00007ff72fe76888
0x00007ff72fe76820:   00007ff71841f4be 0000000000000000 

Instructions: (pc=0x00007ff730bd80f8)
0x00007ff730bd7ff8:   0f 1f 84 00 00 00 00 00 83 68 78 01 eb c3 66 2e
0x00007ff730bd8008:   0f 1f 84 00 00 00 00 00 80 7f 24 00 75 0a c3 66
0x00007ff730bd8018:   0f 1f 84 00 00 00 00 00 55 48 89 e5 41 55 41 54
0x00007ff730bd8028:   41 89 f4 53 48 89 fb 48 83 ec 08 48 8b 07 4c 8b
0x00007ff730bd8038:   68 30 4d 85 ed 74 21 4c 89 ef e8 19 a0 fc ff 48
0x00007ff730bd8048:   8b 03 4c 89 ef 44 01 60 78 48 83 c4 08 5b 41 5c
0x00007ff730bd8058:   41 5d 5d e9 30 a1 fc ff 01 70 78 48 83 c4 08 5b
0x00007ff730bd8068:   41 5c 41 5d 5d c3 66 90 48 8b 47 28 c3 90 66 2e
0x00007ff730bd8078:   0f 1f 84 00 00 00 00 00 48 83 c7 28 f0 48 0f c1
0x00007ff730bd8088:   37 c3 66 0f 1f 44 00 00 48 8b 07 4c 8b 47 28 48
0x00007ff730bd8098:   8b 40 38 48 85 c0 74 08 4c 89 c7 ff e0 0f 1f 00
0x00007ff730bd80a8:   c3 90 66 0f 1f 44 00 00 48 8b 07 c3 66 66 2e 0f
0x00007ff730bd80b8:   1f 84 00 00 00 00 00 90 55 48 89 e5 41 57 4c 8d
0x00007ff730bd80c8:   bf 38 02 00 00 41 56 49 89 d6 41 55 49 89 fd 41
0x00007ff730bd80d8:   54 49 89 f4 53 48 81 ec b8 00 00 00 64 48 8b 04
0x00007ff730bd80e8:   25 28 00 00 00 48 89 45 c8 31 c0 b8 01 00 00 00
0x00007ff730bd80f8:   f0 49 0f c1 07 48 8b 87 00 02 00 00 48 8d 8f 00
0x00007ff730bd8108:   02 00 00 0f 1f 44 00 00 48 89 c2 48 89 c3 4c 31
0x00007ff730bd8118:   e2 f0 48 0f b1 11 48 39 c3 75 ed 48 83 f8 ff 74
0x00007ff730bd8128:   37 4c 39 e0 74 32 48 c7 c0 ff ff ff ff f0 49 0f
0x00007ff730bd8138:   c1 07 48 8b 45 c8 64 48 2b 04 25 28 00 00 00 0f
0x00007ff730bd8148:   85 86 01 00 00 48 81 c4 b8 00 00 00 5b 41 5c 41
0x00007ff730bd8158:   5d 41 5e 41 5f 5d c3 90 48 83 3d 08 11 6d 00 00
0x00007ff730bd8168:   0f 84 9c 00 00 00 4c 8d 8d 30 ff ff ff 4c 89 cf
0x00007ff730bd8178:   4c 89 8d 28 ff ff ff e8 ec a3 01 00 48 8d 05 25
0x00007ff730bd8188:   fe 63 00 48 8d bd 60 ff ff ff 48 89 85 30 ff ff
0x00007ff730bd8198:   ff e8 52 dc ea ff 48 8d 05 9b 10 6d 00 48 83 fb
0x00007ff730bd81a8:   ff c7 45 b8 01 00 00 00 48 89 45 c0 48 8d 05 2d
0x00007ff730bd81b8:   fe 63 00 4c 8b 8d 28 ff ff ff 48 89 85 30 ff ff
0x00007ff730bd81c8:   ff 0f 84 d0 00 00 00 49 8b 16 4c 89 cf 4c 89 e9
0x00007ff730bd81d8:   48 8d 35 52 8b 31 00 31 c0 4c 89 8d 28 ff ff ff
0x00007ff730bd81e8:   e8 43 ad 01 00 4c 8b 8d 28 ff ff ff 48 8d 05 ed 


Stack slot to memory mapping:
stack at sp + 0 slots: 0x0000000000000008 is an unknown value
stack at sp + 1 slots: 0x00007ff72802b4c0 is a thread
stack at sp + 2 slots: 0x00007ff72fe76838 is pointing into the stack for thread: 0x00007ff72802b4c0
stack at sp + 3 slots: {method} {0x00007ff6b34148a0} 'fetchSerialPorts0' '()I' in 'com/serial4j/core/serial/NativeTerminalDevice'
stack at sp + 4 slots: 0x00007ff72fe76838 is pointing into the stack for thread: 0x00007ff72802b4c0
stack at sp + 5 slots: 0x00007ff72802b4c0 is a thread
stack at sp + 6 slots: 0x00007ff72fe766b0 is pointing into the stack for thread: 0x00007ff72802b4c0
stack at sp + 7 slots: 0x00007ff7308a24b3: <offset 0x00000000009464b3> in /usr/lib/jvm/jdk-20/lib/server/libjvm.so at 0x00007ff72ff5c000


---------------  P R O C E S S  ---------------

Threads class SMR info:
_java_thread_list=0x00007ff68c18cd80, length=11, elements={
0x00007ff72802b4c0, 0x00007ff728132290, 0x00007ff7281337c0, 0x00007ff7281352a0,
0x00007ff728136730, 0x00007ff728137bb0, 0x00007ff7281395d0, 0x00007ff72813ab70,
0x00007ff728199760, 0x00007ff72819de40, 0x00007ff68c18bcd0
}

Java Threads: ( => current thread )
=>0x00007ff72802b4c0 JavaThread "main" [_thread_in_vm, id=32088, stack(0x00007ff72fd78000,0x00007ff72fe78000)]
  0x00007ff728132290 JavaThread "Reference Handler" daemon [_thread_blocked, id=32095, stack(0x00007ff70d5e6000,0x00007ff70d6e6000)]
  0x00007ff7281337c0 JavaThread "Finalizer" daemon [_thread_blocked, id=32096, stack(0x00007ff70d4e6000,0x00007ff70d5e6000)]
  0x00007ff7281352a0 JavaThread "Signal Dispatcher" daemon [_thread_blocked, id=32097, stack(0x00007ff70d3e6000,0x00007ff70d4e6000)]
  0x00007ff728136730 JavaThread "Service Thread" daemon [_thread_blocked, id=32098, stack(0x00007ff70d2e6000,0x00007ff70d3e6000)]
  0x00007ff728137bb0 JavaThread "Monitor Deflation Thread" daemon [_thread_blocked, id=32099, stack(0x00007ff70d1e6000,0x00007ff70d2e6000)]
  0x00007ff7281395d0 JavaThread "C2 CompilerThread0" daemon [_thread_blocked, id=32100, stack(0x00007ff70d0e6000,0x00007ff70d1e6000)]
  0x00007ff72813ab70 JavaThread "C1 CompilerThread0" daemon [_thread_blocked, id=32101, stack(0x00007ff70cfe6000,0x00007ff70d0e6000)]
  0x00007ff728199760 JavaThread "Notification Thread" daemon [_thread_blocked, id=32102, stack(0x00007ff70cee6000,0x00007ff70cfe6000)]
  0x00007ff72819de40 JavaThread "Common-Cleaner" daemon [_thread_blocked, id=32104, stack(0x00007ff70cce4000,0x00007ff70cde4000)]
  0x00007ff68c18bcd0 JavaThread "C2 CompilerThread1" daemon [_thread_blocked, id=32105, stack(0x00007ff70c9aa000,0x00007ff70caaa000)]

Other Threads:
  0x00007ff728125810 VMThread "VM Thread" [stack: 0x00007ff70d9d1000,0x00007ff70dad1000] [id=32094]
  0x00007ff72819b590 WatcherThread "VM Periodic Task Thread" [stack: 0x00007ff70cde6000,0x00007ff70cee6000] [id=32103]
  0x00007ff728085f20 WorkerThread "GC Thread#0" [stack: 0x00007ff72e4c8000,0x00007ff72e5c8000] [id=32089]
  0x00007ff728092df0 ConcurrentGCThread "G1 Main Marker" [stack: 0x00007ff72e3c6000,0x00007ff72e4c6000] [id=32090]
  0x00007ff728093d10 WorkerThread "G1 Conc#0" [stack: 0x00007ff72e2c4000,0x00007ff72e3c4000] [id=32091]
  0x00007ff7280f3ff0 ConcurrentGCThread "G1 Refine#0" [stack: 0x00007ff70dd81000,0x00007ff70de81000] [id=32092]
  0x00007ff7280f4f30 ConcurrentGCThread "G1 Service" [stack: 0x00007ff70dc7f000,0x00007ff70dd7f000] [id=32093]

Threads with active compile tasks:

VM state: not at safepoint (normal execution)

VM Mutex/Monitor currently owned by a thread: None

Heap address: 0x0000000746e00000, size: 2962 MB, Compressed Oops mode: Zero based, Oop shift amount: 3

CDS archive(s) mapped at: [0x00007ff6b7000000-0x00007ff6b7c7e000-0x00007ff6b7c7e000), size 13099008, SharedBaseAddress: 0x00007ff6b7000000, ArchiveRelocationMode: 1.
Compressed class space mapped at: 0x00007ff6b8000000-0x00007ff6f8000000, reserved size: 1073741824
Narrow klass base: 0x00007ff6b7000000, Narrow klass shift: 0, Narrow klass range: 0x100000000

GC Precious Log:
 CardTable entry size: 512
 Card Set container configuration: InlinePtr #cards 4 size 8 Array Of Cards #cards 16 size 48 Howl #buckets 8 coarsen threshold 3686 Howl Bitmap #cards 512 size 80 coarsen threshold 460 Card regions per heap region 1 cards per card region 4096
 CPUs: 4 total, 4 available
 Memory: 11843M
 Large Page Support: Disabled
 NUMA Support: Disabled
 Compressed Oops: Enabled (Zero based)
 Heap Region Size: 2M
 Heap Min Capacity: 8M
 Heap Initial Capacity: 186M
 Heap Max Capacity: 2962M
 Pre-touch: Disabled
 Parallel Workers: 4
 Concurrent Workers: 1
 Concurrent Refinement Workers: 4
 Periodic GC: Disabled

Heap:
 garbage-first heap   total 194560K, used 6128K [0x0000000746e00000, 0x0000000800000000)
  region size 2048K, 3 young (6144K), 0 survivors (0K)
 Metaspace       used 1168K, committed 1344K, reserved 1114112K
  class space    used 114K, committed 192K, reserved 1048576K

Heap Regions: E=young(eden), S=young(survivor), O=old, HS=humongous(starts), HC=humongous(continues), CS=collection set, F=free, OA=open archive, CA=closed archive, TAMS=top-at-mark-start, PB=parsable bottom
|   0|0x0000000746e00000, 0x0000000746e00000, 0x0000000747000000|  0%| F|  |TAMS 0x0000000746e00000| PB 0x0000000746e00000| Untracked 
|   1|0x0000000747000000, 0x0000000747000000, 0x0000000747200000|  0%| F|  |TAMS 0x0000000747000000| PB 0x0000000747000000| Untracked 
|   2|0x0000000747200000, 0x0000000747200000, 0x0000000747400000|  0%| F|  |TAMS 0x0000000747200000| PB 0x0000000747200000| Untracked 
|   3|0x0000000747400000, 0x0000000747400000, 0x0000000747600000|  0%| F|  |TAMS 0x0000000747400000| PB 0x0000000747400000| Untracked 
|   4|0x0000000747600000, 0x0000000747600000, 0x0000000747800000|  0%| F|  |TAMS 0x0000000747600000| PB 0x0000000747600000| Untracked 
|   5|0x0000000747800000, 0x0000000747800000, 0x0000000747a00000|  0%| F|  |TAMS 0x0000000747800000| PB 0x0000000747800000| Untracked 
|   6|0x0000000747a00000, 0x0000000747a00000, 0x0000000747c00000|  0%| F|  |TAMS 0x0000000747a00000| PB 0x0000000747a00000| Untracked 
|   7|0x0000000747c00000, 0x0000000747c00000, 0x0000000747e00000|  0%| F|  |TAMS 0x0000000747c00000| PB 0x0000000747c00000| Untracked 
|   8|0x0000000747e00000, 0x0000000747e00000, 0x0000000748000000|  0%| F|  |TAMS 0x0000000747e00000| PB 0x0000000747e00000| Untracked 
|   9|0x0000000748000000, 0x0000000748000000, 0x0000000748200000|  0%| F|  |TAMS 0x0000000748000000| PB 0x0000000748000000| Untracked 
|  10|0x0000000748200000, 0x0000000748200000, 0x0000000748400000|  0%| F|  |TAMS 0x0000000748200000| PB 0x0000000748200000| Untracked 
|  11|0x0000000748400000, 0x0000000748400000, 0x0000000748600000|  0%| F|  |TAMS 0x0000000748400000| PB 0x0000000748400000| Untracked 
|  12|0x0000000748600000, 0x0000000748600000, 0x0000000748800000|  0%| F|  |TAMS 0x0000000748600000| PB 0x0000000748600000| Untracked 
|  13|0x0000000748800000, 0x0000000748800000, 0x0000000748a00000|  0%| F|  |TAMS 0x0000000748800000| PB 0x0000000748800000| Untracked 
|  14|0x0000000748a00000, 0x0000000748a00000, 0x0000000748c00000|  0%| F|  |TAMS 0x0000000748a00000| PB 0x0000000748a00000| Untracked 
|  15|0x0000000748c00000, 0x0000000748c00000, 0x0000000748e00000|  0%| F|  |TAMS 0x0000000748c00000| PB 0x0000000748c00000| Untracked 
|  16|0x0000000748e00000, 0x0000000748e00000, 0x0000000749000000|  0%| F|  |TAMS 0x0000000748e00000| PB 0x0000000748e00000| Untracked 
|  17|0x0000000749000000, 0x0000000749000000, 0x0000000749200000|  0%| F|  |TAMS 0x0000000749000000| PB 0x0000000749000000| Untracked 
|  18|0x0000000749200000, 0x0000000749200000, 0x0000000749400000|  0%| F|  |TAMS 0x0000000749200000| PB 0x0000000749200000| Untracked 
|  19|0x0000000749400000, 0x0000000749400000, 0x0000000749600000|  0%| F|  |TAMS 0x0000000749400000| PB 0x0000000749400000| Untracked 
|  20|0x0000000749600000, 0x0000000749600000, 0x0000000749800000|  0%| F|  |TAMS 0x0000000749600000| PB 0x0000000749600000| Untracked 
|  21|0x0000000749800000, 0x0000000749800000, 0x0000000749a00000|  0%| F|  |TAMS 0x0000000749800000| PB 0x0000000749800000| Untracked 
|  22|0x0000000749a00000, 0x0000000749a00000, 0x0000000749c00000|  0%| F|  |TAMS 0x0000000749a00000| PB 0x0000000749a00000| Untracked 
|  23|0x0000000749c00000, 0x0000000749c00000, 0x0000000749e00000|  0%| F|  |TAMS 0x0000000749c00000| PB 0x0000000749c00000| Untracked 
|  24|0x0000000749e00000, 0x0000000749e00000, 0x000000074a000000|  0%| F|  |TAMS 0x0000000749e00000| PB 0x0000000749e00000| Untracked 
|  25|0x000000074a000000, 0x000000074a000000, 0x000000074a200000|  0%| F|  |TAMS 0x000000074a000000| PB 0x000000074a000000| Untracked 
|  26|0x000000074a200000, 0x000000074a200000, 0x000000074a400000|  0%| F|  |TAMS 0x000000074a200000| PB 0x000000074a200000| Untracked 
|  27|0x000000074a400000, 0x000000074a400000, 0x000000074a600000|  0%| F|  |TAMS 0x000000074a400000| PB 0x000000074a400000| Untracked 
|  28|0x000000074a600000, 0x000000074a600000, 0x000000074a800000|  0%| F|  |TAMS 0x000000074a600000| PB 0x000000074a600000| Untracked 
|  29|0x000000074a800000, 0x000000074a800000, 0x000000074aa00000|  0%| F|  |TAMS 0x000000074a800000| PB 0x000000074a800000| Untracked 
|  30|0x000000074aa00000, 0x000000074aa00000, 0x000000074ac00000|  0%| F|  |TAMS 0x000000074aa00000| PB 0x000000074aa00000| Untracked 
|  31|0x000000074ac00000, 0x000000074ac00000, 0x000000074ae00000|  0%| F|  |TAMS 0x000000074ac00000| PB 0x000000074ac00000| Untracked 
|  32|0x000000074ae00000, 0x000000074ae00000, 0x000000074b000000|  0%| F|  |TAMS 0x000000074ae00000| PB 0x000000074ae00000| Untracked 
|  33|0x000000074b000000, 0x000000074b000000, 0x000000074b200000|  0%| F|  |TAMS 0x000000074b000000| PB 0x000000074b000000| Untracked 
|  34|0x000000074b200000, 0x000000074b200000, 0x000000074b400000|  0%| F|  |TAMS 0x000000074b200000| PB 0x000000074b200000| Untracked 
|  35|0x000000074b400000, 0x000000074b400000, 0x000000074b600000|  0%| F|  |TAMS 0x000000074b400000| PB 0x000000074b400000| Untracked 
|  36|0x000000074b600000, 0x000000074b600000, 0x000000074b800000|  0%| F|  |TAMS 0x000000074b600000| PB 0x000000074b600000| Untracked 
|  37|0x000000074b800000, 0x000000074b800000, 0x000000074ba00000|  0%| F|  |TAMS 0x000000074b800000| PB 0x000000074b800000| Untracked 
|  38|0x000000074ba00000, 0x000000074ba00000, 0x000000074bc00000|  0%| F|  |TAMS 0x000000074ba00000| PB 0x000000074ba00000| Untracked 
|  39|0x000000074bc00000, 0x000000074bc00000, 0x000000074be00000|  0%| F|  |TAMS 0x000000074bc00000| PB 0x000000074bc00000| Untracked 
|  40|0x000000074be00000, 0x000000074be00000, 0x000000074c000000|  0%| F|  |TAMS 0x000000074be00000| PB 0x000000074be00000| Untracked 
|  41|0x000000074c000000, 0x000000074c000000, 0x000000074c200000|  0%| F|  |TAMS 0x000000074c000000| PB 0x000000074c000000| Untracked 
|  42|0x000000074c200000, 0x000000074c200000, 0x000000074c400000|  0%| F|  |TAMS 0x000000074c200000| PB 0x000000074c200000| Untracked 
|  43|0x000000074c400000, 0x000000074c400000, 0x000000074c600000|  0%| F|  |TAMS 0x000000074c400000| PB 0x000000074c400000| Untracked 
|  44|0x000000074c600000, 0x000000074c600000, 0x000000074c800000|  0%| F|  |TAMS 0x000000074c600000| PB 0x000000074c600000| Untracked 
|  45|0x000000074c800000, 0x000000074c800000, 0x000000074ca00000|  0%| F|  |TAMS 0x000000074c800000| PB 0x000000074c800000| Untracked 
|  46|0x000000074ca00000, 0x000000074ca00000, 0x000000074cc00000|  0%| F|  |TAMS 0x000000074ca00000| PB 0x000000074ca00000| Untracked 
|  47|0x000000074cc00000, 0x000000074cc00000, 0x000000074ce00000|  0%| F|  |TAMS 0x000000074cc00000| PB 0x000000074cc00000| Untracked 
|  48|0x000000074ce00000, 0x000000074ce00000, 0x000000074d000000|  0%| F|  |TAMS 0x000000074ce00000| PB 0x000000074ce00000| Untracked 
|  49|0x000000074d000000, 0x000000074d000000, 0x000000074d200000|  0%| F|  |TAMS 0x000000074d000000| PB 0x000000074d000000| Untracked 
|  50|0x000000074d200000, 0x000000074d200000, 0x000000074d400000|  0%| F|  |TAMS 0x000000074d200000| PB 0x000000074d200000| Untracked 
|  51|0x000000074d400000, 0x000000074d400000, 0x000000074d600000|  0%| F|  |TAMS 0x000000074d400000| PB 0x000000074d400000| Untracked 
|  52|0x000000074d600000, 0x000000074d600000, 0x000000074d800000|  0%| F|  |TAMS 0x000000074d600000| PB 0x000000074d600000| Untracked 
|  53|0x000000074d800000, 0x000000074d800000, 0x000000074da00000|  0%| F|  |TAMS 0x000000074d800000| PB 0x000000074d800000| Untracked 
|  54|0x000000074da00000, 0x000000074da00000, 0x000000074dc00000|  0%| F|  |TAMS 0x000000074da00000| PB 0x000000074da00000| Untracked 
|  55|0x000000074dc00000, 0x000000074dc00000, 0x000000074de00000|  0%| F|  |TAMS 0x000000074dc00000| PB 0x000000074dc00000| Untracked 
|  56|0x000000074de00000, 0x000000074de00000, 0x000000074e000000|  0%| F|  |TAMS 0x000000074de00000| PB 0x000000074de00000| Untracked 
|  57|0x000000074e000000, 0x000000074e000000, 0x000000074e200000|  0%| F|  |TAMS 0x000000074e000000| PB 0x000000074e000000| Untracked 
|  58|0x000000074e200000, 0x000000074e200000, 0x000000074e400000|  0%| F|  |TAMS 0x000000074e200000| PB 0x000000074e200000| Untracked 
|  59|0x000000074e400000, 0x000000074e400000, 0x000000074e600000|  0%| F|  |TAMS 0x000000074e400000| PB 0x000000074e400000| Untracked 
|  60|0x000000074e600000, 0x000000074e600000, 0x000000074e800000|  0%| F|  |TAMS 0x000000074e600000| PB 0x000000074e600000| Untracked 
|  61|0x000000074e800000, 0x000000074e800000, 0x000000074ea00000|  0%| F|  |TAMS 0x000000074e800000| PB 0x000000074e800000| Untracked 
|  62|0x000000074ea00000, 0x000000074ea00000, 0x000000074ec00000|  0%| F|  |TAMS 0x000000074ea00000| PB 0x000000074ea00000| Untracked 
|  63|0x000000074ec00000, 0x000000074ec00000, 0x000000074ee00000|  0%| F|  |TAMS 0x000000074ec00000| PB 0x000000074ec00000| Untracked 
|  64|0x000000074ee00000, 0x000000074ee00000, 0x000000074f000000|  0%| F|  |TAMS 0x000000074ee00000| PB 0x000000074ee00000| Untracked 
|  65|0x000000074f000000, 0x000000074f000000, 0x000000074f200000|  0%| F|  |TAMS 0x000000074f000000| PB 0x000000074f000000| Untracked 
|  66|0x000000074f200000, 0x000000074f200000, 0x000000074f400000|  0%| F|  |TAMS 0x000000074f200000| PB 0x000000074f200000| Untracked 
|  67|0x000000074f400000, 0x000000074f400000, 0x000000074f600000|  0%| F|  |TAMS 0x000000074f400000| PB 0x000000074f400000| Untracked 
|  68|0x000000074f600000, 0x000000074f600000, 0x000000074f800000|  0%| F|  |TAMS 0x000000074f600000| PB 0x000000074f600000| Untracked 
|  69|0x000000074f800000, 0x000000074f800000, 0x000000074fa00000|  0%| F|  |TAMS 0x000000074f800000| PB 0x000000074f800000| Untracked 
|  70|0x000000074fa00000, 0x000000074fa00000, 0x000000074fc00000|  0%| F|  |TAMS 0x000000074fa00000| PB 0x000000074fa00000| Untracked 
|  71|0x000000074fc00000, 0x000000074fc00000, 0x000000074fe00000|  0%| F|  |TAMS 0x000000074fc00000| PB 0x000000074fc00000| Untracked 
|  72|0x000000074fe00000, 0x000000074fe00000, 0x0000000750000000|  0%| F|  |TAMS 0x000000074fe00000| PB 0x000000074fe00000| Untracked 
|  73|0x0000000750000000, 0x0000000750000000, 0x0000000750200000|  0%| F|  |TAMS 0x0000000750000000| PB 0x0000000750000000| Untracked 
|  74|0x0000000750200000, 0x0000000750200000, 0x0000000750400000|  0%| F|  |TAMS 0x0000000750200000| PB 0x0000000750200000| Untracked 
|  75|0x0000000750400000, 0x0000000750400000, 0x0000000750600000|  0%| F|  |TAMS 0x0000000750400000| PB 0x0000000750400000| Untracked 
|  76|0x0000000750600000, 0x0000000750600000, 0x0000000750800000|  0%| F|  |TAMS 0x0000000750600000| PB 0x0000000750600000| Untracked 
|  77|0x0000000750800000, 0x0000000750800000, 0x0000000750a00000|  0%| F|  |TAMS 0x0000000750800000| PB 0x0000000750800000| Untracked 
|  78|0x0000000750a00000, 0x0000000750a00000, 0x0000000750c00000|  0%| F|  |TAMS 0x0000000750a00000| PB 0x0000000750a00000| Untracked 
|  79|0x0000000750c00000, 0x0000000750c00000, 0x0000000750e00000|  0%| F|  |TAMS 0x0000000750c00000| PB 0x0000000750c00000| Untracked 
|  80|0x0000000750e00000, 0x0000000750e00000, 0x0000000751000000|  0%| F|  |TAMS 0x0000000750e00000| PB 0x0000000750e00000| Untracked 
|  81|0x0000000751000000, 0x0000000751000000, 0x0000000751200000|  0%| F|  |TAMS 0x0000000751000000| PB 0x0000000751000000| Untracked 
|  82|0x0000000751200000, 0x0000000751200000, 0x0000000751400000|  0%| F|  |TAMS 0x0000000751200000| PB 0x0000000751200000| Untracked 
|  83|0x0000000751400000, 0x0000000751400000, 0x0000000751600000|  0%| F|  |TAMS 0x0000000751400000| PB 0x0000000751400000| Untracked 
|  84|0x0000000751600000, 0x0000000751600000, 0x0000000751800000|  0%| F|  |TAMS 0x0000000751600000| PB 0x0000000751600000| Untracked 
|  85|0x0000000751800000, 0x0000000751800000, 0x0000000751a00000|  0%| F|  |TAMS 0x0000000751800000| PB 0x0000000751800000| Untracked 
|  86|0x0000000751a00000, 0x0000000751a00000, 0x0000000751c00000|  0%| F|  |TAMS 0x0000000751a00000| PB 0x0000000751a00000| Untracked 
|  87|0x0000000751c00000, 0x0000000751c00000, 0x0000000751e00000|  0%| F|  |TAMS 0x0000000751c00000| PB 0x0000000751c00000| Untracked 
|  88|0x0000000751e00000, 0x0000000751e00000, 0x0000000752000000|  0%| F|  |TAMS 0x0000000751e00000| PB 0x0000000751e00000| Untracked 
|  89|0x0000000752000000, 0x0000000752000000, 0x0000000752200000|  0%| F|  |TAMS 0x0000000752000000| PB 0x0000000752000000| Untracked 
|  90|0x0000000752200000, 0x000000075223df80, 0x0000000752400000| 12%| E|  |TAMS 0x0000000752200000| PB 0x0000000752200000| Complete 
|  91|0x0000000752400000, 0x0000000752600000, 0x0000000752600000|100%| E|CS|TAMS 0x0000000752400000| PB 0x0000000752400000| Complete 
|  92|0x0000000752600000, 0x0000000752800000, 0x0000000752800000|100%| E|CS|TAMS 0x0000000752600000| PB 0x0000000752600000| Complete 
|1479|0x00000007ffc00000, 0x00000007ffd79000, 0x00000007ffe00000| 73%|OA|  |TAMS 0x00000007ffc00000| PB 0x00000007ffc00000| Untracked 
|1480|0x00000007ffe00000, 0x00000007ffe83000, 0x0000000800000000| 25%|CA|  |TAMS 0x00000007ffe00000| PB 0x00000007ffe00000| Untracked 

Card table byte_map: [0x00007ff72ebc3000,0x00007ff72f18c000] _byte_map_base: 0x00007ff72b18c000

Marking Bits: (CMBitMap*) 0x00007ff7280869b0
 Bits: [0x00007ff70e083000, 0x00007ff710ecb000)

Polling page: 0x00007ff73150b000

Metaspace:

Usage:
  Non-class:      1.03 MB used.
      Class:    114.84 KB used.
       Both:      1.14 MB used.

Virtual space:
  Non-class space:       64.00 MB reserved,       1.12 MB (  2%) committed,  1 nodes.
      Class space:        1.00 GB reserved,     192.00 KB ( <1%) committed,  1 nodes.
             Both:        1.06 GB reserved,       1.31 MB ( <1%) committed. 

Chunk freelists:
   Non-Class:  3.75 MB
       Class:  3.67 MB
        Both:  7.42 MB

MaxMetaspaceSize: unlimited
CompressedClassSpaceSize: 1.00 GB
Initial GC threshold: 21.00 MB
Current GC threshold: 21.00 MB
CDS: on
MetaspaceReclaimPolicy: balanced
 - commit_granule_bytes: 65536.
 - commit_granule_words: 8192.
 - virtual_space_node_default_size: 8388608.
 - enlarge_chunks_in_place: 1.
 - new_chunks_are_fully_committed: 0.
 - uncommit_free_chunks: 1.
 - use_allocation_guard: 0.


Internal statistics:

num_allocs_failed_limit: 0.
num_arena_births: 88.
num_arena_deaths: 0.
num_vsnodes_births: 2.
num_vsnodes_deaths: 0.
num_space_committed: 21.
num_space_uncommitted: 0.
num_chunks_returned_to_freelist: 0.
num_chunks_taken_from_freelist: 136.
num_chunk_merges: 0.
num_chunk_splits: 70.
num_chunks_enlarged: 14.
num_inconsistent_stats: 0.

CodeHeap 'non-profiled nmethods': size=120032Kb used=146Kb max_used=146Kb free=119885Kb
 bounds [0x00007ff718993000, 0x00007ff718c03000, 0x00007ff71fecb000]
CodeHeap 'profiled nmethods': size=120028Kb used=655Kb max_used=655Kb free=119373Kb
 bounds [0x00007ff710ecb000, 0x00007ff71113b000, 0x00007ff718402000]
CodeHeap 'non-nmethods': size=5700Kb used=1353Kb max_used=1367Kb free=4346Kb
 bounds [0x00007ff718402000, 0x00007ff718672000, 0x00007ff718993000]
 total_blobs=907 nmethods=490 adapters=329
 compilation: enabled
              stopped_count=0, restarted_count=0
 full_count=0

Compilation events (20 events):
Event: 0.229 Thread 0x00007ff72813ab70 nmethod 471 0x00007ff7189b4710 code [0x00007ff7189b4880, 0x00007ff7189b4940]
Event: 0.231 Thread 0x00007ff68c18bcd0 nmethod 462% 0x00007ff7189b4a10 code [0x00007ff7189b4ba0, 0x00007ff7189b4fa0]
Event: 0.235 Thread 0x00007ff72813ab70  472       3       java.lang.invoke.LambdaForm$Name::<init> (19 bytes)
Event: 0.235 Thread 0x00007ff7281395d0  475       4       java.lang.invoke.MethodType::parameterType (7 bytes)
Event: 0.236 Thread 0x00007ff72813ab70 nmethod 472 0x00007ff710f6aa90 code [0x00007ff710f6aca0, 0x00007ff710f6b358]
Event: 0.236 Thread 0x00007ff72813ab70  478       3       jdk.internal.org.objectweb.asm.ByteVector::<init> (13 bytes)
Event: 0.236 Thread 0x00007ff7281395d0 nmethod 475 0x00007ff7189b5b10 code [0x00007ff7189b5c80, 0x00007ff7189b5d48]
Event: 0.236 Thread 0x00007ff72813ab70 nmethod 478 0x00007ff710f6b690 code [0x00007ff710f6b820, 0x00007ff710f6ba88]
Event: 0.236 Thread 0x00007ff72813ab70  473       3       java.lang.invoke.InvokerBytecodeGenerator::getInternalName (103 bytes)
Event: 0.237 Thread 0x00007ff72813ab70 nmethod 473 0x00007ff710f6bb90 code [0x00007ff710f6bd80, 0x00007ff710f6c2d8]
Event: 0.237 Thread 0x00007ff72813ab70  482       3       sun.invoke.util.VerifyType::isNullConversion (157 bytes)
Event: 0.238 Thread 0x00007ff72813ab70 nmethod 482 0x00007ff710f6c410 code [0x00007ff710f6c720, 0x00007ff710f6dcd0]
Event: 0.238 Thread 0x00007ff72813ab70  483       3       jdk.internal.org.objectweb.asm.Handler::getExceptionTableLength (21 bytes)
Event: 0.239 Thread 0x00007ff72813ab70 nmethod 483 0x00007ff710f6e190 code [0x00007ff710f6e320, 0x00007ff710f6e4c0]
Event: 0.239 Thread 0x00007ff72813ab70  479       1       jdk.internal.org.objectweb.asm.SymbolTable::getMajorVersion (5 bytes)
Event: 0.239 Thread 0x00007ff72813ab70 nmethod 479 0x00007ff7189b7310 code [0x00007ff7189b7480, 0x00007ff7189b7540]
Event: 0.239 Thread 0x00007ff72813ab70  487       1       java.lang.invoke.DirectMethodHandle::internalMemberName (5 bytes)
Event: 0.239 Thread 0x00007ff72813ab70 nmethod 487 0x00007ff7189b7610 code [0x00007ff7189b7780, 0x00007ff7189b7848]
Event: 0.239 Thread 0x00007ff72813ab70  490       3       java.util.concurrent.locks.ReentrantLock$NonfairSync::initialTryLock (58 bytes)
Event: 0.239 Thread 0x00007ff72813ab70 nmethod 490 0x00007ff710f6e590 code [0x00007ff710f6e760, 0x00007ff710f6eb50]

GC Heap History (0 events):
No events

Dll operation events (6 events):
Event: 0.002 Loaded shared library /usr/lib/jvm/jdk-20/lib/libjava.so
Event: 0.018 Loaded shared library /usr/lib/jvm/jdk-20/lib/libjsvml.so
Event: 0.040 Loaded shared library /usr/lib/jvm/jdk-20/lib/libnio.so
Event: 0.042 Loaded shared library /usr/lib/jvm/jdk-20/lib/libzip.so
Event: 0.091 Loaded shared library /usr/lib/jvm/jdk-20/lib/libjimage.so
Event: 0.145 Loaded shared library /home/twisted/GradleProjects/Serial4j-v1/serial4j-examples/libs/bin/libserial4j.so

Deoptimization events (14 events):
Event: 0.136 Thread 0x00007ff72802b4c0 DEOPT PACKING pc=0x00007ff710ed04ca sp=0x00007ff72fe749c0
Event: 0.136 Thread 0x00007ff72802b4c0 DEOPT UNPACKING pc=0x00007ff71846b9af sp=0x00007ff72fe73e00 mode 0
Event: 0.207 Thread 0x00007ff72802b4c0 Uncommon trap: trap_request=0xffffff45 fr.pc=0x00007ff718996aec relative=0x000000000000006c
Event: 0.207 Thread 0x00007ff72802b4c0 Uncommon trap: reason=unstable_if action=reinterpret pc=0x00007ff718996aec method=java.lang.String.isLatin1()Z @ 10 c2
Event: 0.207 Thread 0x00007ff72802b4c0 DEOPT PACKING pc=0x00007ff718996aec sp=0x00007ff72fe754e0
Event: 0.207 Thread 0x00007ff72802b4c0 DEOPT UNPACKING pc=0x00007ff71846b219 sp=0x00007ff72fe75490 mode 2
Event: 0.211 Thread 0x00007ff72802b4c0 Uncommon trap: trap_request=0xffffff45 fr.pc=0x00007ff7189a9868 relative=0x0000000000000168
Event: 0.211 Thread 0x00007ff72802b4c0 Uncommon trap: reason=unstable_if action=reinterpret pc=0x00007ff7189a9868 method=java.util.concurrent.locks.ReentrantLock$NonfairSync.initialTryLock()Z @ 10 c2
Event: 0.211 Thread 0x00007ff72802b4c0 DEOPT PACKING pc=0x00007ff7189a9868 sp=0x00007ff72fe76470
Event: 0.211 Thread 0x00007ff72802b4c0 DEOPT UNPACKING pc=0x00007ff71846b219 sp=0x00007ff72fe76418 mode 2
Event: 0.211 Thread 0x00007ff72802b4c0 Uncommon trap: trap_request=0xffffff45 fr.pc=0x00007ff7189a9c20 relative=0x0000000000000120
Event: 0.211 Thread 0x00007ff72802b4c0 Uncommon trap: reason=unstable_if action=reinterpret pc=0x00007ff7189a9c20 method=java.util.concurrent.locks.ReentrantLock$Sync.tryRelease(I)Z @ 26 c2
Event: 0.211 Thread 0x00007ff72802b4c0 DEOPT PACKING pc=0x00007ff7189a9c20 sp=0x00007ff72fe76470
Event: 0.211 Thread 0x00007ff72802b4c0 DEOPT UNPACKING pc=0x00007ff71846b219 sp=0x00007ff72fe76410 mode 2

Classes loaded (20 events):
Event: 0.186 Loading class sun/util/logging/resources/logging_en
Event: 0.186 Loading class sun/util/logging/resources/logging_en done
Event: 0.188 Loading class sun/util/logging/resources/logging_en_US
Event: 0.188 Loading class sun/util/logging/resources/logging_en_US done
Event: 0.188 Loading class sun/util/logging/resources/logging_en_US
Event: 0.188 Loading class sun/util/logging/resources/logging_en_US done
Event: 0.193 Loading class java/util/Formatter$DateTime
Event: 0.193 Loading class java/util/Formatter$DateTime done
Event: 0.193 Loading class java/util/Formatter$FixedString
Event: 0.193 Loading class java/util/Formatter$FixedString done
Event: 0.193 Loading class java/time/ZonedDateTime$1
Event: 0.193 Loading class java/time/ZonedDateTime$1 done
Event: 0.195 Loading class jdk/internal/module/ModulePatcher$PatchedModuleReader
Event: 0.195 Loading class jdk/internal/module/ModulePatcher$PatchedModuleReader done
Event: 0.195 Loading class sun/net/www/protocol/jrt/Handler
Event: 0.195 Loading class sun/net/www/protocol/jrt/Handler done
Event: 0.202 Loading class sun/text/resources/cldr/FormatData_en
Event: 0.202 Loading class sun/text/resources/cldr/FormatData_en done
Event: 0.203 Loading class sun/text/resources/cldr/FormatData_en_US
Event: 0.203 Loading class sun/text/resources/cldr/FormatData_en_US done

Classes unloaded (0 events):
No events

Classes redefined (0 events):
No events

Internal exceptions (1 events):
Event: 0.183 Thread 0x00007ff72802b4c0 Exception <a 'java/lang/ClassNotFoundException'{0x000000075254f210}: sun/util/logging/resources/spi/loggingProvider> (0x000000075254f210) 
thrown [open/src/hotspot/share/classfile/systemDictionary.cpp, line 305]

VM Operations (0 events):
No events

Events (20 events):
Event: 0.023 Thread 0x00007ff728132290 Thread added: 0x00007ff728132290
Event: 0.023 Protecting memory [0x00007ff70d5e6000,0x00007ff70d5ea000] with protection modes 0
Event: 0.023 Thread 0x00007ff7281337c0 Thread added: 0x00007ff7281337c0
Event: 0.023 Protecting memory [0x00007ff70d4e6000,0x00007ff70d4ea000] with protection modes 0
Event: 0.024 Thread 0x00007ff7281352a0 Thread added: 0x00007ff7281352a0
Event: 0.024 Protecting memory [0x00007ff70d3e6000,0x00007ff70d3ea000] with protection modes 0
Event: 0.024 Thread 0x00007ff728136730 Thread added: 0x00007ff728136730
Event: 0.024 Protecting memory [0x00007ff70d2e6000,0x00007ff70d2ea000] with protection modes 0
Event: 0.024 Thread 0x00007ff728137bb0 Thread added: 0x00007ff728137bb0
Event: 0.024 Protecting memory [0x00007ff70d1e6000,0x00007ff70d1ea000] with protection modes 0
Event: 0.024 Thread 0x00007ff7281395d0 Thread added: 0x00007ff7281395d0
Event: 0.024 Protecting memory [0x00007ff70d0e6000,0x00007ff70d0ea000] with protection modes 0
Event: 0.024 Thread 0x00007ff72813ab70 Thread added: 0x00007ff72813ab70
Event: 0.024 Protecting memory [0x00007ff70cfe6000,0x00007ff70cfea000] with protection modes 0
Event: 0.035 Thread 0x00007ff728199760 Thread added: 0x00007ff728199760
Event: 0.035 Protecting memory [0x00007ff70cee6000,0x00007ff70ceea000] with protection modes 0
Event: 0.036 Thread 0x00007ff72819de40 Thread added: 0x00007ff72819de40
Event: 0.036 Protecting memory [0x00007ff70cce4000,0x00007ff70cce8000] with protection modes 0
Event: 0.164 Thread 0x00007ff68c18bcd0 Thread added: 0x00007ff68c18bcd0
Event: 0.164 Protecting memory [0x00007ff70c9aa000,0x00007ff70c9ae000] with protection modes 0


Dynamic libraries:
746e00000-752800000 rw-p 00000000 00:00 0 
752800000-7ffc00000 ---p 00000000 00:00 0 
7ffc00000-7ffd00000 rw-p 00000000 00:00 0 
7ffd00000-7ffd79000 rw-p 00d3e000 08:09 2097578                          /usr/lib/jvm/jdk-20/lib/server/classes.jsa
7ffd79000-7ffe00000 rw-p 00000000 00:00 0 
7ffe00000-7ffe83000 rw-p 00cbb000 08:09 2097578                          /usr/lib/jvm/jdk-20/lib/server/classes.jsa
7ffe83000-800000000 rw-p 00000000 00:00 0 
5594a10fb000-5594a10fc000 r-xp 00000000 08:09 2097494                    /usr/lib/jvm/jdk-20/bin/java
5594a10fd000-5594a10fe000 r--p 00001000 08:09 2097494                    /usr/lib/jvm/jdk-20/bin/java
5594a10fe000-5594a10ff000 rw-p 00002000 08:09 2097494                    /usr/lib/jvm/jdk-20/bin/java
5594a2095000-5594a20dc000 rw-p 00000000 00:00 0                          [heap]
7ff67c000000-7ff67c06b000 rw-p 00000000 00:00 0 
7ff67c06b000-7ff680000000 ---p 00000000 00:00 0 
7ff684000000-7ff684021000 rw-p 00000000 00:00 0 
7ff684021000-7ff688000000 ---p 00000000 00:00 0 
7ff688000000-7ff688021000 rw-p 00000000 00:00 0 
7ff688021000-7ff68c000000 ---p 00000000 00:00 0 
7ff68c000000-7ff68c194000 rw-p 00000000 00:00 0 
7ff68c194000-7ff690000000 ---p 00000000 00:00 0 
7ff690000000-7ff690021000 rw-p 00000000 00:00 0 
7ff690021000-7ff694000000 ---p 00000000 00:00 0 
7ff694000000-7ff694021000 rw-p 00000000 00:00 0 
7ff694021000-7ff698000000 ---p 00000000 00:00 0 
7ff698000000-7ff698051000 rw-p 00000000 00:00 0 
7ff698051000-7ff69c000000 ---p 00000000 00:00 0 
7ff69c000000-7ff69c021000 rw-p 00000000 00:00 0 
7ff69c021000-7ff6a0000000 ---p 00000000 00:00 0 
7ff6a0000000-7ff6a0021000 rw-p 00000000 00:00 0 
7ff6a0021000-7ff6a4000000 ---p 00000000 00:00 0 
7ff6a4000000-7ff6a4021000 rw-p 00000000 00:00 0 
7ff6a4021000-7ff6a8000000 ---p 00000000 00:00 0 
7ff6a8000000-7ff6a8021000 rw-p 00000000 00:00 0 
7ff6a8021000-7ff6ac000000 ---p 00000000 00:00 0 
7ff6ac000000-7ff6ac021000 rw-p 00000000 00:00 0 
7ff6ac021000-7ff6b0000000 ---p 00000000 00:00 0 
7ff6b3000000-7ff6b30e0000 rw-p 00000000 00:00 0 
7ff6b30e0000-7ff6b3400000 ---p 00000000 00:00 0 
7ff6b3400000-7ff6b3440000 rw-p 00000000 00:00 0 
7ff6b3440000-7ff6b7000000 ---p 00000000 00:00 0 
7ff6b7000000-7ff6b7c7e000 rw-p 00001000 08:09 2097578                    /usr/lib/jvm/jdk-20/lib/server/classes.jsa
7ff6b7c7e000-7ff6b8000000 ---p 00000000 00:00 0 
7ff6b8000000-7ff6b8020000 rw-p 00000000 00:00 0 
7ff6b8020000-7ff6b8040000 ---p 00000000 00:00 0 
7ff6b8040000-7ff6b8050000 rw-p 00000000 00:00 0 
7ff6b8050000-7ff6f8000000 ---p 00000000 00:00 0 
7ff6f8000000-7ff6f8021000 rw-p 00000000 00:00 0 
7ff6f8021000-7ff6fc000000 ---p 00000000 00:00 0 
7ff6fc000000-7ff6fc021000 rw-p 00000000 00:00 0 
7ff6fc021000-7ff700000000 ---p 00000000 00:00 0 
7ff700000000-7ff700021000 rw-p 00000000 00:00 0 
7ff700021000-7ff704000000 ---p 00000000 00:00 0 
7ff704000000-7ff704021000 rw-p 00000000 00:00 0 
7ff704021000-7ff708000000 ---p 00000000 00:00 0 
7ff708000000-7ff708021000 rw-p 00000000 00:00 0 
7ff708021000-7ff70c000000 ---p 00000000 00:00 0 
7ff70c5be000-7ff70c9aa000 rw-p 00000000 00:00 0 
7ff70c9aa000-7ff70c9ae000 ---p 00000000 00:00 0 
7ff70c9ae000-7ff70caaa000 rw-p 00000000 00:00 0 
7ff70caaa000-7ff70caad000 r--p 00000000 08:09 656027                     /usr/lib/x86_64-linux-gnu/libgcc_s.so.1
7ff70caad000-7ff70cac4000 r-xp 00003000 08:09 656027                     /usr/lib/x86_64-linux-gnu/libgcc_s.so.1
7ff70cac4000-7ff70cac8000 r--p 0001a000 08:09 656027                     /usr/lib/x86_64-linux-gnu/libgcc_s.so.1
7ff70cac8000-7ff70cac9000 r--p 0001d000 08:09 656027                     /usr/lib/x86_64-linux-gnu/libgcc_s.so.1
7ff70cac9000-7ff70caca000 rw-p 0001e000 08:09 656027                     /usr/lib/x86_64-linux-gnu/libgcc_s.so.1
7ff70caca000-7ff70cb63000 r--p 00000000 08:09 655390                     /usr/lib/x86_64-linux-gnu/libstdc++.so.6.0.30
7ff70cb63000-7ff70cc64000 r-xp 00099000 08:09 655390                     /usr/lib/x86_64-linux-gnu/libstdc++.so.6.0.30
7ff70cc64000-7ff70ccd3000 r--p 0019a000 08:09 655390                     /usr/lib/x86_64-linux-gnu/libstdc++.so.6.0.30
7ff70ccd3000-7ff70ccde000 r--p 00209000 08:09 655390                     /usr/lib/x86_64-linux-gnu/libstdc++.so.6.0.30
7ff70ccde000-7ff70cce1000 rw-p 00214000 08:09 655390                     /usr/lib/x86_64-linux-gnu/libstdc++.so.6.0.30
7ff70cce1000-7ff70cce4000 rw-p 00000000 00:00 0 
7ff70cce4000-7ff70cce8000 ---p 00000000 00:00 0 
7ff70cce8000-7ff70cde4000 rw-p 00000000 00:00 0 
7ff70cde4000-7ff70cde5000 ---p 00000000 00:00 0 
7ff70cde5000-7ff70cee6000 rw-p 00000000 00:00 0 
7ff70cee6000-7ff70ceea000 ---p 00000000 00:00 0 
7ff70ceea000-7ff70cfe6000 rw-p 00000000 00:00 0 
7ff70cfe6000-7ff70cfea000 ---p 00000000 00:00 0 
7ff70cfea000-7ff70d0e6000 rw-p 00000000 00:00 0 
7ff70d0e6000-7ff70d0ea000 ---p 00000000 00:00 0 
7ff70d0ea000-7ff70d1e6000 rw-p 00000000 00:00 0 
7ff70d1e6000-7ff70d1ea000 ---p 00000000 00:00 0 
7ff70d1ea000-7ff70d2e6000 rw-p 00000000 00:00 0 
7ff70d2e6000-7ff70d2ea000 ---p 00000000 00:00 0 
7ff70d2ea000-7ff70d3e6000 rw-p 00000000 00:00 0 
7ff70d3e6000-7ff70d3ea000 ---p 00000000 00:00 0 
7ff70d3ea000-7ff70d4e6000 rw-p 00000000 00:00 0 
7ff70d4e6000-7ff70d4ea000 ---p 00000000 00:00 0 
7ff70d4ea000-7ff70d5e6000 rw-p 00000000 00:00 0 
7ff70d5e6000-7ff70d5ea000 ---p 00000000 00:00 0 
7ff70d5ea000-7ff70d6e6000 rw-p 00000000 00:00 0 
7ff70d6e6000-7ff70d9cf000 r--p 00000000 08:09 695504                     /usr/lib/locale/locale-archive
7ff70d9cf000-7ff70d9d0000 ---p 00000000 00:00 0 
7ff70d9d0000-7ff70dad1000 rw-p 00000000 00:00 0 
7ff70dad1000-7ff70db9f000 r-xp 00000000 08:09 2097587                    /usr/lib/jvm/jdk-20/lib/libjsvml.so
7ff70db9f000-7ff70dba0000 r--p 000cd000 08:09 2097587                    /usr/lib/jvm/jdk-20/lib/libjsvml.so
7ff70dba0000-7ff70dba1000 rw-p 000ce000 08:09 2097587                    /usr/lib/jvm/jdk-20/lib/libjsvml.so
7ff70dba1000-7ff70dc7d000 rw-p 00000000 00:00 0 
7ff70dc7d000-7ff70dc7e000 ---p 00000000 00:00 0 
7ff70dc7e000-7ff70dd7f000 rw-p 00000000 00:00 0 
7ff70dd7f000-7ff70dd80000 ---p 00000000 00:00 0 
7ff70dd80000-7ff70e36b000 rw-p 00000000 00:00 0 
7ff70e36b000-7ff710ebb000 ---p 00000000 00:00 0 
7ff710ebb000-7ff710ecb000 rw-p 00000000 00:00 0 
7ff710ecb000-7ff71113b000 rwxp 00000000 00:00 0 
7ff71113b000-7ff718402000 ---p 00000000 00:00 0 
7ff718402000-7ff718672000 rwxp 00000000 00:00 0 
7ff718672000-7ff718993000 ---p 00000000 00:00 0 
7ff718993000-7ff718c03000 rwxp 00000000 00:00 0 
7ff718c03000-7ff71fecb000 ---p 00000000 00:00 0 
7ff71fecb000-7ff728000000 r--s 00000000 08:09 2097570                    /usr/lib/jvm/jdk-20/lib/modules
7ff728000000-7ff72844d000 rw-p 00000000 00:00 0 
7ff72844d000-7ff72c000000 ---p 00000000 00:00 0 
7ff72c034000-7ff72c03b000 r--p 00000000 08:0a 8653166                    /home/twisted/GradleProjects/Serial4j-v1/serial4j-examples/libs/bin/libserial4j.so
7ff72c03b000-7ff72c03e000 r-xp 00007000 08:0a 8653166                    /home/twisted/GradleProjects/Serial4j-v1/serial4j-examples/libs/bin/libserial4j.so
7ff72c03e000-7ff72c041000 r--p 0000a000 08:0a 8653166                    /home/twisted/GradleProjects/Serial4j-v1/serial4j-examples/libs/bin/libserial4j.so
7ff72c041000-7ff72c042000 r--p 0000c000 08:0a 8653166                    /home/twisted/GradleProjects/Serial4j-v1/serial4j-examples/libs/bin/libserial4j.so
7ff72c042000-7ff72c043000 rw-p 0000d000 08:0a 8653166                    /home/twisted/GradleProjects/Serial4j-v1/serial4j-examples/libs/bin/libserial4j.so
7ff72c043000-7ff72c084000 rw-p 00000000 00:00 0 
7ff72c08b000-7ff72c092000 r--s 00000000 08:09 695612                     /usr/lib/x86_64-linux-gnu/gconv/gconv-modules.cache
7ff72c092000-7ff72c099000 r-xp 00000000 08:09 2097600                    /usr/lib/jvm/jdk-20/lib/libzip.so
7ff72c099000-7ff72c09a000 ---p 00007000 08:09 2097600                    /usr/lib/jvm/jdk-20/lib/libzip.so
7ff72c09a000-7ff72c09b000 r--p 00007000 08:09 2097600                    /usr/lib/jvm/jdk-20/lib/libzip.so
7ff72c09b000-7ff72c09c000 rw-p 00008000 08:09 2097600                    /usr/lib/jvm/jdk-20/lib/libzip.so
7ff72c09c000-7ff72c0a8000 r-xp 00000000 08:09 2097615                    /usr/lib/jvm/jdk-20/lib/libnet.so
7ff72c0a8000-7ff72c0a9000 r--p 0000b000 08:09 2097615                    /usr/lib/jvm/jdk-20/lib/libnet.so
7ff72c0a9000-7ff72c0aa000 rw-p 0000c000 08:09 2097615                    /usr/lib/jvm/jdk-20/lib/libnet.so
7ff72c0aa000-7ff72c0bd000 r-xp 00000000 08:09 2097623                    /usr/lib/jvm/jdk-20/lib/libnio.so
7ff72c0bd000-7ff72c0be000 ---p 00013000 08:09 2097623                    /usr/lib/jvm/jdk-20/lib/libnio.so
7ff72c0be000-7ff72c0bf000 r--p 00013000 08:09 2097623                    /usr/lib/jvm/jdk-20/lib/libnio.so
7ff72c0bf000-7ff72c0c0000 rw-p 00014000 08:09 2097623                    /usr/lib/jvm/jdk-20/lib/libnio.so
7ff72c0c0000-7ff72e2c2000 rw-p 00000000 00:00 0 
7ff72e2c2000-7ff72e2c3000 ---p 00000000 00:00 0 
7ff72e2c3000-7ff72e3c4000 rw-p 00000000 00:00 0 
7ff72e3c4000-7ff72e3c5000 ---p 00000000 00:00 0 
7ff72e3c5000-7ff72e4c6000 rw-p 00000000 00:00 0 
7ff72e4c6000-7ff72e4c7000 ---p 00000000 00:00 0 
7ff72e4c7000-7ff72e657000 rw-p 00000000 00:00 0 
7ff72e657000-7ff72ebc1000 ---p 00000000 00:00 0 
7ff72ebc1000-7ff72ec20000 rw-p 00000000 00:00 0 
7ff72ec20000-7ff72f18a000 ---p 00000000 00:00 0 
7ff72f18a000-7ff72f1e9000 rw-p 00000000 00:00 0 
7ff72f1e9000-7ff72f753000 ---p 00000000 00:00 0 
7ff72f753000-7ff72fb5e000 rw-p 00000000 00:00 0 
7ff72fb5e000-7ff72fc44000 ---p 00000000 00:00 0 
7ff72fc44000-7ff72fc49000 rw-p 00000000 00:00 0 
7ff72fc49000-7ff72fd2f000 ---p 00000000 00:00 0 
7ff72fd2f000-7ff72fd55000 r-xp 00000000 08:09 2097594                    /usr/lib/jvm/jdk-20/lib/libjava.so
7ff72fd55000-7ff72fd56000 ---p 00026000 08:09 2097594                    /usr/lib/jvm/jdk-20/lib/libjava.so
7ff72fd56000-7ff72fd57000 r--p 00026000 08:09 2097594                    /usr/lib/jvm/jdk-20/lib/libjava.so
7ff72fd57000-7ff72fd58000 rw-p 00027000 08:09 2097594                    /usr/lib/jvm/jdk-20/lib/libjava.so
7ff72fd58000-7ff72fd59000 rw-p 00000000 00:00 0 
7ff72fd59000-7ff72fd74000 r-xp 00000000 08:09 2097608                    /usr/lib/jvm/jdk-20/lib/libjimage.so
7ff72fd74000-7ff72fd75000 ---p 0001b000 08:09 2097608                    /usr/lib/jvm/jdk-20/lib/libjimage.so
7ff72fd75000-7ff72fd77000 r--p 0001b000 08:09 2097608                    /usr/lib/jvm/jdk-20/lib/libjimage.so
7ff72fd77000-7ff72fd78000 rw-p 0001d000 08:09 2097608                    /usr/lib/jvm/jdk-20/lib/libjimage.so
7ff72fd78000-7ff72fd7c000 ---p 00000000 00:00 0 
7ff72fd7c000-7ff72fe78000 rw-p 00000000 00:00 0 
7ff72fe78000-7ff72fe88000 r--p 00000000 08:09 685883                     /usr/lib/x86_64-linux-gnu/libm.so.6
7ff72fe88000-7ff72fefb000 r-xp 00010000 08:09 685883                     /usr/lib/x86_64-linux-gnu/libm.so.6
7ff72fefb000-7ff72ff55000 r--p 00083000 08:09 685883                     /usr/lib/x86_64-linux-gnu/libm.so.6
7ff72ff55000-7ff72ff56000 r--p 000dc000 08:09 685883                     /usr/lib/x86_64-linux-gnu/libm.so.6
7ff72ff56000-7ff72ff57000 rw-p 000dd000 08:09 685883                     /usr/lib/x86_64-linux-gnu/libm.so.6
7ff72ff57000-7ff72ff58000 r--p 00000000 08:09 685894                     /usr/lib/x86_64-linux-gnu/librt.so.1
7ff72ff58000-7ff72ff59000 r-xp 00001000 08:09 685894                     /usr/lib/x86_64-linux-gnu/librt.so.1
7ff72ff59000-7ff72ff5a000 r--p 00002000 08:09 685894                     /usr/lib/x86_64-linux-gnu/librt.so.1
7ff72ff5a000-7ff72ff5b000 r--p 00002000 08:09 685894                     /usr/lib/x86_64-linux-gnu/librt.so.1
7ff72ff5b000-7ff72ff5c000 rw-p 00003000 08:09 685894                     /usr/lib/x86_64-linux-gnu/librt.so.1
7ff72ff5c000-7ff73117a000 r-xp 00000000 08:09 2097579                    /usr/lib/jvm/jdk-20/lib/server/libjvm.so
7ff73117a000-7ff731244000 r--p 0121d000 08:09 2097579                    /usr/lib/jvm/jdk-20/lib/server/libjvm.so
7ff731244000-7ff731279000 rw-p 012e7000 08:09 2097579                    /usr/lib/jvm/jdk-20/lib/server/libjvm.so
7ff731279000-7ff7312dc000 rw-p 00000000 00:00 0 
7ff7312dc000-7ff731302000 r--p 00000000 08:09 685880                     /usr/lib/x86_64-linux-gnu/libc.so.6
7ff731302000-7ff731457000 r-xp 00026000 08:09 685880                     /usr/lib/x86_64-linux-gnu/libc.so.6
7ff731457000-7ff7314aa000 r--p 0017b000 08:09 685880                     /usr/lib/x86_64-linux-gnu/libc.so.6
7ff7314aa000-7ff7314ae000 r--p 001ce000 08:09 685880                     /usr/lib/x86_64-linux-gnu/libc.so.6
7ff7314ae000-7ff7314b0000 rw-p 001d2000 08:09 685880                     /usr/lib/x86_64-linux-gnu/libc.so.6
7ff7314b0000-7ff7314bd000 rw-p 00000000 00:00 0 
7ff7314bd000-7ff7314be000 r--p 00000000 08:09 685882                     /usr/lib/x86_64-linux-gnu/libdl.so.2
7ff7314be000-7ff7314bf000 r-xp 00001000 08:09 685882                     /usr/lib/x86_64-linux-gnu/libdl.so.2
7ff7314bf000-7ff7314c0000 r--p 00002000 08:09 685882                     /usr/lib/x86_64-linux-gnu/libdl.so.2
7ff7314c0000-7ff7314c1000 r--p 00002000 08:09 685882                     /usr/lib/x86_64-linux-gnu/libdl.so.2
7ff7314c1000-7ff7314c2000 rw-p 00003000 08:09 685882                     /usr/lib/x86_64-linux-gnu/libdl.so.2
7ff7314c2000-7ff7314c3000 r--p 00000000 08:09 685892                     /usr/lib/x86_64-linux-gnu/libpthread.so.0
7ff7314c3000-7ff7314c4000 r-xp 00001000 08:09 685892                     /usr/lib/x86_64-linux-gnu/libpthread.so.0
7ff7314c4000-7ff7314c5000 r--p 00002000 08:09 685892                     /usr/lib/x86_64-linux-gnu/libpthread.so.0
7ff7314c5000-7ff7314c6000 r--p 00002000 08:09 685892                     /usr/lib/x86_64-linux-gnu/libpthread.so.0
7ff7314c6000-7ff7314c7000 rw-p 00003000 08:09 685892                     /usr/lib/x86_64-linux-gnu/libpthread.so.0
7ff7314c7000-7ff7314d5000 r-xp 00000000 08:09 2097584                    /usr/lib/jvm/jdk-20/lib/libjli.so
7ff7314d5000-7ff7314d6000 ---p 0000e000 08:09 2097584                    /usr/lib/jvm/jdk-20/lib/libjli.so
7ff7314d6000-7ff7314d7000 r--p 0000e000 08:09 2097584                    /usr/lib/jvm/jdk-20/lib/libjli.so
7ff7314d7000-7ff7314d8000 rw-p 0000f000 08:09 2097584                    /usr/lib/jvm/jdk-20/lib/libjli.so
7ff7314d8000-7ff7314db000 r--p 00000000 08:09 657587                     /usr/lib/x86_64-linux-gnu/libz.so.1.2.11
7ff7314db000-7ff7314ec000 r-xp 00003000 08:09 657587                     /usr/lib/x86_64-linux-gnu/libz.so.1.2.11
7ff7314ec000-7ff7314f2000 r--p 00014000 08:09 657587                     /usr/lib/x86_64-linux-gnu/libz.so.1.2.11
7ff7314f2000-7ff7314f3000 ---p 0001a000 08:09 657587                     /usr/lib/x86_64-linux-gnu/libz.so.1.2.11
7ff7314f3000-7ff7314f4000 r--p 0001a000 08:09 657587                     /usr/lib/x86_64-linux-gnu/libz.so.1.2.11
7ff7314f4000-7ff7314f5000 rw-p 0001b000 08:09 657587                     /usr/lib/x86_64-linux-gnu/libz.so.1.2.11
7ff7314f7000-7ff7314fc000 rw-p 00000000 00:00 0 
7ff7314fc000-7ff731503000 ---p 00000000 00:00 0 
7ff731503000-7ff73150b000 rw-s 00000000 08:09 3146986                    /tmp/hsperfdata_pavl-machine/32085
7ff73150b000-7ff73150c000 ---p 00000000 00:00 0 
7ff73150c000-7ff73150d000 r--p 00000000 00:00 0 
7ff73150d000-7ff73150e000 ---p 00000000 00:00 0 
7ff73150e000-7ff731510000 rw-p 00000000 00:00 0 
7ff731510000-7ff731511000 r--p 00000000 08:09 685876                     /usr/lib/x86_64-linux-gnu/ld-linux-x86-64.so.2
7ff731511000-7ff731536000 r-xp 00001000 08:09 685876                     /usr/lib/x86_64-linux-gnu/ld-linux-x86-64.so.2
7ff731536000-7ff731540000 r--p 00026000 08:09 685876                     /usr/lib/x86_64-linux-gnu/ld-linux-x86-64.so.2
7ff731540000-7ff731542000 r--p 00030000 08:09 685876                     /usr/lib/x86_64-linux-gnu/ld-linux-x86-64.so.2
7ff731542000-7ff731544000 rw-p 00032000 08:09 685876                     /usr/lib/x86_64-linux-gnu/ld-linux-x86-64.so.2
7ffe871c9000-7ffe871ec000 rw-p 00000000 00:00 0                          [stack]
7ffe871ee000-7ffe871f2000 r--p 00000000 00:00 0                          [vvar]
7ffe871f2000-7ffe871f4000 r-xp 00000000 00:00 0                          [vdso]


VM Arguments:
jvm_args: -Dfile.encoding=UTF-8 -Duser.country=US -Duser.language=en -Duser.variant 
java_command: com.serial4j.example.serial4j.HelloNativeSerial4J
java_class_path (initial): /home/twisted/GradleProjects/Serial4j-v1/serial4j-examples/build/classes/java/main:/home/twisted/GradleProjects/Serial4j-v1/serial4j-examples/build/resources/main:/home/twisted/GradleProjects/Serial4j-v1/serial4j/build/libs/serial4j.jar:/home/twisted/GradleProjects/Serial4j-v1/serial4j-native/build/libs/serial4j-native-linux.jar:/home/pavl-machine/.gradle/caches/modules-2/files-2.1/io.github.software-hardware-codesign/snaploader/1.0.0-alpha/1aaee58e923a960599a5fe10089d8bc3489984ce/snaploader-1.0.0-alpha.jar:/home/pavl-machine/.gradle/caches/modules-2/files-2.1/org.jmonkeyengine/jme3-desktop/3.6.0-stable/3ba320405e5700db27c6a21a3f77a56e1d05ba7a/jme3-desktop-3.6.0-stable.jar:/home/pavl-machine/.gradle/caches/modules-2/files-2.1/org.jmonkeyengine/jme3-lwjgl3/3.6.0-stable/b1560dc3b74d50ebfdb9afe617b94c3f195cf1b3/jme3-lwjgl3-3.6.0-stable.jar:/home/pavl-machine/.gradle/caches/modules-2/files-2.1/com.github.stephengold/Minie/7.4.0/eaeb7b28b776dd3ef99a09afc98fd59d22ced929/Minie-7.4.0.jar:/home/pavl-machine/.gradle/caches/modules-2/files-2.1/com.github.stephengold/Heart/8.3.2/2a3a4b3f4f39bcf4f43ce687976b66878bd2856d/Heart-8.3.2.jar:/home/pavl-machine/.gradle/caches/modules-2/files-2.1/com.simsilica/sim-math/1.6.0/6a93c1b12f0c990a86f3f60cb401076a53f71b3/sim-math-1.6.0.jar:/home/pavl-machine/.gradle/caches/modules-2/files-2.1/org.jmonkeyengine/jme3-terrain/3.6.0-stable/6ab3c428c4fba53be24658008c54fbf788ef83f3/jme3-terrain-3.6.0-stable.jar:/home/pavl-machine/.gradle/caches/modules-2/files-2.1/org.jmonkeyengine/jme3-core/3.6.0-stable/4ec2e1cd3cc60d0f1facc78c273dbb4ad13ceca4/jme3-core-3.6.0-stable.jar:/home/pavl-machine/.gradle/caches/modules-2/files-2.1/org.lwjgl/lwjgl-glfw/3.3.1/cbac1b8d30cb4795149c1ef540f912671a8616d0/lwjgl-glfw-3.3.1.jar:/home/pavl-machine/.gradle/caches/modules-2/files-2.1/org.lwjgl/lwjgl-glfw/3.3.1/ed892f945cf7e79c8756796f32d00fa4ceaf573b/lwjgl-glfw-3.3.1-natives-windows.jar:/home/pavl-machine/.gradle/caches/modules-2/files-2.1/org.lwjgl/lwjgl-glfw/3.3.1/b997e3391d6ce8f05487e7335d95c606043884a1/lwjgl-glfw-3.3.1-natives-windows-x86.jar:/home/pavl-machine/.gradle/caches/modules-2/files-2.1/org.lwjgl/lwjgl-glfw/3.3.1/81716978214ecbda15050ca394b06ef61501a49e/lwjgl-glfw-3.3.1-natives-linux.jar:/home/pavl-machine/.gradle/caches/modules-2/files-2.1/org.lwjgl/lwjgl-glfw/3.3.1/816d935933f2dd743074c4e717cc25b55720f294/lwjgl-glfw-3.3.1-natives-linux-arm32.jar:/home/pavl-machine/.gradle/caches/modules-2/files-2.1/org.lwjgl/lwjgl-glfw/3.3.1/513eb39b866d0fe131a18d5c517087805433b029/lwjgl-glfw-3.3.1-natives-linux-arm64.jar:/home/pavl-machine/.gradle/caches/modules-2/files-2.1/org.lwjgl/lwjgl-glfw/3.3.1/9ec4ce1fc8c85fdef03ef4ff2aace6f5775fb280/lwjgl-glfw-3.3.1-natives-macos.jar:/home/pavl-machine/.gradle/caches/modules-2/files-2.1/org.lwjgl/lwjgl-glfw/3.3.1/cac0d3f712a3da7641fa174735a5f315de7ffe0a/lwjgl-glfw-3.3.1-natives-macos-arm64.jar:/home/pavl-machine/.gradle/caches/modules-2/files-2.1/org.lwjgl/lwjgl-jemalloc/3.3.1/a817bcf213db49f710603677457567c37d53e103/lwjgl-jemalloc-3.3.1.jar:/home/pavl-machine/.gradle/caches/modules-2/files-2.1/org.lwjgl/lwjgl-jemalloc/3.3.1/948a89b76a16aa324b046ae9308891216ffce5f9/lwjgl-jemalloc-3.3.1-natives-windows.jar:/home/pavl-machine/.gradle/caches/modules-2/files-2.1/org.lwjgl/lwjgl-jemalloc/3.3.1/fb476c8ec110e1c137ad3ce8a7f7bfe6b11c6324/lwjgl-jemalloc-3.3.1-natives-windows-x86.jar:/home/pavl-machine/.gradle/caches/modules-2/files-2.1/org.lwjgl/lwjgl-jemalloc/3.3.1/33dbb017b6ed6b25f993ad9d56741a49e7937718/lwjgl-jemalloc-3.3.1-natives-linux.jar:/home/pavl-machine/.gradle/caches/modules-2/files-2.1/org.lwjgl/lwjgl-jemalloc/3.3.1/a96a6d6cb3876d7813fcee53c3c24f246aeba3b3/lwjgl-jemalloc-3.3.1-natives-linux-arm32.jar:/home/pavl-machine/.gradle/caches/modules-2/files-2.1/org.lwjgl/lwjgl-jemalloc/3.3.1/c6606e57db075ad218a2e78d2416c159a53b6a0c/lwjgl-jemalloc-3.3.1-natives-linux-arm64.jar:/home/pavl-machine/.gradle/caches/modules-2/files-2.1/org.lwjgl/lwjgl-jemalloc/3.3.1/56424dc8db3cfb8e7b594aa6d59a4f4387b7f544/lwjgl-jemalloc-3.3.1-natives-macos.jar:/home/pavl-machine/.gradle/caches/modules-2/files-2.1/org.lwjgl/lwjgl-jemalloc/3.3.1/e577b87d8ad2ade361aaea2fcf226c660b15dee8/lwjgl-jemalloc-3.3.1-natives-macos-arm64.jar:/home/pavl-machine/.gradle/caches/modules-2/files-2.1/org.lwjgl/lwjgl-openal/3.3.1/2623a6b8ae1dfcd880738656a9f0243d2e6840bd/lwjgl-openal-3.3.1.jar:/home/pavl-machine/.gradle/caches/modules-2/files-2.1/org.lwjgl/lwjgl-openal/3.3.1/30a474d0e57193d7bc128849a3ab66bc9316fdb1/lwjgl-openal-3.3.1-natives-windows.jar:/home/pavl-machine/.gradle/caches/modules-2/files-2.1/org.lwjgl/lwjgl-openal/3.3.1/888349f7b1be6fbae58bf8edfb9ef12def04c4e3/lwjgl-openal-3.3.1-natives-windows-x86.jar:/home/pavl-machine/.gradle/caches/modules-2/files-2.1/org.lwjgl/lwjgl-openal/3.3.1/f906b6439f6daa66001182ea7727e3467a93681b/lwjgl-openal-3.3.1-natives-linux.jar:/home/pavl-machine/.gradle/caches/modules-2/files-2.1/org.lwjgl/lwjgl-openal/3.3.1/ffbe35d7fa5ec9b7eca136a7c71f24d4025a510b/lwjgl-openal-3.3.1-natives-linux-arm32.jar:/home/pavl-machine/.gradle/caches/modules-2/files-2.1/org.lwjgl/lwjgl-openal/3.3.1/cf4e303257e82981b8b2e31bba3d7f8f7b8f42b2/lwjgl-openal-3.3.1-natives-linux-arm64.jar:/home/pavl-machine/.gradle/caches/modules-2/files-2.1/org.lwjgl/lwjgl-openal/3.3.1/3a57b8911835fb58b5e558d0ca0d28157e263d45/lwjgl-openal-3.3.1-natives-macos.jar:/home/pavl-machine/.gradle/caches/modules-2/files-2.1/org.lwjgl/lwjgl-openal/3.3.1/23d55e7490b57495320f6c9e1936d78fd72c4ef8/lwjgl-openal-3.3.1-natives-macos-arm64.jar:/home/pavl-machine/.gradle/caches/modules-2/files-2.1/org.lwjgl/lwjgl-opencl/3.3.1/8e9b00d310ef80ec4343ed709efb2ae77386014d/lwjgl-opencl-3.3.1.jar:/home/pavl-machine/.gradle/caches/modules-2/files-2.1/org.lwjgl/lwjgl-opengl/3.3.1/831a5533a21a5f4f81bbc51bb13e9899319b5411/lwjgl-opengl-3.3.1.jar:/home/pavl-machine/.gradle/caches/modules-2/files-2.1/org.lwjgl/lwjgl-opengl/3.3.1/c1807e9bd571402787d7e37e3029776ae2513bb8/lwjgl-opengl-3.3.1-natives-windows.jar:/home/pavl-machine/.gradle/caches/modules-2/files-2.1/org.lwjgl/lwjgl-opengl/3.3.1/deef3eb9b178ff2ff3ce893cc72ae741c3a17974/lwjgl-opengl-3.3.1-natives-windows-x86.jar:/home/pavl-machine/.gradle/caches/modules-2/files-2.1/org.lwjgl/lwjgl-opengl/3.3.1/ab9ab6fde3743e3550fa5d46d785ecb45b047d99/lwjgl-opengl-3.3.1-natives-linux.jar:/home/pavl-machine/.gradle/caches/modules-2/files-2.1/org.lwjgl/lwjgl-opengl/3.3.1/e3550fa91097fd56e361b4370fa822220fef3595/lwjgl-opengl-3.3.1-natives-linux-arm32.jar:/home/pavl-machine/.gradle/caches/modules-2/files-2.1/org.lwjgl/lwjgl-opengl/3.3.1/1c528fb258a6e63e8fceb4482d8db0f3af10a634/lwjgl-opengl-3.3.1-natives-linux-arm64.jar:/home/pavl-machine/.gradle/caches/modules-2/files-2.1/org.lwjgl/lwjgl-opengl/3.3.1/a0d12697ea019a7362eff26475b0531340e876a6/lwjgl-opengl-3.3.1-natives-macos.jar:/home/pavl-machine/.gradle/caches/modules-2/files-2.1/org.lwjgl/lwjgl-opengl/3.3.1/eafe34b871d966292e8db0f1f3d6b8b110d4e91d/lwjgl-opengl-3.3.1-natives-macos-arm64.jar:/home/pavl-machine/.gradle/caches/modules-2/files-2.1/org.lwjgl/lwjgl/3.3.1/ae58664f88e18a9bb2c77b063833ca7aaec484cb/lwjgl-3.3.1.jar:/home/pavl-machine/.gradle/caches/modules-2/files-2.1/org.lwjgl/lwjgl/3.3.1/36c37f16ab611b3aa11f3bcf80b1d509b4ce6b/lwjgl-3.3.1-natives-windows.jar:/home/pavl-machine/.gradle/caches/modules-2/files-2.1/org.lwjgl/lwjgl/3.3.1/3b14f4beae9dd39791ec9e12190a9380cd8a3ce6/lwjgl-3.3.1-natives-windows-x86.jar:/home/pavl-machine/.gradle/caches/modules-2/files-2.1/org.lwjgl/lwjgl/3.3.1/1de885aba434f934201b99f2f1afb142036ac189/lwjgl-3.3.1-natives-linux.jar:/home/pavl-machine/.gradle/caches/modules-2/files-2.1/org.lwjgl/lwjgl/3.3.1/41a3c1dd15d6b964eb8196dde69720a3e3e5e969/lwjgl-3.3.1-natives-linux-arm32.jar:/home/pavl-machine/.gradle/caches/modules-2/files-2.1/org.lwjgl/lwjgl/3.3.1/b597401014acb7196c76d97e15a6288f54f1f692/lwjgl-3.3.1-natives-linux-arm64.jar:/home/pavl-machine/.gradle/caches/modules-2/files-2.1/org.lwjgl/lwjgl/3.3.1/fc6bb723dec2cd031557dccb2a95f0ab80acb9db/lwjgl-3.3.1-natives-macos.jar:/home/pavl-machine/.gradle/caches/modules-2/files-2.1/org.lwjgl/lwjgl/3.3.1/71d0d5e469c9c95351eb949064497e3391616ac9/lwjgl-3.3.1-natives-macos-arm64.jar:/home/pavl-machine/.gradle/caches/modules-2/files-2.1/org.slf4j/slf4j-api/1.7.32/cdcff33940d9f2de763bc41ea05a0be5941176c3/slf4j-api-1.7.32.jar
Launcher Type: SUN_STANDARD

[Global flags]
     intx CICompilerCount                          = 3                                         {product} {ergonomic}
     uint ConcGCThreads                            = 1                                         {product} {ergonomic}
     uint G1ConcRefinementThreads                  = 4                                         {product} {ergonomic}
   size_t G1HeapRegionSize                         = 2097152                                   {product} {ergonomic}
    uintx GCDrainStackTargetSize                   = 64                                        {product} {ergonomic}
   size_t InitialHeapSize                          = 195035136                                 {product} {ergonomic}
   size_t MarkStackSize                            = 4194304                                   {product} {ergonomic}
   size_t MaxHeapSize                              = 3105882112                                {product} {ergonomic}
   size_t MaxNewSize                               = 1862270976                                {product} {ergonomic}
   size_t MinHeapDeltaBytes                        = 2097152                                   {product} {ergonomic}
   size_t MinHeapSize                              = 8388608                                   {product} {ergonomic}
    uintx NonNMethodCodeHeapSize                   = 5832780                                {pd product} {ergonomic}
    uintx NonProfiledCodeHeapSize                  = 122912730                              {pd product} {ergonomic}
    uintx ProfiledCodeHeapSize                     = 122912730                              {pd product} {ergonomic}
    uintx ReservedCodeCacheSize                    = 251658240                              {pd product} {ergonomic}
     bool SegmentedCodeCache                       = true                                      {product} {ergonomic}
   size_t SoftMaxHeapSize                          = 3105882112                             {manageable} {ergonomic}
     bool UseCompressedClassPointers               = true                           {product lp64_product} {ergonomic}
     bool UseCompressedOops                        = true                           {product lp64_product} {ergonomic}
     bool UseG1GC                                  = true                                      {product} {ergonomic}

Logging:
Log output configuration:
 #0: stdout all=warning uptime,level,tags foldmultilines=false
 #1: stderr all=off uptime,level,tags foldmultilines=false

Environment Variables:
PATH=/home/pavl-machine/.sdkman/candidates/gradle/current/bin:/home/pavl-machine/.local/bin:/snap/bin:/usr/sandbox/:/usr/local/bin:/usr/bin:/bin:/usr/local/games:/usr/games:/usr/share/games:/usr/local/sbin:/usr/sbin:/sbin:/usr/local/bin:/usr/bin:/bin:/usr/local/games:/usr/games
SHELL=/bin/bash
DISPLAY=:0
LANG=en_US.UTF-8
TERM=xterm-256color

Active Locale:
LC_ALL=en_US.UTF-8
LC_COLLATE=en_US.UTF-8
LC_CTYPE=en_US.UTF-8
LC_MESSAGES=en_US.UTF-8
LC_MONETARY=en_US.UTF-8
LC_NUMERIC=en_US.UTF-8
LC_TIME=en_US.UTF-8

Signal Handlers:
   SIGSEGV: crash_handler in libjvm.so, mask=11100100010111111101111111111110, flags=SA_RESTART|SA_SIGINFO, unblocked
    SIGBUS: crash_handler in libjvm.so, mask=11100100010111111101111111111110, flags=SA_RESTART|SA_SIGINFO, unblocked
    SIGFPE: crash_handler in libjvm.so, mask=11100100010111111101111111111110, flags=SA_RESTART|SA_SIGINFO, unblocked
   SIGPIPE: javaSignalHandler in libjvm.so, mask=11100100010111111101111111111110, flags=SA_RESTART|SA_SIGINFO, blocked
   SIGXFSZ: javaSignalHandler in libjvm.so, mask=11100100010111111101111111111110, flags=SA_RESTART|SA_SIGINFO, blocked
    SIGILL: crash_handler in libjvm.so, mask=11100100010111111101111111111110, flags=SA_RESTART|SA_SIGINFO, unblocked
   SIGUSR2: SR_handler in libjvm.so, mask=00000000000000000000000000000000, flags=SA_RESTART|SA_SIGINFO, blocked
    SIGHUP: UserHandler in libjvm.so, mask=11100100010111111101111111111110, flags=SA_RESTART|SA_SIGINFO, blocked
    SIGINT: UserHandler in libjvm.so, mask=11100100010111111101111111111110, flags=SA_RESTART|SA_SIGINFO, blocked
   SIGTERM: UserHandler in libjvm.so, mask=11100100010111111101111111111110, flags=SA_RESTART|SA_SIGINFO, blocked
   SIGQUIT: UserHandler in libjvm.so, mask=11100100010111111101111111111110, flags=SA_RESTART|SA_SIGINFO, blocked
   SIGTRAP: crash_handler in libjvm.so, mask=11100100010111111101111111111110, flags=SA_RESTART|SA_SIGINFO, unblocked


---------------  S Y S T E M  ---------------

OS:
PRETTY_NAME="Debian GNU/Linux 11 (bullseye)"
NAME="Debian GNU/Linux"
VERSION_ID="11"
VERSION="11 (bullseye)"
VERSION_CODENAME=bullseye
ID=debian
HOME_URL="https://www.debian.org/"
SUPPORT_URL="https://www.debian.org/support"
BUG_REPORT_URL="https://bugs.debian.org/"
uname: Linux 5.10.0-18-amd64 #1 SMP Debian 5.10.140-1 (2022-09-02) x86_64
OS uptime: 1 days 10:16 hours
libc: glibc 2.36 NPTL 2.36 
rlimit (soft/hard): STACK 8192k/infinity , CORE 0k/infinity , NPROC 47189/47189 , NOFILE 1048576/1048576 , AS infinity/infinity , CPU infinity/infinity , DATA infinity/infinity , FSIZE infinity/infinity , MEMLOCK 1515922k/1515922k
load average: 1.70 1.41 1.40

/proc/meminfo:
MemTotal:       12127380 kB
MemFree:         3425624 kB
MemAvailable:    5877024 kB
Buffers:          245252 kB
Cached:          2634312 kB
SwapCached:            0 kB
Active:           976640 kB
Inactive:        7264092 kB
Active(anon):       1840 kB
Inactive(anon):  5601032 kB
Active(file):     974800 kB
Inactive(file):  1663060 kB
Unevictable:      140076 kB
Mlocked:              80 kB
SwapTotal:       6836220 kB
SwapFree:        6836220 kB
Dirty:             10768 kB
Writeback:             0 kB
AnonPages:       5034880 kB
Mapped:          1232748 kB
Shmem:            241704 kB
KReclaimable:     103928 kB
Slab:             185096 kB
SReclaimable:     103928 kB
SUnreclaim:        81168 kB
KernelStack:       13248 kB
PageTables:        32400 kB
NFS_Unstable:          0 kB
Bounce:                0 kB
WritebackTmp:          0 kB
CommitLimit:    12899908 kB
Committed_AS:    8698892 kB
VmallocTotal:   34359738367 kB
VmallocUsed:       46560 kB
VmallocChunk:          0 kB
Percpu:             3584 kB
HardwareCorrupted:     0 kB
AnonHugePages:   1755136 kB
ShmemHugePages:        0 kB
ShmemPmdMapped:        0 kB
FileHugePages:         0 kB
FilePmdMapped:         0 kB
HugePages_Total:       0
HugePages_Free:        0
HugePages_Rsvd:        0
HugePages_Surp:        0
Hugepagesize:       2048 kB
Hugetlb:               0 kB
DirectMap4k:      309524 kB
DirectMap2M:    10039296 kB
DirectMap1G:     3145728 kB

/sys/kernel/mm/transparent_hugepage/enabled: [always] madvise never
/sys/kernel/mm/transparent_hugepage/defrag (defrag/compaction efforts parameter): always defer defer+madvise [madvise] never

Process Memory:
Virtual Size: 5883632K (peak: 5945124K)
Resident Set Size: 54036K (peak: 54036K) (anon: 32328K, file: 21708K, shmem: 0K)
Swapped out: 0K
C-Heap outstanding allocations: 19858K, retained: 2165K
glibc malloc tunables: (default)

/proc/sys/kernel/threads-max (system-wide limit on the number of threads): 94378
/proc/sys/vm/max_map_count (maximum number of memory map areas a process may have): 65530
/proc/sys/kernel/pid_max (system-wide limit on number of process identifiers): 4194304

container (cgroup) information:
container_type: cgroupv2
cpu_cpuset_cpus: not supported
cpu_memory_nodes: not supported
active_processor_count: 4
cpu_quota: not supported
cpu_period: not supported
cpu_shares: not supported
memory_limit_in_bytes: unlimited
memory_and_swap_limit_in_bytes: unlimited
memory_soft_limit_in_bytes: unlimited
memory_usage_in_bytes: 7096184 k
memory_max_usage_in_bytes: not supported
memory_swap_current_in_bytes: unlimited
memory_swap_max_limit_in_bytes: unlimited
maximum number of tasks: unlimited
current number of tasks: 503

Steal ticks since vm start: 0
Steal ticks percentage since vm start:  0.000

CPU: total 4 (initial active 4) (2 cores per cpu, 2 threads per core) family 6 model 142 stepping 9 microcode 0x8e, cx8, cmov, fxsr, ht, mmx, 3dnowpref, sse, sse2, sse3, ssse3, sse4.1, sse4.2, popcnt, lzcnt, tsc, tscinvbit, avx, avx2, aes, erms, clmul, bmi1, bmi2, adx, fma, vzeroupper, clflush, clflushopt, rdtscp, f16c
CPU Model and flags from /proc/cpuinfo:
model name	: Intel(R) Core(TM) i3-7020U CPU @ 2.30GHz
flags		: fpu vme de pse tsc msr pae mce cx8 apic sep mtrr pge mca cmov pat pse36 clflush dts acpi mmx fxsr sse sse2 ss ht tm pbe syscall nx pdpe1gb rdtscp lm constant_tsc art arch_perfmon pebs bts rep_good nopl xtopology nonstop_tsc cpuid aperfmperf pni pclmulqdq dtes64 monitor ds_cpl vmx est tm2 ssse3 sdbg fma cx16 xtpr pdcm pcid sse4_1 sse4_2 x2apic movbe popcnt tsc_deadline_timer aes xsave avx f16c rdrand lahf_lm abm 3dnowprefetch cpuid_fault epb invpcid_single pti ssbd ibrs ibpb stibp tpr_shadow vnmi flexpriority ept vpid ept_ad fsgsbase tsc_adjust bmi1 avx2 smep bmi2 erms invpcid mpx rdseed adx smap clflushopt intel_pt xsaveopt xsavec xgetbv1 xsaves dtherm arat pln pts hwp hwp_notify hwp_act_window hwp_epp flush_l1d

Online cpus: 0-3
Offline cpus: 
BIOS frequency limitation: <Not Available>
Frequency switch latency (ns): 0
Available cpu frequencies: <Not Available>
Current governor: powersave
Core performance/turbo boost: <Not Available>

Memory: 4k page, physical 12127380k(3425624k free), swap 6836220k(6836220k free)
Page Sizes: 4k

vm_info: Java HotSpot(TM) 64-Bit Server VM (20.0.2+9-78) for linux-amd64 JRE (20.0.2+9-78), built on 2023-06-14T10:08:48Z by "mach5one" with gcc 11.2.0

END.
