#
# A fatal error has been detected by the Java Runtime Environment:
#
#  SIGSEGV (0xb) at pc=0x00007ffb98f2a0f8, pid=31587, tid=31588
#
# JRE version: Java(TM) SE Runtime Environment (20.0.2+9) (build 20.0.2+9-78)
# Java VM: Java HotSpot(TM) 64-Bit Server VM (20.0.2+9-78, mixed mode, sharing, tiered, compressed oops, compressed class ptrs, g1 gc, linux-amd64)
# Problematic frame:
# V  [libjvm.so+0xc7c0f8]  OopStorage::Block::release_entries(unsigned long, OopStorage*)+0x38
#
# No core dump will be written. Core dumps have been disabled. To enable core dumping, try "ulimit -c unlimited" before starting Java again
#
# If you would like to submit a bug report, please visit:
#   https://bugreport.java.com/bugreport/crash.jsp
#

---------------  S U M M A R Y ------------

Command Line: -Dfile.encoding=UTF-8 -Duser.country=US -Duser.language=en -Duser.variant com.serial4j.example.serial4j.HelloNativeSerial4J

Host: Intel(R) Core(TM) i3-7020U CPU @ 2.30GHz, 4 cores, 11G, Debian GNU/Linux 11 (bullseye)
Time: Wed Sep 27 03:10:04 2023 EAT elapsed time: 0.698528 seconds (0d 0h 0m 0s)

---------------  T H R E A D  ---------------

Current thread (0x00007ffb9402b4c0):  JavaThread "main" [_thread_in_vm, id=31588, stack(0x00007ffb980ca000,0x00007ffb981ca000)]

Stack: [0x00007ffb980ca000,0x00007ffb981ca000],  sp=0x00007ffb981c8630,  free space=1017k
Native frames: (J=compiled Java code, j=interpreted, Vv=VM code, C=native code)
V  [libjvm.so+0xc7c0f8]  OopStorage::Block::release_entries(unsigned long, OopStorage*)+0x38
V  [libjvm.so+0xc7c367]  OopStorage::release(oopDesc* const*)+0x87
V  [libjvm.so+0x93f39f]  jni_DeleteGlobalRef+0x6f
C  [libserial4j.so+0x82f2]  JNIEnv_::DeleteGlobalRef(_jobject*)+0x2e
C  [libserial4j.so+0x7ca6]  Java_com_serial4j_core_serial_NativeTerminalDevice_fetchSerialPorts0+0x99
j  com.serial4j.core.terminal.NativeTerminalDevice.fetchSerialPorts0()I+0
j  com.serial4j.core.terminal.TerminalDevice.fetchSerialPorts()V+23
j  com.serial4j.core.terminal.TerminalDevice.getSerialPorts()[Ljava/lang/String;+1
j  com.serial4j.example.serial4j.HelloNativeSerial4J.run()V+367
j  com.serial4j.example.serial4j.HelloNativeSerial4J.main([Ljava/lang/String;)V+7
v  ~StubRoutines::call_stub 0x00007ffb84402cc6
V  [libjvm.so+0x8a8a85]  JavaCalls::call_helper(JavaValue*, methodHandle const&, JavaCallArguments*, JavaThread*)+0x315
V  [libjvm.so+0x950cea]  jni_invoke_static(JNIEnv_*, JavaValue*, _jobject*, JNICallType, _jmethodID*, JNI_ArgumentPusher*, JavaThread*) [clone .constprop.1]+0x3ba
V  [libjvm.so+0x953a6e]  jni_CallStaticVoidMethod+0x15e
C  [libjli.so+0x467b]  JavaMain+0xd1b
C  [libjli.so+0x7c59]  ThreadJavaMain+0x9
Java frames: (J=compiled Java code, j=interpreted, Vv=VM code)
j  com.serial4j.core.terminal.NativeTerminalDevice.fetchSerialPorts0()I+0
j  com.serial4j.core.terminal.TerminalDevice.fetchSerialPorts()V+23
j  com.serial4j.core.terminal.TerminalDevice.getSerialPorts()[Ljava/lang/String;+1
j  com.serial4j.example.serial4j.HelloNativeSerial4J.run()V+367
j  com.serial4j.example.serial4j.HelloNativeSerial4J.main([Ljava/lang/String;)V+7
v  ~StubRoutines::call_stub 0x00007ffb84402cc6

siginfo: si_signo: 11 (SIGSEGV), si_code: 1 (SEGV_MAPERR), si_addr: 0x0000000000000238

Registers:
RAX=0x0000000000000001, RBX=0x00007ffb9411e0a0, RCX=0x00000fff72824d88, RDX=0x00007ffb9411e060
RSP=0x00007ffb981c8630, RBP=0x00007ffb981c8710, RSI=0x0000000000000100, RDI=0x0000000000000000
R8 =0x00007ffb98bf68c0, R9 =0x0000000000000002, R10=0x00007ffb98013140, R11=0x00007ffb9801a2c4
R12=0x0000000000000100, R13=0x0000000000000000, R14=0x00007ffb9411e060, R15=0x0000000000000238
RIP=0x00007ffb98f2a0f8, EFLAGS=0x0000000000010246, CSGSFS=0x002b000000000033, ERR=0x0000000000000006
  TRAPNO=0x000000000000000e


Register to memory mapping:

RAX=0x0000000000000001 is an unknown value
RBX=0x00007ffb9411e0a0 points into unknown readable memory: 0x0000000000000008 | 08 00 00 00 00 00 00 00
RCX=0x00000fff72824d88 is an unknown value
RDX=0x00007ffb9411e060 points into unknown readable memory: 0x00007ffb9411e0f0 | f0 e0 11 94 fb 7f 00 00
RSP=0x00007ffb981c8630 is pointing into the stack for thread: 0x00007ffb9402b4c0
RBP=0x00007ffb981c8710 is pointing into the stack for thread: 0x00007ffb9402b4c0
RSI=0x0000000000000100 is an unknown value
RDI=0x0 is NULL
R8 =0x00007ffb98bf68c0: <offset 0x00000000009488c0> in /usr/lib/jvm/jdk-20/lib/server/libjvm.so at 0x00007ffb982ae000
R9 =0x0000000000000002 is an unknown value
R10=0x00007ffb98013140: <offset 0x0000000000001140> in /home/twisted/GradleProjects/Serial4j-v1/serial4j-examples/libs/bin/libserial4j.so at 0x00007ffb98012000
R11=0x00007ffb9801a2c4: _ZN7JNIEnv_15DeleteGlobalRefEP8_jobject+0x0000000000000000 in /home/twisted/GradleProjects/Serial4j-v1/serial4j-examples/libs/bin/libserial4j.so at 0x00007ffb98012000
R12=0x0000000000000100 is an unknown value
R13=0x0 is NULL
R14=0x00007ffb9411e060 points into unknown readable memory: 0x00007ffb9411e0f0 | f0 e0 11 94 fb 7f 00 00
R15=0x0000000000000238 is an unknown value


Top of Stack: (sp=0x00007ffb981c8630)
0x00007ffb981c8630:   0000000000000008 00007ffb9402b4c0
0x00007ffb981c8640:   00007ffb981c8838 00007ffb604148a0
0x00007ffb981c8650:   00007ffb981c8838 00007ffb9402b4c0
0x00007ffb981c8660:   00007ffb981c86b0 00007ffb98bf44b3
0x00007ffb981c8670:   00007ffb9402b4c0 0000000000000000
0x00007ffb981c8680:   00007ffb9402b4c0 0000000752245d78
0x00007ffb981c8690:   00007ffb981c8838 0000000000000042
0x00007ffb981c86a0:   00007ffb981c8700 00007ffb98bf6a0d
0x00007ffb981c86b0:   00007ffb981c8838 0000000000000010
0x00007ffb981c86c0:   00007ffb981c86f0 00007ffb9801a362
0x00007ffb981c86d0:   00007ffb9801c050 92e14beec1a29e00
0x00007ffb981c86e0:   0000000000000000 00007ffb9411e0a0
0x00007ffb981c86f0:   0000000000000000 00007ffb94126c40
0x00007ffb981c8700:   00007ffb94126c80 00007ffb9402b4c0
0x00007ffb981c8710:   00007ffb981c8740 00007ffb98f2a367
0x00007ffb981c8720:   00007ffb9402b4c0 00007ffb94126c40
0x00007ffb981c8730:   00007ffb604148a0 00007ffb981c8838
0x00007ffb981c8740:   00007ffb981c8760 00007ffb98bed39f
0x00007ffb981c8750:   00007ffb604148a0 0000000000000000
0x00007ffb981c8760:   00007ffb981c8780 00007ffb9801a2f2
0x00007ffb981c8770:   00007ffb94126c40 00007ffb9402b7a0
0x00007ffb981c8780:   00007ffb981c87b0 00007ffb98019ca6
0x00007ffb981c8790:   00007ffb981c8838 00007ffb9402b7a0
0x00007ffb981c87a0:   00007ffb94126c40 0000000000000002
0x00007ffb981c87b0:   00007ffb981c8818 00007ffb84423728
0x00007ffb981c87c0:   0000000000000000 00007ffb844233d6
0x00007ffb981c87d0:   00007ffb981c87d0 00007ffb604148a0
0x00007ffb981c87e0:   00007ffb981c8838 00007ffb60405a18
0x00007ffb981c87f0:   0000000000000000 0000000752483f98
0x00007ffb981c8800:   00007ffb604148a0 0000000000000000
0x00007ffb981c8810:   00007ffb981c8838 00007ffb981c8888
0x00007ffb981c8820:   00007ffb8441f4be 0000000000000000 

Instructions: (pc=0x00007ffb98f2a0f8)
0x00007ffb98f29ff8:   0f 1f 84 00 00 00 00 00 83 68 78 01 eb c3 66 2e
0x00007ffb98f2a008:   0f 1f 84 00 00 00 00 00 80 7f 24 00 75 0a c3 66
0x00007ffb98f2a018:   0f 1f 84 00 00 00 00 00 55 48 89 e5 41 55 41 54
0x00007ffb98f2a028:   41 89 f4 53 48 89 fb 48 83 ec 08 48 8b 07 4c 8b
0x00007ffb98f2a038:   68 30 4d 85 ed 74 21 4c 89 ef e8 19 a0 fc ff 48
0x00007ffb98f2a048:   8b 03 4c 89 ef 44 01 60 78 48 83 c4 08 5b 41 5c
0x00007ffb98f2a058:   41 5d 5d e9 30 a1 fc ff 01 70 78 48 83 c4 08 5b
0x00007ffb98f2a068:   41 5c 41 5d 5d c3 66 90 48 8b 47 28 c3 90 66 2e
0x00007ffb98f2a078:   0f 1f 84 00 00 00 00 00 48 83 c7 28 f0 48 0f c1
0x00007ffb98f2a088:   37 c3 66 0f 1f 44 00 00 48 8b 07 4c 8b 47 28 48
0x00007ffb98f2a098:   8b 40 38 48 85 c0 74 08 4c 89 c7 ff e0 0f 1f 00
0x00007ffb98f2a0a8:   c3 90 66 0f 1f 44 00 00 48 8b 07 c3 66 66 2e 0f
0x00007ffb98f2a0b8:   1f 84 00 00 00 00 00 90 55 48 89 e5 41 57 4c 8d
0x00007ffb98f2a0c8:   bf 38 02 00 00 41 56 49 89 d6 41 55 49 89 fd 41
0x00007ffb98f2a0d8:   54 49 89 f4 53 48 81 ec b8 00 00 00 64 48 8b 04
0x00007ffb98f2a0e8:   25 28 00 00 00 48 89 45 c8 31 c0 b8 01 00 00 00
0x00007ffb98f2a0f8:   f0 49 0f c1 07 48 8b 87 00 02 00 00 48 8d 8f 00
0x00007ffb98f2a108:   02 00 00 0f 1f 44 00 00 48 89 c2 48 89 c3 4c 31
0x00007ffb98f2a118:   e2 f0 48 0f b1 11 48 39 c3 75 ed 48 83 f8 ff 74
0x00007ffb98f2a128:   37 4c 39 e0 74 32 48 c7 c0 ff ff ff ff f0 49 0f
0x00007ffb98f2a138:   c1 07 48 8b 45 c8 64 48 2b 04 25 28 00 00 00 0f
0x00007ffb98f2a148:   85 86 01 00 00 48 81 c4 b8 00 00 00 5b 41 5c 41
0x00007ffb98f2a158:   5d 41 5e 41 5f 5d c3 90 48 83 3d 08 11 6d 00 00
0x00007ffb98f2a168:   0f 84 9c 00 00 00 4c 8d 8d 30 ff ff ff 4c 89 cf
0x00007ffb98f2a178:   4c 89 8d 28 ff ff ff e8 ec a3 01 00 48 8d 05 25
0x00007ffb98f2a188:   fe 63 00 48 8d bd 60 ff ff ff 48 89 85 30 ff ff
0x00007ffb98f2a198:   ff e8 52 dc ea ff 48 8d 05 9b 10 6d 00 48 83 fb
0x00007ffb98f2a1a8:   ff c7 45 b8 01 00 00 00 48 89 45 c0 48 8d 05 2d
0x00007ffb98f2a1b8:   fe 63 00 4c 8b 8d 28 ff ff ff 48 89 85 30 ff ff
0x00007ffb98f2a1c8:   ff 0f 84 d0 00 00 00 49 8b 16 4c 89 cf 4c 89 e9
0x00007ffb98f2a1d8:   48 8d 35 52 8b 31 00 31 c0 4c 89 8d 28 ff ff ff
0x00007ffb98f2a1e8:   e8 43 ad 01 00 4c 8b 8d 28 ff ff ff 48 8d 05 ed 


Stack slot to memory mapping:
stack at sp + 0 slots: 0x0000000000000008 is an unknown value
stack at sp + 1 slots: 0x00007ffb9402b4c0 is a thread
stack at sp + 2 slots: 0x00007ffb981c8838 is pointing into the stack for thread: 0x00007ffb9402b4c0
stack at sp + 3 slots: {method} {0x00007ffb604148a0} 'fetchSerialPorts0' '()I' in 'com/serial4j/core/serial/NativeTerminalDevice'
stack at sp + 4 slots: 0x00007ffb981c8838 is pointing into the stack for thread: 0x00007ffb9402b4c0
stack at sp + 5 slots: 0x00007ffb9402b4c0 is a thread
stack at sp + 6 slots: 0x00007ffb981c86b0 is pointing into the stack for thread: 0x00007ffb9402b4c0
stack at sp + 7 slots: 0x00007ffb98bf44b3: <offset 0x00000000009464b3> in /usr/lib/jvm/jdk-20/lib/server/libjvm.so at 0x00007ffb982ae000


---------------  P R O C E S S  ---------------

Threads class SMR info:
_java_thread_list=0x00007ffb00067f50, length=11, elements={
0x00007ffb9402b4c0, 0x00007ffb94132290, 0x00007ffb941337c0, 0x00007ffb941352a0,
0x00007ffb94136730, 0x00007ffb94137bb0, 0x00007ffb941395d0, 0x00007ffb9413ab70,
0x00007ffb94161670, 0x00007ffb94165d50, 0x00007ffb00066ed0
}

Java Threads: ( => current thread )
=>0x00007ffb9402b4c0 JavaThread "main" [_thread_in_vm, id=31588, stack(0x00007ffb980ca000,0x00007ffb981ca000)]
  0x00007ffb94132290 JavaThread "Reference Handler" daemon [_thread_blocked, id=31595, stack(0x00007ffb69928000,0x00007ffb69a28000)]
  0x00007ffb941337c0 JavaThread "Finalizer" daemon [_thread_blocked, id=31596, stack(0x00007ffb69828000,0x00007ffb69928000)]
  0x00007ffb941352a0 JavaThread "Signal Dispatcher" daemon [_thread_blocked, id=31597, stack(0x00007ffb69728000,0x00007ffb69828000)]
  0x00007ffb94136730 JavaThread "Service Thread" daemon [_thread_blocked, id=31598, stack(0x00007ffb69628000,0x00007ffb69728000)]
  0x00007ffb94137bb0 JavaThread "Monitor Deflation Thread" daemon [_thread_blocked, id=31599, stack(0x00007ffb69528000,0x00007ffb69628000)]
  0x00007ffb941395d0 JavaThread "C2 CompilerThread0" daemon [_thread_blocked, id=31600, stack(0x00007ffb69428000,0x00007ffb69528000)]
  0x00007ffb9413ab70 JavaThread "C1 CompilerThread0" daemon [_thread_blocked, id=31601, stack(0x00007ffb69328000,0x00007ffb69428000)]
  0x00007ffb94161670 JavaThread "Notification Thread" daemon [_thread_blocked, id=31602, stack(0x00007ffb69228000,0x00007ffb69328000)]
  0x00007ffb94165d50 JavaThread "Common-Cleaner" daemon [_thread_blocked, id=31604, stack(0x00007ffb69026000,0x00007ffb69126000)]
  0x00007ffb00066ed0 JavaThread "C2 CompilerThread1" daemon [_thread_blocked, id=31607, stack(0x00007ffb68f26000,0x00007ffb69026000)]

Other Threads:
  0x00007ffb94125810 VMThread "VM Thread" [stack: 0x00007ffb69d13000,0x00007ffb69e13000] [id=31594]
  0x00007ffb941634a0 WatcherThread "VM Periodic Task Thread" [stack: 0x00007ffb69128000,0x00007ffb69228000] [id=31603]
  0x00007ffb94085f20 WorkerThread "GC Thread#0" [stack: 0x00007ffb7884e000,0x00007ffb7894e000] [id=31589]
  0x00007ffb94092df0 ConcurrentGCThread "G1 Main Marker" [stack: 0x00007ffb7874c000,0x00007ffb7884c000] [id=31590]
  0x00007ffb94093d10 WorkerThread "G1 Conc#0" [stack: 0x00007ffb7864a000,0x00007ffb7874a000] [id=31591]
  0x00007ffb940f3ff0 ConcurrentGCThread "G1 Refine#0" [stack: 0x00007ffb78144000,0x00007ffb78244000] [id=31592]
  0x00007ffb940f4f30 ConcurrentGCThread "G1 Service" [stack: 0x00007ffb78042000,0x00007ffb78142000] [id=31593]

Threads with active compile tasks:

VM state: not at safepoint (normal execution)

VM Mutex/Monitor currently owned by a thread: None

Heap address: 0x0000000746e00000, size: 2962 MB, Compressed Oops mode: Zero based, Oop shift amount: 3

CDS archive(s) mapped at: [0x00007ffb1b000000-0x00007ffb1bc7e000-0x00007ffb1bc7e000), size 13099008, SharedBaseAddress: 0x00007ffb1b000000, ArchiveRelocationMode: 1.
Compressed class space mapped at: 0x00007ffb1c000000-0x00007ffb5c000000, reserved size: 1073741824
Narrow klass base: 0x00007ffb1b000000, Narrow klass shift: 0, Narrow klass range: 0x100000000

GC Precious Log:
 CardTable entry size: 512
 Card Set container configuration: InlinePtr #cards 4 size 8 Array Of Cards #cards 16 size 48 Howl #buckets 8 coarsen threshold 3686 Howl Bitmap #cards 512 size 80 coarsen threshold 460 Card regions per heap region 1 cards per card region 4096
 CPUs: 4 total, 4 available
 Memory: 11843M
 Large Page Support: Disabled
 NUMA Support: Disabled
 Compressed Oops: Enabled (Zero based)
 Heap Region Size: 2M
 Heap Min Capacity: 8M
 Heap Initial Capacity: 186M
 Heap Max Capacity: 2962M
 Pre-touch: Disabled
 Parallel Workers: 4
 Concurrent Workers: 1
 Concurrent Refinement Workers: 4
 Periodic GC: Disabled

Heap:
 garbage-first heap   total 194560K, used 6128K [0x0000000746e00000, 0x0000000800000000)
  region size 2048K, 3 young (6144K), 0 survivors (0K)
 Metaspace       used 1169K, committed 1344K, reserved 1114112K
  class space    used 120K, committed 192K, reserved 1048576K

Heap Regions: E=young(eden), S=young(survivor), O=old, HS=humongous(starts), HC=humongous(continues), CS=collection set, F=free, OA=open archive, CA=closed archive, TAMS=top-at-mark-start, PB=parsable bottom
|   0|0x0000000746e00000, 0x0000000746e00000, 0x0000000747000000|  0%| F|  |TAMS 0x0000000746e00000| PB 0x0000000746e00000| Untracked 
|   1|0x0000000747000000, 0x0000000747000000, 0x0000000747200000|  0%| F|  |TAMS 0x0000000747000000| PB 0x0000000747000000| Untracked 
|   2|0x0000000747200000, 0x0000000747200000, 0x0000000747400000|  0%| F|  |TAMS 0x0000000747200000| PB 0x0000000747200000| Untracked 
|   3|0x0000000747400000, 0x0000000747400000, 0x0000000747600000|  0%| F|  |TAMS 0x0000000747400000| PB 0x0000000747400000| Untracked 
|   4|0x0000000747600000, 0x0000000747600000, 0x0000000747800000|  0%| F|  |TAMS 0x0000000747600000| PB 0x0000000747600000| Untracked 
|   5|0x0000000747800000, 0x0000000747800000, 0x0000000747a00000|  0%| F|  |TAMS 0x0000000747800000| PB 0x0000000747800000| Untracked 
|   6|0x0000000747a00000, 0x0000000747a00000, 0x0000000747c00000|  0%| F|  |TAMS 0x0000000747a00000| PB 0x0000000747a00000| Untracked 
|   7|0x0000000747c00000, 0x0000000747c00000, 0x0000000747e00000|  0%| F|  |TAMS 0x0000000747c00000| PB 0x0000000747c00000| Untracked 
|   8|0x0000000747e00000, 0x0000000747e00000, 0x0000000748000000|  0%| F|  |TAMS 0x0000000747e00000| PB 0x0000000747e00000| Untracked 
|   9|0x0000000748000000, 0x0000000748000000, 0x0000000748200000|  0%| F|  |TAMS 0x0000000748000000| PB 0x0000000748000000| Untracked 
|  10|0x0000000748200000, 0x0000000748200000, 0x0000000748400000|  0%| F|  |TAMS 0x0000000748200000| PB 0x0000000748200000| Untracked 
|  11|0x0000000748400000, 0x0000000748400000, 0x0000000748600000|  0%| F|  |TAMS 0x0000000748400000| PB 0x0000000748400000| Untracked 
|  12|0x0000000748600000, 0x0000000748600000, 0x0000000748800000|  0%| F|  |TAMS 0x0000000748600000| PB 0x0000000748600000| Untracked 
|  13|0x0000000748800000, 0x0000000748800000, 0x0000000748a00000|  0%| F|  |TAMS 0x0000000748800000| PB 0x0000000748800000| Untracked 
|  14|0x0000000748a00000, 0x0000000748a00000, 0x0000000748c00000|  0%| F|  |TAMS 0x0000000748a00000| PB 0x0000000748a00000| Untracked 
|  15|0x0000000748c00000, 0x0000000748c00000, 0x0000000748e00000|  0%| F|  |TAMS 0x0000000748c00000| PB 0x0000000748c00000| Untracked 
|  16|0x0000000748e00000, 0x0000000748e00000, 0x0000000749000000|  0%| F|  |TAMS 0x0000000748e00000| PB 0x0000000748e00000| Untracked 
|  17|0x0000000749000000, 0x0000000749000000, 0x0000000749200000|  0%| F|  |TAMS 0x0000000749000000| PB 0x0000000749000000| Untracked 
|  18|0x0000000749200000, 0x0000000749200000, 0x0000000749400000|  0%| F|  |TAMS 0x0000000749200000| PB 0x0000000749200000| Untracked 
|  19|0x0000000749400000, 0x0000000749400000, 0x0000000749600000|  0%| F|  |TAMS 0x0000000749400000| PB 0x0000000749400000| Untracked 
|  20|0x0000000749600000, 0x0000000749600000, 0x0000000749800000|  0%| F|  |TAMS 0x0000000749600000| PB 0x0000000749600000| Untracked 
|  21|0x0000000749800000, 0x0000000749800000, 0x0000000749a00000|  0%| F|  |TAMS 0x0000000749800000| PB 0x0000000749800000| Untracked 
|  22|0x0000000749a00000, 0x0000000749a00000, 0x0000000749c00000|  0%| F|  |TAMS 0x0000000749a00000| PB 0x0000000749a00000| Untracked 
|  23|0x0000000749c00000, 0x0000000749c00000, 0x0000000749e00000|  0%| F|  |TAMS 0x0000000749c00000| PB 0x0000000749c00000| Untracked 
|  24|0x0000000749e00000, 0x0000000749e00000, 0x000000074a000000|  0%| F|  |TAMS 0x0000000749e00000| PB 0x0000000749e00000| Untracked 
|  25|0x000000074a000000, 0x000000074a000000, 0x000000074a200000|  0%| F|  |TAMS 0x000000074a000000| PB 0x000000074a000000| Untracked 
|  26|0x000000074a200000, 0x000000074a200000, 0x000000074a400000|  0%| F|  |TAMS 0x000000074a200000| PB 0x000000074a200000| Untracked 
|  27|0x000000074a400000, 0x000000074a400000, 0x000000074a600000|  0%| F|  |TAMS 0x000000074a400000| PB 0x000000074a400000| Untracked 
|  28|0x000000074a600000, 0x000000074a600000, 0x000000074a800000|  0%| F|  |TAMS 0x000000074a600000| PB 0x000000074a600000| Untracked 
|  29|0x000000074a800000, 0x000000074a800000, 0x000000074aa00000|  0%| F|  |TAMS 0x000000074a800000| PB 0x000000074a800000| Untracked 
|  30|0x000000074aa00000, 0x000000074aa00000, 0x000000074ac00000|  0%| F|  |TAMS 0x000000074aa00000| PB 0x000000074aa00000| Untracked 
|  31|0x000000074ac00000, 0x000000074ac00000, 0x000000074ae00000|  0%| F|  |TAMS 0x000000074ac00000| PB 0x000000074ac00000| Untracked 
|  32|0x000000074ae00000, 0x000000074ae00000, 0x000000074b000000|  0%| F|  |TAMS 0x000000074ae00000| PB 0x000000074ae00000| Untracked 
|  33|0x000000074b000000, 0x000000074b000000, 0x000000074b200000|  0%| F|  |TAMS 0x000000074b000000| PB 0x000000074b000000| Untracked 
|  34|0x000000074b200000, 0x000000074b200000, 0x000000074b400000|  0%| F|  |TAMS 0x000000074b200000| PB 0x000000074b200000| Untracked 
|  35|0x000000074b400000, 0x000000074b400000, 0x000000074b600000|  0%| F|  |TAMS 0x000000074b400000| PB 0x000000074b400000| Untracked 
|  36|0x000000074b600000, 0x000000074b600000, 0x000000074b800000|  0%| F|  |TAMS 0x000000074b600000| PB 0x000000074b600000| Untracked 
|  37|0x000000074b800000, 0x000000074b800000, 0x000000074ba00000|  0%| F|  |TAMS 0x000000074b800000| PB 0x000000074b800000| Untracked 
|  38|0x000000074ba00000, 0x000000074ba00000, 0x000000074bc00000|  0%| F|  |TAMS 0x000000074ba00000| PB 0x000000074ba00000| Untracked 
|  39|0x000000074bc00000, 0x000000074bc00000, 0x000000074be00000|  0%| F|  |TAMS 0x000000074bc00000| PB 0x000000074bc00000| Untracked 
|  40|0x000000074be00000, 0x000000074be00000, 0x000000074c000000|  0%| F|  |TAMS 0x000000074be00000| PB 0x000000074be00000| Untracked 
|  41|0x000000074c000000, 0x000000074c000000, 0x000000074c200000|  0%| F|  |TAMS 0x000000074c000000| PB 0x000000074c000000| Untracked 
|  42|0x000000074c200000, 0x000000074c200000, 0x000000074c400000|  0%| F|  |TAMS 0x000000074c200000| PB 0x000000074c200000| Untracked 
|  43|0x000000074c400000, 0x000000074c400000, 0x000000074c600000|  0%| F|  |TAMS 0x000000074c400000| PB 0x000000074c400000| Untracked 
|  44|0x000000074c600000, 0x000000074c600000, 0x000000074c800000|  0%| F|  |TAMS 0x000000074c600000| PB 0x000000074c600000| Untracked 
|  45|0x000000074c800000, 0x000000074c800000, 0x000000074ca00000|  0%| F|  |TAMS 0x000000074c800000| PB 0x000000074c800000| Untracked 
|  46|0x000000074ca00000, 0x000000074ca00000, 0x000000074cc00000|  0%| F|  |TAMS 0x000000074ca00000| PB 0x000000074ca00000| Untracked 
|  47|0x000000074cc00000, 0x000000074cc00000, 0x000000074ce00000|  0%| F|  |TAMS 0x000000074cc00000| PB 0x000000074cc00000| Untracked 
|  48|0x000000074ce00000, 0x000000074ce00000, 0x000000074d000000|  0%| F|  |TAMS 0x000000074ce00000| PB 0x000000074ce00000| Untracked 
|  49|0x000000074d000000, 0x000000074d000000, 0x000000074d200000|  0%| F|  |TAMS 0x000000074d000000| PB 0x000000074d000000| Untracked 
|  50|0x000000074d200000, 0x000000074d200000, 0x000000074d400000|  0%| F|  |TAMS 0x000000074d200000| PB 0x000000074d200000| Untracked 
|  51|0x000000074d400000, 0x000000074d400000, 0x000000074d600000|  0%| F|  |TAMS 0x000000074d400000| PB 0x000000074d400000| Untracked 
|  52|0x000000074d600000, 0x000000074d600000, 0x000000074d800000|  0%| F|  |TAMS 0x000000074d600000| PB 0x000000074d600000| Untracked 
|  53|0x000000074d800000, 0x000000074d800000, 0x000000074da00000|  0%| F|  |TAMS 0x000000074d800000| PB 0x000000074d800000| Untracked 
|  54|0x000000074da00000, 0x000000074da00000, 0x000000074dc00000|  0%| F|  |TAMS 0x000000074da00000| PB 0x000000074da00000| Untracked 
|  55|0x000000074dc00000, 0x000000074dc00000, 0x000000074de00000|  0%| F|  |TAMS 0x000000074dc00000| PB 0x000000074dc00000| Untracked 
|  56|0x000000074de00000, 0x000000074de00000, 0x000000074e000000|  0%| F|  |TAMS 0x000000074de00000| PB 0x000000074de00000| Untracked 
|  57|0x000000074e000000, 0x000000074e000000, 0x000000074e200000|  0%| F|  |TAMS 0x000000074e000000| PB 0x000000074e000000| Untracked 
|  58|0x000000074e200000, 0x000000074e200000, 0x000000074e400000|  0%| F|  |TAMS 0x000000074e200000| PB 0x000000074e200000| Untracked 
|  59|0x000000074e400000, 0x000000074e400000, 0x000000074e600000|  0%| F|  |TAMS 0x000000074e400000| PB 0x000000074e400000| Untracked 
|  60|0x000000074e600000, 0x000000074e600000, 0x000000074e800000|  0%| F|  |TAMS 0x000000074e600000| PB 0x000000074e600000| Untracked 
|  61|0x000000074e800000, 0x000000074e800000, 0x000000074ea00000|  0%| F|  |TAMS 0x000000074e800000| PB 0x000000074e800000| Untracked 
|  62|0x000000074ea00000, 0x000000074ea00000, 0x000000074ec00000|  0%| F|  |TAMS 0x000000074ea00000| PB 0x000000074ea00000| Untracked 
|  63|0x000000074ec00000, 0x000000074ec00000, 0x000000074ee00000|  0%| F|  |TAMS 0x000000074ec00000| PB 0x000000074ec00000| Untracked 
|  64|0x000000074ee00000, 0x000000074ee00000, 0x000000074f000000|  0%| F|  |TAMS 0x000000074ee00000| PB 0x000000074ee00000| Untracked 
|  65|0x000000074f000000, 0x000000074f000000, 0x000000074f200000|  0%| F|  |TAMS 0x000000074f000000| PB 0x000000074f000000| Untracked 
|  66|0x000000074f200000, 0x000000074f200000, 0x000000074f400000|  0%| F|  |TAMS 0x000000074f200000| PB 0x000000074f200000| Untracked 
|  67|0x000000074f400000, 0x000000074f400000, 0x000000074f600000|  0%| F|  |TAMS 0x000000074f400000| PB 0x000000074f400000| Untracked 
|  68|0x000000074f600000, 0x000000074f600000, 0x000000074f800000|  0%| F|  |TAMS 0x000000074f600000| PB 0x000000074f600000| Untracked 
|  69|0x000000074f800000, 0x000000074f800000, 0x000000074fa00000|  0%| F|  |TAMS 0x000000074f800000| PB 0x000000074f800000| Untracked 
|  70|0x000000074fa00000, 0x000000074fa00000, 0x000000074fc00000|  0%| F|  |TAMS 0x000000074fa00000| PB 0x000000074fa00000| Untracked 
|  71|0x000000074fc00000, 0x000000074fc00000, 0x000000074fe00000|  0%| F|  |TAMS 0x000000074fc00000| PB 0x000000074fc00000| Untracked 
|  72|0x000000074fe00000, 0x000000074fe00000, 0x0000000750000000|  0%| F|  |TAMS 0x000000074fe00000| PB 0x000000074fe00000| Untracked 
|  73|0x0000000750000000, 0x0000000750000000, 0x0000000750200000|  0%| F|  |TAMS 0x0000000750000000| PB 0x0000000750000000| Untracked 
|  74|0x0000000750200000, 0x0000000750200000, 0x0000000750400000|  0%| F|  |TAMS 0x0000000750200000| PB 0x0000000750200000| Untracked 
|  75|0x0000000750400000, 0x0000000750400000, 0x0000000750600000|  0%| F|  |TAMS 0x0000000750400000| PB 0x0000000750400000| Untracked 
|  76|0x0000000750600000, 0x0000000750600000, 0x0000000750800000|  0%| F|  |TAMS 0x0000000750600000| PB 0x0000000750600000| Untracked 
|  77|0x0000000750800000, 0x0000000750800000, 0x0000000750a00000|  0%| F|  |TAMS 0x0000000750800000| PB 0x0000000750800000| Untracked 
|  78|0x0000000750a00000, 0x0000000750a00000, 0x0000000750c00000|  0%| F|  |TAMS 0x0000000750a00000| PB 0x0000000750a00000| Untracked 
|  79|0x0000000750c00000, 0x0000000750c00000, 0x0000000750e00000|  0%| F|  |TAMS 0x0000000750c00000| PB 0x0000000750c00000| Untracked 
|  80|0x0000000750e00000, 0x0000000750e00000, 0x0000000751000000|  0%| F|  |TAMS 0x0000000750e00000| PB 0x0000000750e00000| Untracked 
|  81|0x0000000751000000, 0x0000000751000000, 0x0000000751200000|  0%| F|  |TAMS 0x0000000751000000| PB 0x0000000751000000| Untracked 
|  82|0x0000000751200000, 0x0000000751200000, 0x0000000751400000|  0%| F|  |TAMS 0x0000000751200000| PB 0x0000000751200000| Untracked 
|  83|0x0000000751400000, 0x0000000751400000, 0x0000000751600000|  0%| F|  |TAMS 0x0000000751400000| PB 0x0000000751400000| Untracked 
|  84|0x0000000751600000, 0x0000000751600000, 0x0000000751800000|  0%| F|  |TAMS 0x0000000751600000| PB 0x0000000751600000| Untracked 
|  85|0x0000000751800000, 0x0000000751800000, 0x0000000751a00000|  0%| F|  |TAMS 0x0000000751800000| PB 0x0000000751800000| Untracked 
|  86|0x0000000751a00000, 0x0000000751a00000, 0x0000000751c00000|  0%| F|  |TAMS 0x0000000751a00000| PB 0x0000000751a00000| Untracked 
|  87|0x0000000751c00000, 0x0000000751c00000, 0x0000000751e00000|  0%| F|  |TAMS 0x0000000751c00000| PB 0x0000000751c00000| Untracked 
|  88|0x0000000751e00000, 0x0000000751e00000, 0x0000000752000000|  0%| F|  |TAMS 0x0000000751e00000| PB 0x0000000751e00000| Untracked 
|  89|0x0000000752000000, 0x0000000752000000, 0x0000000752200000|  0%| F|  |TAMS 0x0000000752000000| PB 0x0000000752000000| Untracked 
|  90|0x0000000752200000, 0x000000075227b9e0, 0x0000000752400000| 24%| E|  |TAMS 0x0000000752200000| PB 0x0000000752200000| Complete 
|  91|0x0000000752400000, 0x0000000752600000, 0x0000000752600000|100%| E|CS|TAMS 0x0000000752400000| PB 0x0000000752400000| Complete 
|  92|0x0000000752600000, 0x0000000752800000, 0x0000000752800000|100%| E|CS|TAMS 0x0000000752600000| PB 0x0000000752600000| Complete 
|1479|0x00000007ffc00000, 0x00000007ffd79000, 0x00000007ffe00000| 73%|OA|  |TAMS 0x00000007ffc00000| PB 0x00000007ffc00000| Untracked 
|1480|0x00000007ffe00000, 0x00000007ffe83000, 0x0000000800000000| 25%|CA|  |TAMS 0x00000007ffe00000| PB 0x00000007ffe00000| Untracked 

Card table byte_map: [0x00007ffb7bd5f000,0x00007ffb7c328000] _byte_map_base: 0x00007ffb78328000

Marking Bits: (CMBitMap*) 0x00007ffb940869b0
 Bits: [0x00007ffb7894e000, 0x00007ffb7b796000)

Polling page: 0x00007ffb9985d000

Metaspace:

Usage:
  Non-class:      1.02 MB used.
      Class:    120.25 KB used.
       Both:      1.14 MB used.

Virtual space:
  Non-class space:       64.00 MB reserved,       1.12 MB (  2%) committed,  1 nodes.
      Class space:        1.00 GB reserved,     192.00 KB ( <1%) committed,  1 nodes.
             Both:        1.06 GB reserved,       1.31 MB ( <1%) committed. 

Chunk freelists:
   Non-Class:  3.74 MB
       Class:  3.66 MB
        Both:  7.40 MB

MaxMetaspaceSize: unlimited
CompressedClassSpaceSize: 1.00 GB
Initial GC threshold: 21.00 MB
Current GC threshold: 21.00 MB
CDS: on
MetaspaceReclaimPolicy: balanced
 - commit_granule_bytes: 65536.
 - commit_granule_words: 8192.
 - virtual_space_node_default_size: 8388608.
 - enlarge_chunks_in_place: 1.
 - new_chunks_are_fully_committed: 0.
 - uncommit_free_chunks: 1.
 - use_allocation_guard: 0.


Internal statistics:

num_allocs_failed_limit: 0.
num_arena_births: 90.
num_arena_deaths: 0.
num_vsnodes_births: 2.
num_vsnodes_deaths: 0.
num_space_committed: 21.
num_space_uncommitted: 0.
num_chunks_returned_to_freelist: 0.
num_chunks_taken_from_freelist: 132.
num_chunk_merges: 0.
num_chunk_splits: 72.
num_chunks_enlarged: 22.
num_inconsistent_stats: 0.

CodeHeap 'non-profiled nmethods': size=120032Kb used=139Kb max_used=139Kb free=119892Kb
 bounds [0x00007ffb84993000, 0x00007ffb84c03000, 0x00007ffb8becb000]
CodeHeap 'profiled nmethods': size=120028Kb used=602Kb max_used=602Kb free=119425Kb
 bounds [0x00007ffb7cecb000, 0x00007ffb7d13b000, 0x00007ffb84402000]
CodeHeap 'non-nmethods': size=5700Kb used=1353Kb max_used=1367Kb free=4346Kb
 bounds [0x00007ffb84402000, 0x00007ffb84672000, 0x00007ffb84993000]
 total_blobs=880 nmethods=463 adapters=329
 compilation: enabled
              stopped_count=0, restarted_count=0
 full_count=0

Compilation events (20 events):
Event: 0.317 Thread 0x00007ffb9413ab70  444       3       jdk.internal.misc.Unsafe::allocateUninitializedArray (55 bytes)
Event: 0.317 Thread 0x00007ffb9413ab70 nmethod 444 0x00007ffb7cf5b290 code [0x00007ffb7cf5b460, 0x00007ffb7cf5b8a0]
Event: 0.318 Thread 0x00007ffb9413ab70  445   !   3       java.io.RandomAccessFile::seek (42 bytes)
Event: 0.318 Thread 0x00007ffb9413ab70 nmethod 445 0x00007ffb7cf5ba10 code [0x00007ffb7cf5bbe0, 0x00007ffb7cf5bef0]
Event: 0.320 Thread 0x00007ffb9413ab70  446       3       jdk.internal.org.objectweb.asm.SymbolTable::addConstantMemberReference (147 bytes)
Event: 0.321 Thread 0x00007ffb9413ab70 nmethod 446 0x00007ffb7cf5c090 code [0x00007ffb7cf5c2e0, 0x00007ffb7cf5cb70]
Event: 0.321 Thread 0x00007ffb9413ab70  447       3       jdk.internal.org.objectweb.asm.SymbolTable::hash (20 bytes)
Event: 0.321 Thread 0x00007ffb9413ab70 nmethod 447 0x00007ffb7cf5d090 code [0x00007ffb7cf5d240, 0x00007ffb7cf5d3e8]
Event: 0.321 Thread 0x00007ffb9413ab70  448       3       jdk.internal.org.objectweb.asm.Handler::getExceptionTableLength (21 bytes)
Event: 0.322 Thread 0x00007ffb9413ab70 nmethod 448 0x00007ffb7cf5d590 code [0x00007ffb7cf5d720, 0x00007ffb7cf5d8c0]
Event: 0.322 Thread 0x00007ffb9413ab70  452       3       sun.invoke.util.VerifyType::isNullConversion (157 bytes)
Event: 0.324 Thread 0x00007ffb9413ab70 nmethod 452 0x00007ffb7cf5d990 code [0x00007ffb7cf5dca0, 0x00007ffb7cf5f250]
Event: 0.324 Thread 0x00007ffb9413ab70  453       3       jdk.internal.org.objectweb.asm.ByteVector::put11 (52 bytes)
Event: 0.324 Thread 0x00007ffb9413ab70 nmethod 453 0x00007ffb7cf5f710 code [0x00007ffb7cf5f8a0, 0x00007ffb7cf5faa8]
Event: 0.324 Thread 0x00007ffb9413ab70  457       3       java.lang.invoke.MemberName::getInvocationType (56 bytes)
Event: 0.325 Thread 0x00007ffb9413ab70 nmethod 457 0x00007ffb7cf5fc10 code [0x00007ffb7cf5fe20, 0x00007ffb7cf60698]
Event: 0.325 Thread 0x00007ffb9413ab70  463       3       java.lang.invoke.LambdaForm$Name::replaceNames (175 bytes)
Event: 0.326 Thread 0x00007ffb9413ab70 nmethod 463 0x00007ffb7cf60910 code [0x00007ffb7cf60b40, 0x00007ffb7cf61770]
Event: 0.326 Thread 0x00007ffb9413ab70  456       1       java.lang.invoke.DirectMethodHandle::internalMemberName (5 bytes)
Event: 0.326 Thread 0x00007ffb9413ab70 nmethod 456 0x00007ffb849b5c10 code [0x00007ffb849b5d80, 0x00007ffb849b5e48]

GC Heap History (0 events):
No events

Dll operation events (6 events):
Event: 0.003 Loaded shared library /usr/lib/jvm/jdk-20/lib/libjava.so
Event: 0.037 Loaded shared library /usr/lib/jvm/jdk-20/lib/libjsvml.so
Event: 0.067 Loaded shared library /usr/lib/jvm/jdk-20/lib/libnio.so
Event: 0.070 Loaded shared library /usr/lib/jvm/jdk-20/lib/libzip.so
Event: 0.129 Loaded shared library /usr/lib/jvm/jdk-20/lib/libjimage.so
Event: 0.285 Loaded shared library /home/twisted/GradleProjects/Serial4j-v1/serial4j-examples/libs/bin/libserial4j.so

Deoptimization events (10 events):
Event: 0.183 Thread 0x00007ffb9402b4c0 DEOPT PACKING pc=0x00007ffb7ced51ca sp=0x00007ffb981c6ab0
Event: 0.183 Thread 0x00007ffb9402b4c0 DEOPT UNPACKING pc=0x00007ffb8446b9af sp=0x00007ffb981c5ef0 mode 0
Event: 0.287 Thread 0x00007ffb9402b4c0 Uncommon trap: trap_request=0xffffff45 fr.pc=0x00007ffb849aa268 relative=0x0000000000000168
Event: 0.287 Thread 0x00007ffb9402b4c0 Uncommon trap: reason=unstable_if action=reinterpret pc=0x00007ffb849aa268 method=java.util.concurrent.locks.ReentrantLock$NonfairSync.initialTryLock()Z @ 10 c2
Event: 0.287 Thread 0x00007ffb9402b4c0 DEOPT PACKING pc=0x00007ffb849aa268 sp=0x00007ffb981c8470
Event: 0.287 Thread 0x00007ffb9402b4c0 DEOPT UNPACKING pc=0x00007ffb8446b219 sp=0x00007ffb981c8418 mode 2
Event: 0.287 Thread 0x00007ffb9402b4c0 Uncommon trap: trap_request=0xffffff45 fr.pc=0x00007ffb849aa620 relative=0x0000000000000120
Event: 0.287 Thread 0x00007ffb9402b4c0 Uncommon trap: reason=unstable_if action=reinterpret pc=0x00007ffb849aa620 method=java.util.concurrent.locks.ReentrantLock$Sync.tryRelease(I)Z @ 26 c2
Event: 0.287 Thread 0x00007ffb9402b4c0 DEOPT PACKING pc=0x00007ffb849aa620 sp=0x00007ffb981c8470
Event: 0.287 Thread 0x00007ffb9402b4c0 DEOPT UNPACKING pc=0x00007ffb8446b219 sp=0x00007ffb981c8410 mode 2

Classes loaded (20 events):
Event: 0.250 Loading class sun/util/logging/resources/logging_en
Event: 0.250 Loading class sun/util/logging/resources/logging_en done
Event: 0.252 Loading class sun/util/logging/resources/logging_en_US
Event: 0.252 Loading class sun/util/logging/resources/logging_en_US done
Event: 0.252 Loading class sun/util/logging/resources/logging_en_US
Event: 0.252 Loading class sun/util/logging/resources/logging_en_US done
Event: 0.256 Loading class java/util/Formatter$DateTime
Event: 0.256 Loading class java/util/Formatter$DateTime done
Event: 0.256 Loading class java/util/Formatter$FixedString
Event: 0.256 Loading class java/util/Formatter$FixedString done
Event: 0.257 Loading class java/time/ZonedDateTime$1
Event: 0.257 Loading class java/time/ZonedDateTime$1 done
Event: 0.259 Loading class jdk/internal/module/ModulePatcher$PatchedModuleReader
Event: 0.259 Loading class jdk/internal/module/ModulePatcher$PatchedModuleReader done
Event: 0.259 Loading class sun/net/www/protocol/jrt/Handler
Event: 0.259 Loading class sun/net/www/protocol/jrt/Handler done
Event: 0.276 Loading class sun/text/resources/cldr/FormatData_en
Event: 0.276 Loading class sun/text/resources/cldr/FormatData_en done
Event: 0.277 Loading class sun/text/resources/cldr/FormatData_en_US
Event: 0.277 Loading class sun/text/resources/cldr/FormatData_en_US done

Classes unloaded (0 events):
No events

Classes redefined (0 events):
No events

Internal exceptions (2 events):
Event: 0.198 Thread 0x00007ffb9402b4c0 Exception <a 'java/lang/NoSuchMethodError'{0x00000007524ca038}: 'void java.lang.invoke.DirectMethodHandle$Holder.invokeSpecial(java.lang.Object, java.lang.Object, java.lang.Object)'> (0x00000007524ca038) 
thrown [open/src/hotspot/share/interpreter/linkResolver.cpp, line 772]
Event: 0.247 Thread 0x00007ffb9402b4c0 Exception <a 'java/lang/ClassNotFoundException'{0x0000000752577250}: sun/util/logging/resources/spi/loggingProvider> (0x0000000752577250) 
thrown [open/src/hotspot/share/classfile/systemDictionary.cpp, line 305]

VM Operations (0 events):
No events

Events (20 events):
Event: 0.044 Thread 0x00007ffb94132290 Thread added: 0x00007ffb94132290
Event: 0.044 Protecting memory [0x00007ffb69928000,0x00007ffb6992c000] with protection modes 0
Event: 0.044 Thread 0x00007ffb941337c0 Thread added: 0x00007ffb941337c0
Event: 0.044 Protecting memory [0x00007ffb69828000,0x00007ffb6982c000] with protection modes 0
Event: 0.045 Thread 0x00007ffb941352a0 Thread added: 0x00007ffb941352a0
Event: 0.045 Protecting memory [0x00007ffb69728000,0x00007ffb6972c000] with protection modes 0
Event: 0.045 Thread 0x00007ffb94136730 Thread added: 0x00007ffb94136730
Event: 0.045 Protecting memory [0x00007ffb69628000,0x00007ffb6962c000] with protection modes 0
Event: 0.045 Thread 0x00007ffb94137bb0 Thread added: 0x00007ffb94137bb0
Event: 0.045 Protecting memory [0x00007ffb69528000,0x00007ffb6952c000] with protection modes 0
Event: 0.045 Thread 0x00007ffb941395d0 Thread added: 0x00007ffb941395d0
Event: 0.045 Protecting memory [0x00007ffb69428000,0x00007ffb6942c000] with protection modes 0
Event: 0.045 Thread 0x00007ffb9413ab70 Thread added: 0x00007ffb9413ab70
Event: 0.045 Protecting memory [0x00007ffb69328000,0x00007ffb6932c000] with protection modes 0
Event: 0.057 Thread 0x00007ffb94161670 Thread added: 0x00007ffb94161670
Event: 0.057 Protecting memory [0x00007ffb69228000,0x00007ffb6922c000] with protection modes 0
Event: 0.062 Thread 0x00007ffb94165d50 Thread added: 0x00007ffb94165d50
Event: 0.066 Protecting memory [0x00007ffb69026000,0x00007ffb6902a000] with protection modes 0
Event: 0.229 Thread 0x00007ffb00066ed0 Thread added: 0x00007ffb00066ed0
Event: 0.234 Protecting memory [0x00007ffb68f26000,0x00007ffb68f2a000] with protection modes 0


Dynamic libraries:
746e00000-752800000 rw-p 00000000 00:00 0 
752800000-7ffc00000 ---p 00000000 00:00 0 
7ffc00000-7ffd00000 rw-p 00000000 00:00 0 
7ffd00000-7ffd79000 rw-p 00d3e000 08:09 2097578                          /usr/lib/jvm/jdk-20/lib/server/classes.jsa
7ffd79000-7ffe00000 rw-p 00000000 00:00 0 
7ffe00000-7ffe83000 rw-p 00cbb000 08:09 2097578                          /usr/lib/jvm/jdk-20/lib/server/classes.jsa
7ffe83000-800000000 rw-p 00000000 00:00 0 
556d347d5000-556d347d6000 r-xp 00000000 08:09 2097494                    /usr/lib/jvm/jdk-20/bin/java
556d347d7000-556d347d8000 r--p 00001000 08:09 2097494                    /usr/lib/jvm/jdk-20/bin/java
556d347d8000-556d347d9000 rw-p 00002000 08:09 2097494                    /usr/lib/jvm/jdk-20/bin/java
556d350c9000-556d35110000 rw-p 00000000 00:00 0                          [heap]
7ffae4000000-7ffae4025000 rw-p 00000000 00:00 0 
7ffae4025000-7ffae8000000 ---p 00000000 00:00 0 
7ffaec000000-7ffaec021000 rw-p 00000000 00:00 0 
7ffaec021000-7ffaf0000000 ---p 00000000 00:00 0 
7ffaf0000000-7ffaf0021000 rw-p 00000000 00:00 0 
7ffaf0021000-7ffaf4000000 ---p 00000000 00:00 0 
7ffaf4000000-7ffaf4191000 rw-p 00000000 00:00 0 
7ffaf4191000-7ffaf8000000 ---p 00000000 00:00 0 
7ffaf8000000-7ffaf8021000 rw-p 00000000 00:00 0 
7ffaf8021000-7ffafc000000 ---p 00000000 00:00 0 
7ffafc000000-7ffafc021000 rw-p 00000000 00:00 0 
7ffafc021000-7ffb00000000 ---p 00000000 00:00 0 
7ffb00000000-7ffb0008f000 rw-p 00000000 00:00 0 
7ffb0008f000-7ffb04000000 ---p 00000000 00:00 0 
7ffb04000000-7ffb04021000 rw-p 00000000 00:00 0 
7ffb04021000-7ffb08000000 ---p 00000000 00:00 0 
7ffb08000000-7ffb08021000 rw-p 00000000 00:00 0 
7ffb08021000-7ffb0c000000 ---p 00000000 00:00 0 
7ffb0c000000-7ffb0c021000 rw-p 00000000 00:00 0 
7ffb0c021000-7ffb10000000 ---p 00000000 00:00 0 
7ffb10000000-7ffb10021000 rw-p 00000000 00:00 0 
7ffb10021000-7ffb14000000 ---p 00000000 00:00 0 
7ffb14000000-7ffb14021000 rw-p 00000000 00:00 0 
7ffb14021000-7ffb18000000 ---p 00000000 00:00 0 
7ffb1b000000-7ffb1bc7e000 rw-p 00001000 08:09 2097578                    /usr/lib/jvm/jdk-20/lib/server/classes.jsa
7ffb1bc7e000-7ffb1c000000 ---p 00000000 00:00 0 
7ffb1c000000-7ffb1c020000 rw-p 00000000 00:00 0 
7ffb1c020000-7ffb1c040000 ---p 00000000 00:00 0 
7ffb1c040000-7ffb1c050000 rw-p 00000000 00:00 0 
7ffb1c050000-7ffb5c000000 ---p 00000000 00:00 0 
7ffb5c000000-7ffb5c021000 rw-p 00000000 00:00 0 
7ffb5c021000-7ffb60000000 ---p 00000000 00:00 0 
7ffb60000000-7ffb600d0000 rw-p 00000000 00:00 0 
7ffb600d0000-7ffb60400000 ---p 00000000 00:00 0 
7ffb60400000-7ffb60450000 rw-p 00000000 00:00 0 
7ffb60450000-7ffb64000000 ---p 00000000 00:00 0 
7ffb64000000-7ffb64021000 rw-p 00000000 00:00 0 
7ffb64021000-7ffb68000000 ---p 00000000 00:00 0 
7ffb68920000-7ffb68d0c000 rw-p 00000000 00:00 0 
7ffb68d0c000-7ffb68da5000 r--p 00000000 08:09 655390                     /usr/lib/x86_64-linux-gnu/libstdc++.so.6.0.30
7ffb68da5000-7ffb68ea6000 r-xp 00099000 08:09 655390                     /usr/lib/x86_64-linux-gnu/libstdc++.so.6.0.30
7ffb68ea6000-7ffb68f15000 r--p 0019a000 08:09 655390                     /usr/lib/x86_64-linux-gnu/libstdc++.so.6.0.30
7ffb68f15000-7ffb68f20000 r--p 00209000 08:09 655390                     /usr/lib/x86_64-linux-gnu/libstdc++.so.6.0.30
7ffb68f20000-7ffb68f23000 rw-p 00214000 08:09 655390                     /usr/lib/x86_64-linux-gnu/libstdc++.so.6.0.30
7ffb68f23000-7ffb68f26000 rw-p 00000000 00:00 0 
7ffb68f26000-7ffb68f2a000 ---p 00000000 00:00 0 
7ffb68f2a000-7ffb69026000 rw-p 00000000 00:00 0 
7ffb69026000-7ffb6902a000 ---p 00000000 00:00 0 
7ffb6902a000-7ffb69126000 rw-p 00000000 00:00 0 
7ffb69126000-7ffb69127000 ---p 00000000 00:00 0 
7ffb69127000-7ffb69228000 rw-p 00000000 00:00 0 
7ffb69228000-7ffb6922c000 ---p 00000000 00:00 0 
7ffb6922c000-7ffb69328000 rw-p 00000000 00:00 0 
7ffb69328000-7ffb6932c000 ---p 00000000 00:00 0 
7ffb6932c000-7ffb69428000 rw-p 00000000 00:00 0 
7ffb69428000-7ffb6942c000 ---p 00000000 00:00 0 
7ffb6942c000-7ffb69528000 rw-p 00000000 00:00 0 
7ffb69528000-7ffb6952c000 ---p 00000000 00:00 0 
7ffb6952c000-7ffb69628000 rw-p 00000000 00:00 0 
7ffb69628000-7ffb6962c000 ---p 00000000 00:00 0 
7ffb6962c000-7ffb69728000 rw-p 00000000 00:00 0 
7ffb69728000-7ffb6972c000 ---p 00000000 00:00 0 
7ffb6972c000-7ffb69828000 rw-p 00000000 00:00 0 
7ffb69828000-7ffb6982c000 ---p 00000000 00:00 0 
7ffb6982c000-7ffb69928000 rw-p 00000000 00:00 0 
7ffb69928000-7ffb6992c000 ---p 00000000 00:00 0 
7ffb6992c000-7ffb69a28000 rw-p 00000000 00:00 0 
7ffb69a28000-7ffb69d11000 r--p 00000000 08:09 695504                     /usr/lib/locale/locale-archive
7ffb69d11000-7ffb69d12000 ---p 00000000 00:00 0 
7ffb69d12000-7ffb69e13000 rw-p 00000000 00:00 0 
7ffb69e13000-7ffb69ee1000 r-xp 00000000 08:09 2097587                    /usr/lib/jvm/jdk-20/lib/libjsvml.so
7ffb69ee1000-7ffb69ee2000 r--p 000cd000 08:09 2097587                    /usr/lib/jvm/jdk-20/lib/libjsvml.so
7ffb69ee2000-7ffb69ee3000 rw-p 000ce000 08:09 2097587                    /usr/lib/jvm/jdk-20/lib/libjsvml.so
7ffb69ee3000-7ffb6c000000 rw-p 00000000 00:00 0 
7ffb6c000000-7ffb6c021000 rw-p 00000000 00:00 0 
7ffb6c021000-7ffb70000000 ---p 00000000 00:00 0 
7ffb70000000-7ffb70021000 rw-p 00000000 00:00 0 
7ffb70021000-7ffb74000000 ---p 00000000 00:00 0 
7ffb74000000-7ffb74021000 rw-p 00000000 00:00 0 
7ffb74021000-7ffb78000000 ---p 00000000 00:00 0 
7ffb78007000-7ffb7800a000 r--p 00000000 08:09 656027                     /usr/lib/x86_64-linux-gnu/libgcc_s.so.1
7ffb7800a000-7ffb78021000 r-xp 00003000 08:09 656027                     /usr/lib/x86_64-linux-gnu/libgcc_s.so.1
7ffb78021000-7ffb78025000 r--p 0001a000 08:09 656027                     /usr/lib/x86_64-linux-gnu/libgcc_s.so.1
7ffb78025000-7ffb78026000 r--p 0001d000 08:09 656027                     /usr/lib/x86_64-linux-gnu/libgcc_s.so.1
7ffb78026000-7ffb78027000 rw-p 0001e000 08:09 656027                     /usr/lib/x86_64-linux-gnu/libgcc_s.so.1
7ffb78040000-7ffb78041000 ---p 00000000 00:00 0 
7ffb78041000-7ffb78142000 rw-p 00000000 00:00 0 
7ffb78142000-7ffb78143000 ---p 00000000 00:00 0 
7ffb78143000-7ffb78648000 rw-p 00000000 00:00 0 
7ffb78648000-7ffb78649000 ---p 00000000 00:00 0 
7ffb78649000-7ffb7874a000 rw-p 00000000 00:00 0 
7ffb7874a000-7ffb7874b000 ---p 00000000 00:00 0 
7ffb7874b000-7ffb7884c000 rw-p 00000000 00:00 0 
7ffb7884c000-7ffb7884d000 ---p 00000000 00:00 0 
7ffb7884d000-7ffb78c36000 rw-p 00000000 00:00 0 
7ffb78c36000-7ffb7b786000 ---p 00000000 00:00 0 
7ffb7b786000-7ffb7b7f3000 rw-p 00000000 00:00 0 
7ffb7b7f3000-7ffb7bd5d000 ---p 00000000 00:00 0 
7ffb7bd5d000-7ffb7bdbc000 rw-p 00000000 00:00 0 
7ffb7bdbc000-7ffb7c326000 ---p 00000000 00:00 0 
7ffb7c326000-7ffb7c385000 rw-p 00000000 00:00 0 
7ffb7c385000-7ffb7c8ef000 ---p 00000000 00:00 0 
7ffb7c8ef000-7ffb7ccfa000 rw-p 00000000 00:00 0 
7ffb7ccfa000-7ffb7cde0000 ---p 00000000 00:00 0 
7ffb7cde0000-7ffb7cde5000 rw-p 00000000 00:00 0 
7ffb7cde5000-7ffb7cecb000 ---p 00000000 00:00 0 
7ffb7cecb000-7ffb7d13b000 rwxp 00000000 00:00 0 
7ffb7d13b000-7ffb84402000 ---p 00000000 00:00 0 
7ffb84402000-7ffb84672000 rwxp 00000000 00:00 0 
7ffb84672000-7ffb84993000 ---p 00000000 00:00 0 
7ffb84993000-7ffb84c03000 rwxp 00000000 00:00 0 
7ffb84c03000-7ffb8becb000 ---p 00000000 00:00 0 
7ffb8becb000-7ffb94000000 r--s 00000000 08:09 2097570                    /usr/lib/jvm/jdk-20/lib/modules
7ffb94000000-7ffb94420000 rw-p 00000000 00:00 0 
7ffb94420000-7ffb98000000 ---p 00000000 00:00 0 
7ffb9800b000-7ffb98012000 r--s 00000000 08:09 695612                     /usr/lib/x86_64-linux-gnu/gconv/gconv-modules.cache
7ffb98012000-7ffb98019000 r--p 00000000 08:0a 8653166                    /home/twisted/GradleProjects/Serial4j-v1/serial4j-examples/libs/bin/libserial4j.so
7ffb98019000-7ffb9801c000 r-xp 00007000 08:0a 8653166                    /home/twisted/GradleProjects/Serial4j-v1/serial4j-examples/libs/bin/libserial4j.so
7ffb9801c000-7ffb9801f000 r--p 0000a000 08:0a 8653166                    /home/twisted/GradleProjects/Serial4j-v1/serial4j-examples/libs/bin/libserial4j.so
7ffb9801f000-7ffb98020000 r--p 0000c000 08:0a 8653166                    /home/twisted/GradleProjects/Serial4j-v1/serial4j-examples/libs/bin/libserial4j.so
7ffb98020000-7ffb98021000 rw-p 0000d000 08:0a 8653166                    /home/twisted/GradleProjects/Serial4j-v1/serial4j-examples/libs/bin/libserial4j.so
7ffb98021000-7ffb98028000 r-xp 00000000 08:09 2097600                    /usr/lib/jvm/jdk-20/lib/libzip.so
7ffb98028000-7ffb98029000 ---p 00007000 08:09 2097600                    /usr/lib/jvm/jdk-20/lib/libzip.so
7ffb98029000-7ffb9802a000 r--p 00007000 08:09 2097600                    /usr/lib/jvm/jdk-20/lib/libzip.so
7ffb9802a000-7ffb9802b000 rw-p 00008000 08:09 2097600                    /usr/lib/jvm/jdk-20/lib/libzip.so
7ffb9802b000-7ffb98037000 r-xp 00000000 08:09 2097615                    /usr/lib/jvm/jdk-20/lib/libnet.so
7ffb98037000-7ffb98038000 r--p 0000b000 08:09 2097615                    /usr/lib/jvm/jdk-20/lib/libnet.so
7ffb98038000-7ffb98039000 rw-p 0000c000 08:09 2097615                    /usr/lib/jvm/jdk-20/lib/libnet.so
7ffb98039000-7ffb9804c000 r-xp 00000000 08:09 2097623                    /usr/lib/jvm/jdk-20/lib/libnio.so
7ffb9804c000-7ffb9804d000 ---p 00013000 08:09 2097623                    /usr/lib/jvm/jdk-20/lib/libnio.so
7ffb9804d000-7ffb9804e000 r--p 00013000 08:09 2097623                    /usr/lib/jvm/jdk-20/lib/libnio.so
7ffb9804e000-7ffb9804f000 rw-p 00014000 08:09 2097623                    /usr/lib/jvm/jdk-20/lib/libnio.so
7ffb9804f000-7ffb98081000 rw-p 00000000 00:00 0 
7ffb98081000-7ffb980a7000 r-xp 00000000 08:09 2097594                    /usr/lib/jvm/jdk-20/lib/libjava.so
7ffb980a7000-7ffb980a8000 ---p 00026000 08:09 2097594                    /usr/lib/jvm/jdk-20/lib/libjava.so
7ffb980a8000-7ffb980a9000 r--p 00026000 08:09 2097594                    /usr/lib/jvm/jdk-20/lib/libjava.so
7ffb980a9000-7ffb980aa000 rw-p 00027000 08:09 2097594                    /usr/lib/jvm/jdk-20/lib/libjava.so
7ffb980aa000-7ffb980ab000 rw-p 00000000 00:00 0 
7ffb980ab000-7ffb980c6000 r-xp 00000000 08:09 2097608                    /usr/lib/jvm/jdk-20/lib/libjimage.so
7ffb980c6000-7ffb980c7000 ---p 0001b000 08:09 2097608                    /usr/lib/jvm/jdk-20/lib/libjimage.so
7ffb980c7000-7ffb980c9000 r--p 0001b000 08:09 2097608                    /usr/lib/jvm/jdk-20/lib/libjimage.so
7ffb980c9000-7ffb980ca000 rw-p 0001d000 08:09 2097608                    /usr/lib/jvm/jdk-20/lib/libjimage.so
7ffb980ca000-7ffb980ce000 ---p 00000000 00:00 0 
7ffb980ce000-7ffb981ca000 rw-p 00000000 00:00 0 
7ffb981ca000-7ffb981da000 r--p 00000000 08:09 685883                     /usr/lib/x86_64-linux-gnu/libm.so.6
7ffb981da000-7ffb9824d000 r-xp 00010000 08:09 685883                     /usr/lib/x86_64-linux-gnu/libm.so.6
7ffb9824d000-7ffb982a7000 r--p 00083000 08:09 685883                     /usr/lib/x86_64-linux-gnu/libm.so.6
7ffb982a7000-7ffb982a8000 r--p 000dc000 08:09 685883                     /usr/lib/x86_64-linux-gnu/libm.so.6
7ffb982a8000-7ffb982a9000 rw-p 000dd000 08:09 685883                     /usr/lib/x86_64-linux-gnu/libm.so.6
7ffb982a9000-7ffb982aa000 r--p 00000000 08:09 685894                     /usr/lib/x86_64-linux-gnu/librt.so.1
7ffb982aa000-7ffb982ab000 r-xp 00001000 08:09 685894                     /usr/lib/x86_64-linux-gnu/librt.so.1
7ffb982ab000-7ffb982ac000 r--p 00002000 08:09 685894                     /usr/lib/x86_64-linux-gnu/librt.so.1
7ffb982ac000-7ffb982ad000 r--p 00002000 08:09 685894                     /usr/lib/x86_64-linux-gnu/librt.so.1
7ffb982ad000-7ffb982ae000 rw-p 00003000 08:09 685894                     /usr/lib/x86_64-linux-gnu/librt.so.1
7ffb982ae000-7ffb994cc000 r-xp 00000000 08:09 2097579                    /usr/lib/jvm/jdk-20/lib/server/libjvm.so
7ffb994cc000-7ffb99596000 r--p 0121d000 08:09 2097579                    /usr/lib/jvm/jdk-20/lib/server/libjvm.so
7ffb99596000-7ffb995cb000 rw-p 012e7000 08:09 2097579                    /usr/lib/jvm/jdk-20/lib/server/libjvm.so
7ffb995cb000-7ffb9962e000 rw-p 00000000 00:00 0 
7ffb9962e000-7ffb99654000 r--p 00000000 08:09 685880                     /usr/lib/x86_64-linux-gnu/libc.so.6
7ffb99654000-7ffb997a9000 r-xp 00026000 08:09 685880                     /usr/lib/x86_64-linux-gnu/libc.so.6
7ffb997a9000-7ffb997fc000 r--p 0017b000 08:09 685880                     /usr/lib/x86_64-linux-gnu/libc.so.6
7ffb997fc000-7ffb99800000 r--p 001ce000 08:09 685880                     /usr/lib/x86_64-linux-gnu/libc.so.6
7ffb99800000-7ffb99802000 rw-p 001d2000 08:09 685880                     /usr/lib/x86_64-linux-gnu/libc.so.6
7ffb99802000-7ffb9980f000 rw-p 00000000 00:00 0 
7ffb9980f000-7ffb99810000 r--p 00000000 08:09 685882                     /usr/lib/x86_64-linux-gnu/libdl.so.2
7ffb99810000-7ffb99811000 r-xp 00001000 08:09 685882                     /usr/lib/x86_64-linux-gnu/libdl.so.2
7ffb99811000-7ffb99812000 r--p 00002000 08:09 685882                     /usr/lib/x86_64-linux-gnu/libdl.so.2
7ffb99812000-7ffb99813000 r--p 00002000 08:09 685882                     /usr/lib/x86_64-linux-gnu/libdl.so.2
7ffb99813000-7ffb99814000 rw-p 00003000 08:09 685882                     /usr/lib/x86_64-linux-gnu/libdl.so.2
7ffb99814000-7ffb99815000 r--p 00000000 08:09 685892                     /usr/lib/x86_64-linux-gnu/libpthread.so.0
7ffb99815000-7ffb99816000 r-xp 00001000 08:09 685892                     /usr/lib/x86_64-linux-gnu/libpthread.so.0
7ffb99816000-7ffb99817000 r--p 00002000 08:09 685892                     /usr/lib/x86_64-linux-gnu/libpthread.so.0
7ffb99817000-7ffb99818000 r--p 00002000 08:09 685892                     /usr/lib/x86_64-linux-gnu/libpthread.so.0
7ffb99818000-7ffb99819000 rw-p 00003000 08:09 685892                     /usr/lib/x86_64-linux-gnu/libpthread.so.0
7ffb99819000-7ffb99827000 r-xp 00000000 08:09 2097584                    /usr/lib/jvm/jdk-20/lib/libjli.so
7ffb99827000-7ffb99828000 ---p 0000e000 08:09 2097584                    /usr/lib/jvm/jdk-20/lib/libjli.so
7ffb99828000-7ffb99829000 r--p 0000e000 08:09 2097584                    /usr/lib/jvm/jdk-20/lib/libjli.so
7ffb99829000-7ffb9982a000 rw-p 0000f000 08:09 2097584                    /usr/lib/jvm/jdk-20/lib/libjli.so
7ffb9982a000-7ffb9982d000 r--p 00000000 08:09 657587                     /usr/lib/x86_64-linux-gnu/libz.so.1.2.11
7ffb9982d000-7ffb9983e000 r-xp 00003000 08:09 657587                     /usr/lib/x86_64-linux-gnu/libz.so.1.2.11
7ffb9983e000-7ffb99844000 r--p 00014000 08:09 657587                     /usr/lib/x86_64-linux-gnu/libz.so.1.2.11
7ffb99844000-7ffb99845000 ---p 0001a000 08:09 657587                     /usr/lib/x86_64-linux-gnu/libz.so.1.2.11
7ffb99845000-7ffb99846000 r--p 0001a000 08:09 657587                     /usr/lib/x86_64-linux-gnu/libz.so.1.2.11
7ffb99846000-7ffb99847000 rw-p 0001b000 08:09 657587                     /usr/lib/x86_64-linux-gnu/libz.so.1.2.11
7ffb99849000-7ffb9984e000 rw-p 00000000 00:00 0 
7ffb9984e000-7ffb99855000 ---p 00000000 00:00 0 
7ffb99855000-7ffb9985d000 rw-s 00000000 08:09 3146943                    /tmp/hsperfdata_pavl-machine/31587
7ffb9985d000-7ffb9985e000 ---p 00000000 00:00 0 
7ffb9985e000-7ffb9985f000 r--p 00000000 00:00 0 
7ffb9985f000-7ffb99860000 ---p 00000000 00:00 0 
7ffb99860000-7ffb99862000 rw-p 00000000 00:00 0 
7ffb99862000-7ffb99863000 r--p 00000000 08:09 685876                     /usr/lib/x86_64-linux-gnu/ld-linux-x86-64.so.2
7ffb99863000-7ffb99888000 r-xp 00001000 08:09 685876                     /usr/lib/x86_64-linux-gnu/ld-linux-x86-64.so.2
7ffb99888000-7ffb99892000 r--p 00026000 08:09 685876                     /usr/lib/x86_64-linux-gnu/ld-linux-x86-64.so.2
7ffb99892000-7ffb99894000 r--p 00030000 08:09 685876                     /usr/lib/x86_64-linux-gnu/ld-linux-x86-64.so.2
7ffb99894000-7ffb99896000 rw-p 00032000 08:09 685876                     /usr/lib/x86_64-linux-gnu/ld-linux-x86-64.so.2
7ffec827d000-7ffec82a0000 rw-p 00000000 00:00 0                          [stack]
7ffec83a7000-7ffec83ab000 r--p 00000000 00:00 0                          [vvar]
7ffec83ab000-7ffec83ad000 r-xp 00000000 00:00 0                          [vdso]


VM Arguments:
jvm_args: -Dfile.encoding=UTF-8 -Duser.country=US -Duser.language=en -Duser.variant 
java_command: com.serial4j.example.serial4j.HelloNativeSerial4J
java_class_path (initial): /home/twisted/GradleProjects/Serial4j-v1/serial4j-examples/build/classes/java/main:/home/twisted/GradleProjects/Serial4j-v1/serial4j-examples/build/resources/main:/home/twisted/GradleProjects/Serial4j-v1/serial4j/build/libs/serial4j.jar:/home/twisted/GradleProjects/Serial4j-v1/serial4j-native/build/libs/serial4j-native-linux.jar:/home/pavl-machine/.gradle/caches/modules-2/files-2.1/io.github.software-hardware-codesign/snaploader/1.0.0-alpha/1aaee58e923a960599a5fe10089d8bc3489984ce/snaploader-1.0.0-alpha.jar:/home/pavl-machine/.gradle/caches/modules-2/files-2.1/org.jmonkeyengine/jme3-desktop/3.6.0-stable/3ba320405e5700db27c6a21a3f77a56e1d05ba7a/jme3-desktop-3.6.0-stable.jar:/home/pavl-machine/.gradle/caches/modules-2/files-2.1/org.jmonkeyengine/jme3-lwjgl3/3.6.0-stable/b1560dc3b74d50ebfdb9afe617b94c3f195cf1b3/jme3-lwjgl3-3.6.0-stable.jar:/home/pavl-machine/.gradle/caches/modules-2/files-2.1/com.github.stephengold/Minie/7.4.0/eaeb7b28b776dd3ef99a09afc98fd59d22ced929/Minie-7.4.0.jar:/home/pavl-machine/.gradle/caches/modules-2/files-2.1/com.github.stephengold/Heart/8.3.2/2a3a4b3f4f39bcf4f43ce687976b66878bd2856d/Heart-8.3.2.jar:/home/pavl-machine/.gradle/caches/modules-2/files-2.1/com.simsilica/sim-math/1.6.0/6a93c1b12f0c990a86f3f60cb401076a53f71b3/sim-math-1.6.0.jar:/home/pavl-machine/.gradle/caches/modules-2/files-2.1/org.jmonkeyengine/jme3-terrain/3.6.0-stable/6ab3c428c4fba53be24658008c54fbf788ef83f3/jme3-terrain-3.6.0-stable.jar:/home/pavl-machine/.gradle/caches/modules-2/files-2.1/org.jmonkeyengine/jme3-core/3.6.0-stable/4ec2e1cd3cc60d0f1facc78c273dbb4ad13ceca4/jme3-core-3.6.0-stable.jar:/home/pavl-machine/.gradle/caches/modules-2/files-2.1/org.lwjgl/lwjgl-glfw/3.3.1/cbac1b8d30cb4795149c1ef540f912671a8616d0/lwjgl-glfw-3.3.1.jar:/home/pavl-machine/.gradle/caches/modules-2/files-2.1/org.lwjgl/lwjgl-glfw/3.3.1/ed892f945cf7e79c8756796f32d00fa4ceaf573b/lwjgl-glfw-3.3.1-natives-windows.jar:/home/pavl-machine/.gradle/caches/modules-2/files-2.1/org.lwjgl/lwjgl-glfw/3.3.1/b997e3391d6ce8f05487e7335d95c606043884a1/lwjgl-glfw-3.3.1-natives-windows-x86.jar:/home/pavl-machine/.gradle/caches/modules-2/files-2.1/org.lwjgl/lwjgl-glfw/3.3.1/81716978214ecbda15050ca394b06ef61501a49e/lwjgl-glfw-3.3.1-natives-linux.jar:/home/pavl-machine/.gradle/caches/modules-2/files-2.1/org.lwjgl/lwjgl-glfw/3.3.1/816d935933f2dd743074c4e717cc25b55720f294/lwjgl-glfw-3.3.1-natives-linux-arm32.jar:/home/pavl-machine/.gradle/caches/modules-2/files-2.1/org.lwjgl/lwjgl-glfw/3.3.1/513eb39b866d0fe131a18d5c517087805433b029/lwjgl-glfw-3.3.1-natives-linux-arm64.jar:/home/pavl-machine/.gradle/caches/modules-2/files-2.1/org.lwjgl/lwjgl-glfw/3.3.1/9ec4ce1fc8c85fdef03ef4ff2aace6f5775fb280/lwjgl-glfw-3.3.1-natives-macos.jar:/home/pavl-machine/.gradle/caches/modules-2/files-2.1/org.lwjgl/lwjgl-glfw/3.3.1/cac0d3f712a3da7641fa174735a5f315de7ffe0a/lwjgl-glfw-3.3.1-natives-macos-arm64.jar:/home/pavl-machine/.gradle/caches/modules-2/files-2.1/org.lwjgl/lwjgl-jemalloc/3.3.1/a817bcf213db49f710603677457567c37d53e103/lwjgl-jemalloc-3.3.1.jar:/home/pavl-machine/.gradle/caches/modules-2/files-2.1/org.lwjgl/lwjgl-jemalloc/3.3.1/948a89b76a16aa324b046ae9308891216ffce5f9/lwjgl-jemalloc-3.3.1-natives-windows.jar:/home/pavl-machine/.gradle/caches/modules-2/files-2.1/org.lwjgl/lwjgl-jemalloc/3.3.1/fb476c8ec110e1c137ad3ce8a7f7bfe6b11c6324/lwjgl-jemalloc-3.3.1-natives-windows-x86.jar:/home/pavl-machine/.gradle/caches/modules-2/files-2.1/org.lwjgl/lwjgl-jemalloc/3.3.1/33dbb017b6ed6b25f993ad9d56741a49e7937718/lwjgl-jemalloc-3.3.1-natives-linux.jar:/home/pavl-machine/.gradle/caches/modules-2/files-2.1/org.lwjgl/lwjgl-jemalloc/3.3.1/a96a6d6cb3876d7813fcee53c3c24f246aeba3b3/lwjgl-jemalloc-3.3.1-natives-linux-arm32.jar:/home/pavl-machine/.gradle/caches/modules-2/files-2.1/org.lwjgl/lwjgl-jemalloc/3.3.1/c6606e57db075ad218a2e78d2416c159a53b6a0c/lwjgl-jemalloc-3.3.1-natives-linux-arm64.jar:/home/pavl-machine/.gradle/caches/modules-2/files-2.1/org.lwjgl/lwjgl-jemalloc/3.3.1/56424dc8db3cfb8e7b594aa6d59a4f4387b7f544/lwjgl-jemalloc-3.3.1-natives-macos.jar:/home/pavl-machine/.gradle/caches/modules-2/files-2.1/org.lwjgl/lwjgl-jemalloc/3.3.1/e577b87d8ad2ade361aaea2fcf226c660b15dee8/lwjgl-jemalloc-3.3.1-natives-macos-arm64.jar:/home/pavl-machine/.gradle/caches/modules-2/files-2.1/org.lwjgl/lwjgl-openal/3.3.1/2623a6b8ae1dfcd880738656a9f0243d2e6840bd/lwjgl-openal-3.3.1.jar:/home/pavl-machine/.gradle/caches/modules-2/files-2.1/org.lwjgl/lwjgl-openal/3.3.1/30a474d0e57193d7bc128849a3ab66bc9316fdb1/lwjgl-openal-3.3.1-natives-windows.jar:/home/pavl-machine/.gradle/caches/modules-2/files-2.1/org.lwjgl/lwjgl-openal/3.3.1/888349f7b1be6fbae58bf8edfb9ef12def04c4e3/lwjgl-openal-3.3.1-natives-windows-x86.jar:/home/pavl-machine/.gradle/caches/modules-2/files-2.1/org.lwjgl/lwjgl-openal/3.3.1/f906b6439f6daa66001182ea7727e3467a93681b/lwjgl-openal-3.3.1-natives-linux.jar:/home/pavl-machine/.gradle/caches/modules-2/files-2.1/org.lwjgl/lwjgl-openal/3.3.1/ffbe35d7fa5ec9b7eca136a7c71f24d4025a510b/lwjgl-openal-3.3.1-natives-linux-arm32.jar:/home/pavl-machine/.gradle/caches/modules-2/files-2.1/org.lwjgl/lwjgl-openal/3.3.1/cf4e303257e82981b8b2e31bba3d7f8f7b8f42b2/lwjgl-openal-3.3.1-natives-linux-arm64.jar:/home/pavl-machine/.gradle/caches/modules-2/files-2.1/org.lwjgl/lwjgl-openal/3.3.1/3a57b8911835fb58b5e558d0ca0d28157e263d45/lwjgl-openal-3.3.1-natives-macos.jar:/home/pavl-machine/.gradle/caches/modules-2/files-2.1/org.lwjgl/lwjgl-openal/3.3.1/23d55e7490b57495320f6c9e1936d78fd72c4ef8/lwjgl-openal-3.3.1-natives-macos-arm64.jar:/home/pavl-machine/.gradle/caches/modules-2/files-2.1/org.lwjgl/lwjgl-opencl/3.3.1/8e9b00d310ef80ec4343ed709efb2ae77386014d/lwjgl-opencl-3.3.1.jar:/home/pavl-machine/.gradle/caches/modules-2/files-2.1/org.lwjgl/lwjgl-opengl/3.3.1/831a5533a21a5f4f81bbc51bb13e9899319b5411/lwjgl-opengl-3.3.1.jar:/home/pavl-machine/.gradle/caches/modules-2/files-2.1/org.lwjgl/lwjgl-opengl/3.3.1/c1807e9bd571402787d7e37e3029776ae2513bb8/lwjgl-opengl-3.3.1-natives-windows.jar:/home/pavl-machine/.gradle/caches/modules-2/files-2.1/org.lwjgl/lwjgl-opengl/3.3.1/deef3eb9b178ff2ff3ce893cc72ae741c3a17974/lwjgl-opengl-3.3.1-natives-windows-x86.jar:/home/pavl-machine/.gradle/caches/modules-2/files-2.1/org.lwjgl/lwjgl-opengl/3.3.1/ab9ab6fde3743e3550fa5d46d785ecb45b047d99/lwjgl-opengl-3.3.1-natives-linux.jar:/home/pavl-machine/.gradle/caches/modules-2/files-2.1/org.lwjgl/lwjgl-opengl/3.3.1/e3550fa91097fd56e361b4370fa822220fef3595/lwjgl-opengl-3.3.1-natives-linux-arm32.jar:/home/pavl-machine/.gradle/caches/modules-2/files-2.1/org.lwjgl/lwjgl-opengl/3.3.1/1c528fb258a6e63e8fceb4482d8db0f3af10a634/lwjgl-opengl-3.3.1-natives-linux-arm64.jar:/home/pavl-machine/.gradle/caches/modules-2/files-2.1/org.lwjgl/lwjgl-opengl/3.3.1/a0d12697ea019a7362eff26475b0531340e876a6/lwjgl-opengl-3.3.1-natives-macos.jar:/home/pavl-machine/.gradle/caches/modules-2/files-2.1/org.lwjgl/lwjgl-opengl/3.3.1/eafe34b871d966292e8db0f1f3d6b8b110d4e91d/lwjgl-opengl-3.3.1-natives-macos-arm64.jar:/home/pavl-machine/.gradle/caches/modules-2/files-2.1/org.lwjgl/lwjgl/3.3.1/ae58664f88e18a9bb2c77b063833ca7aaec484cb/lwjgl-3.3.1.jar:/home/pavl-machine/.gradle/caches/modules-2/files-2.1/org.lwjgl/lwjgl/3.3.1/36c37f16ab611b3aa11f3bcf80b1d509b4ce6b/lwjgl-3.3.1-natives-windows.jar:/home/pavl-machine/.gradle/caches/modules-2/files-2.1/org.lwjgl/lwjgl/3.3.1/3b14f4beae9dd39791ec9e12190a9380cd8a3ce6/lwjgl-3.3.1-natives-windows-x86.jar:/home/pavl-machine/.gradle/caches/modules-2/files-2.1/org.lwjgl/lwjgl/3.3.1/1de885aba434f934201b99f2f1afb142036ac189/lwjgl-3.3.1-natives-linux.jar:/home/pavl-machine/.gradle/caches/modules-2/files-2.1/org.lwjgl/lwjgl/3.3.1/41a3c1dd15d6b964eb8196dde69720a3e3e5e969/lwjgl-3.3.1-natives-linux-arm32.jar:/home/pavl-machine/.gradle/caches/modules-2/files-2.1/org.lwjgl/lwjgl/3.3.1/b597401014acb7196c76d97e15a6288f54f1f692/lwjgl-3.3.1-natives-linux-arm64.jar:/home/pavl-machine/.gradle/caches/modules-2/files-2.1/org.lwjgl/lwjgl/3.3.1/fc6bb723dec2cd031557dccb2a95f0ab80acb9db/lwjgl-3.3.1-natives-macos.jar:/home/pavl-machine/.gradle/caches/modules-2/files-2.1/org.lwjgl/lwjgl/3.3.1/71d0d5e469c9c95351eb949064497e3391616ac9/lwjgl-3.3.1-natives-macos-arm64.jar:/home/pavl-machine/.gradle/caches/modules-2/files-2.1/org.slf4j/slf4j-api/1.7.32/cdcff33940d9f2de763bc41ea05a0be5941176c3/slf4j-api-1.7.32.jar
Launcher Type: SUN_STANDARD

[Global flags]
     intx CICompilerCount                          = 3                                         {product} {ergonomic}
     uint ConcGCThreads                            = 1                                         {product} {ergonomic}
     uint G1ConcRefinementThreads                  = 4                                         {product} {ergonomic}
   size_t G1HeapRegionSize                         = 2097152                                   {product} {ergonomic}
    uintx GCDrainStackTargetSize                   = 64                                        {product} {ergonomic}
   size_t InitialHeapSize                          = 195035136                                 {product} {ergonomic}
   size_t MarkStackSize                            = 4194304                                   {product} {ergonomic}
   size_t MaxHeapSize                              = 3105882112                                {product} {ergonomic}
   size_t MaxNewSize                               = 1862270976                                {product} {ergonomic}
   size_t MinHeapDeltaBytes                        = 2097152                                   {product} {ergonomic}
   size_t MinHeapSize                              = 8388608                                   {product} {ergonomic}
    uintx NonNMethodCodeHeapSize                   = 5832780                                {pd product} {ergonomic}
    uintx NonProfiledCodeHeapSize                  = 122912730                              {pd product} {ergonomic}
    uintx ProfiledCodeHeapSize                     = 122912730                              {pd product} {ergonomic}
    uintx ReservedCodeCacheSize                    = 251658240                              {pd product} {ergonomic}
     bool SegmentedCodeCache                       = true                                      {product} {ergonomic}
   size_t SoftMaxHeapSize                          = 3105882112                             {manageable} {ergonomic}
     bool UseCompressedClassPointers               = true                           {product lp64_product} {ergonomic}
     bool UseCompressedOops                        = true                           {product lp64_product} {ergonomic}
     bool UseG1GC                                  = true                                      {product} {ergonomic}

Logging:
Log output configuration:
 #0: stdout all=warning uptime,level,tags foldmultilines=false
 #1: stderr all=off uptime,level,tags foldmultilines=false

Environment Variables:
PATH=/home/pavl-machine/.sdkman/candidates/gradle/current/bin:/home/pavl-machine/.local/bin:/snap/bin:/usr/sandbox/:/usr/local/bin:/usr/bin:/bin:/usr/local/games:/usr/games:/usr/share/games:/usr/local/sbin:/usr/sbin:/sbin:/usr/local/bin:/usr/bin:/bin:/usr/local/games:/usr/games
SHELL=/bin/bash
DISPLAY=:0
LANG=en_US.UTF-8
TERM=xterm-256color

Active Locale:
LC_ALL=en_US.UTF-8
LC_COLLATE=en_US.UTF-8
LC_CTYPE=en_US.UTF-8
LC_MESSAGES=en_US.UTF-8
LC_MONETARY=en_US.UTF-8
LC_NUMERIC=en_US.UTF-8
LC_TIME=en_US.UTF-8

Signal Handlers:
   SIGSEGV: crash_handler in libjvm.so, mask=11100100010111111101111111111110, flags=SA_RESTART|SA_SIGINFO, unblocked
    SIGBUS: crash_handler in libjvm.so, mask=11100100010111111101111111111110, flags=SA_RESTART|SA_SIGINFO, unblocked
    SIGFPE: crash_handler in libjvm.so, mask=11100100010111111101111111111110, flags=SA_RESTART|SA_SIGINFO, unblocked
   SIGPIPE: javaSignalHandler in libjvm.so, mask=11100100010111111101111111111110, flags=SA_RESTART|SA_SIGINFO, blocked
   SIGXFSZ: javaSignalHandler in libjvm.so, mask=11100100010111111101111111111110, flags=SA_RESTART|SA_SIGINFO, blocked
    SIGILL: crash_handler in libjvm.so, mask=11100100010111111101111111111110, flags=SA_RESTART|SA_SIGINFO, unblocked
   SIGUSR2: SR_handler in libjvm.so, mask=00000000000000000000000000000000, flags=SA_RESTART|SA_SIGINFO, blocked
    SIGHUP: UserHandler in libjvm.so, mask=11100100010111111101111111111110, flags=SA_RESTART|SA_SIGINFO, blocked
    SIGINT: UserHandler in libjvm.so, mask=11100100010111111101111111111110, flags=SA_RESTART|SA_SIGINFO, blocked
   SIGTERM: UserHandler in libjvm.so, mask=11100100010111111101111111111110, flags=SA_RESTART|SA_SIGINFO, blocked
   SIGQUIT: UserHandler in libjvm.so, mask=11100100010111111101111111111110, flags=SA_RESTART|SA_SIGINFO, blocked
   SIGTRAP: crash_handler in libjvm.so, mask=11100100010111111101111111111110, flags=SA_RESTART|SA_SIGINFO, unblocked


---------------  S Y S T E M  ---------------

OS:
PRETTY_NAME="Debian GNU/Linux 11 (bullseye)"
NAME="Debian GNU/Linux"
VERSION_ID="11"
VERSION="11 (bullseye)"
VERSION_CODENAME=bullseye
ID=debian
HOME_URL="https://www.debian.org/"
SUPPORT_URL="https://www.debian.org/support"
BUG_REPORT_URL="https://bugs.debian.org/"
uname: Linux 5.10.0-18-amd64 #1 SMP Debian 5.10.140-1 (2022-09-02) x86_64
OS uptime: 1 days 10:14 hours
libc: glibc 2.36 NPTL 2.36 
rlimit (soft/hard): STACK 8192k/infinity , CORE 0k/infinity , NPROC 47189/47189 , NOFILE 1048576/1048576 , AS infinity/infinity , CPU infinity/infinity , DATA infinity/infinity , FSIZE infinity/infinity , MEMLOCK 1515922k/1515922k
load average: 2.44 1.44 1.41

/proc/meminfo:
MemTotal:       12127380 kB
MemFree:         3421128 kB
MemAvailable:    5871804 kB
Buffers:          245020 kB
Cached:          2639492 kB
SwapCached:            0 kB
Active:           976328 kB
Inactive:        7262028 kB
Active(anon):       1840 kB
Inactive(anon):  5599428 kB
Active(file):     974488 kB
Inactive(file):  1662600 kB
Unevictable:      145776 kB
Mlocked:              80 kB
SwapTotal:       6836220 kB
SwapFree:        6836220 kB
Dirty:             10968 kB
Writeback:             0 kB
AnonPages:       5033284 kB
Mapped:          1232368 kB
Shmem:            247424 kB
KReclaimable:     104020 kB
Slab:             185148 kB
SReclaimable:     104020 kB
SUnreclaim:        81128 kB
KernelStack:       13344 kB
PageTables:        32340 kB
NFS_Unstable:          0 kB
Bounce:                0 kB
WritebackTmp:          0 kB
CommitLimit:    12899908 kB
Committed_AS:    8705740 kB
VmallocTotal:   34359738367 kB
VmallocUsed:       46640 kB
VmallocChunk:          0 kB
Percpu:             3584 kB
HardwareCorrupted:     0 kB
AnonHugePages:   1755136 kB
ShmemHugePages:        0 kB
ShmemPmdMapped:        0 kB
FileHugePages:         0 kB
FilePmdMapped:         0 kB
HugePages_Total:       0
HugePages_Free:        0
HugePages_Rsvd:        0
HugePages_Surp:        0
Hugepagesize:       2048 kB
Hugetlb:               0 kB
DirectMap4k:      309524 kB
DirectMap2M:    10039296 kB
DirectMap1G:     3145728 kB

/sys/kernel/mm/transparent_hugepage/enabled: [always] madvise never
/sys/kernel/mm/transparent_hugepage/defrag (defrag/compaction efforts parameter): always defer defer+madvise [madvise] never

Process Memory:
Virtual Size: 5883632K (peak: 5942784K)
Resident Set Size: 53976K (peak: 53976K) (anon: 31988K, file: 21988K, shmem: 0K)
Swapped out: 0K
C-Heap outstanding allocations: 19863K, retained: 2192K
glibc malloc tunables: (default)

/proc/sys/kernel/threads-max (system-wide limit on the number of threads): 94378
/proc/sys/vm/max_map_count (maximum number of memory map areas a process may have): 65530
/proc/sys/kernel/pid_max (system-wide limit on number of process identifiers): 4194304

container (cgroup) information:
container_type: cgroupv2
cpu_cpuset_cpus: not supported
cpu_memory_nodes: not supported
active_processor_count: 4
cpu_quota: not supported
cpu_period: not supported
cpu_shares: not supported
memory_limit_in_bytes: unlimited
memory_and_swap_limit_in_bytes: unlimited
memory_soft_limit_in_bytes: unlimited
memory_usage_in_bytes: 7094104 k
memory_max_usage_in_bytes: not supported
memory_swap_current_in_bytes: unlimited
memory_swap_max_limit_in_bytes: unlimited
maximum number of tasks: unlimited
current number of tasks: 508

Steal ticks since vm start: 0
Steal ticks percentage since vm start:  0.000

CPU: total 4 (initial active 4) (2 cores per cpu, 2 threads per core) family 6 model 142 stepping 9 microcode 0x8e, cx8, cmov, fxsr, ht, mmx, 3dnowpref, sse, sse2, sse3, ssse3, sse4.1, sse4.2, popcnt, lzcnt, tsc, tscinvbit, avx, avx2, aes, erms, clmul, bmi1, bmi2, adx, fma, vzeroupper, clflush, clflushopt, rdtscp, f16c
CPU Model and flags from /proc/cpuinfo:
model name	: Intel(R) Core(TM) i3-7020U CPU @ 2.30GHz
flags		: fpu vme de pse tsc msr pae mce cx8 apic sep mtrr pge mca cmov pat pse36 clflush dts acpi mmx fxsr sse sse2 ss ht tm pbe syscall nx pdpe1gb rdtscp lm constant_tsc art arch_perfmon pebs bts rep_good nopl xtopology nonstop_tsc cpuid aperfmperf pni pclmulqdq dtes64 monitor ds_cpl vmx est tm2 ssse3 sdbg fma cx16 xtpr pdcm pcid sse4_1 sse4_2 x2apic movbe popcnt tsc_deadline_timer aes xsave avx f16c rdrand lahf_lm abm 3dnowprefetch cpuid_fault epb invpcid_single pti ssbd ibrs ibpb stibp tpr_shadow vnmi flexpriority ept vpid ept_ad fsgsbase tsc_adjust bmi1 avx2 smep bmi2 erms invpcid mpx rdseed adx smap clflushopt intel_pt xsaveopt xsavec xgetbv1 xsaves dtherm arat pln pts hwp hwp_notify hwp_act_window hwp_epp flush_l1d

Online cpus: 0-3
Offline cpus: 
BIOS frequency limitation: <Not Available>
Frequency switch latency (ns): 0
Available cpu frequencies: <Not Available>
Current governor: powersave
Core performance/turbo boost: <Not Available>

Memory: 4k page, physical 12127380k(3421344k free), swap 6836220k(6836220k free)
Page Sizes: 4k

vm_info: Java HotSpot(TM) 64-Bit Server VM (20.0.2+9-78) for linux-amd64 JRE (20.0.2+9-78), built on 2023-06-14T10:08:48Z by "mach5one" with gcc 11.2.0

END.
